Traceback (most recent call last):
  File "expt_internet_ad.py", line 13, in <module>
    from mysvm import ersvm, ersvmh, enusvm, rampsvm, svmutil
  File "/home/shuhei_fujiwara/robust-svm/mysvm/ersvm.py", line 5, in <module>
    import cplex
ImportError: No module named cplex
Traceback (most recent call last):
  File "expt_internet_ad.py", line 13, in <module>
    from mysvm import ersvm, ersvmh, enusvm, rampsvm, svmutil
  File "/home/shuhei_fujiwara/robust-svm/mysvm/ersvm.py", line 5, in <module>
    import cplex
ImportError: No module named cplex
Traceback (most recent call last):
  File "expt_w6a.py", line 14, in <module>
    from mysvm import ersvm, ersvmh, enusvm, rampsvm, svmutil
  File "/home/shuhei_fujiwara/robust-svm/mysvm/ersvm.py", line 5, in <module>
    import cplex
ImportError: No module named cplex
Traceback (most recent call last):
  File "expt.py", line 96, in <module>
    raise ValueError("{} is invalid value as OUTLIER_METHOD".format(OUTLIER_METHOD))
ValueError: another_classs is invalid value as OUTLIER_METHOD
