2016-04-04 01:58:19,713 - __main__ - INFO - info test
2016-04-04 01:58:21,255 - __main__ - INFO - Train ramp loss SVM (C, ratio, trial): 625.0
2016-04-04 01:58:21,360 - __main__ - INFO - time: 0.103690862656
2016-04-04 01:58:21,675 - __main__ - INFO - Train ER-SVM with DCA (nu, ratio, trial): (0.90000000000000002, 0.0, 0)
2016-04-04 01:58:22,882 - __main__ - INFO - time: 1.20590591431
2016-04-04 01:58:23,181 - __main__ - INFO - Train Enu-SVM (nu, ratio, trial): (0.90000000000000002, 0.0, 0)
2016-04-04 01:58:24,224 - __main__ - INFO - time: 1.02519798279
2016-04-04 01:58:24,525 - __main__ - INFO - Train ER-SVM with Heuristics (nu, ratio, trial): (0.90000000000000002, 0.0, 0)
2016-04-04 01:58:26,042 - __main__ - INFO - time: 1.51658010483
2016-04-04 01:58:26,306 - __main__ - INFO - Train ramp loss SVM (C, ratio, trial): 125.0
2016-04-04 01:58:26,372 - __main__ - INFO - time: 0.0648040771484
2016-04-04 01:58:26,642 - __main__ - INFO - Train ER-SVM with DCA (nu, ratio, trial): (0.80000000000000004, 0.0, 0)
2016-04-04 01:58:27,781 - __main__ - INFO - time: 1.12957191467
2016-04-04 01:58:28,126 - __main__ - INFO - Train Enu-SVM (nu, ratio, trial): (0.80000000000000004, 0.0, 0)
2016-04-04 01:58:29,024 - __main__ - INFO - time: 0.88135099411
2016-04-04 01:58:29,286 - __main__ - INFO - Train ER-SVM with Heuristics (nu, ratio, trial): (0.80000000000000004, 0.0, 0)
2016-04-04 01:58:33,379 - __main__ - INFO - time: 4.09222006798
2016-04-04 01:58:33,638 - __main__ - INFO - Train ramp loss SVM (C, ratio, trial): 25.0
2016-04-04 01:58:33,699 - __main__ - INFO - time: 0.0606701374054
2016-04-04 01:58:33,992 - __main__ - INFO - Train ER-SVM with DCA (nu, ratio, trial): (0.69999999999999996, 0.0, 0)
2016-04-04 01:58:35,045 - __main__ - INFO - time: 1.05107998848
2016-04-04 01:58:35,306 - __main__ - INFO - Train Enu-SVM (nu, ratio, trial): (0.69999999999999996, 0.0, 0)
2016-04-04 01:58:35,894 - __main__ - INFO - time: 0.565592050552
2016-04-04 01:58:36,148 - __main__ - INFO - Train ER-SVM with Heuristics (nu, ratio, trial): (0.69999999999999996, 0.0, 0)
2016-04-04 01:58:43,446 - __main__ - INFO - time: 7.2973690033
2016-04-04 01:58:43,704 - __main__ - INFO - Train ramp loss SVM (C, ratio, trial): 5.0
2016-04-04 01:58:43,765 - __main__ - INFO - time: 0.059769153595
2016-04-04 01:58:44,031 - __main__ - INFO - Train ER-SVM with DCA (nu, ratio, trial): (0.59999999999999998, 0.0, 0)
2016-04-04 01:58:45,383 - __main__ - INFO - time: 1.34919309616
2016-04-04 01:58:45,641 - __main__ - INFO - Train Enu-SVM (nu, ratio, trial): (0.59999999999999998, 0.0, 0)
2016-04-04 01:58:46,225 - __main__ - INFO - time: 0.566192150116
2016-04-04 01:58:46,481 - __main__ - INFO - Train ER-SVM with Heuristics (nu, ratio, trial): (0.59999999999999998, 0.0, 0)
2016-04-04 01:58:58,004 - __main__ - INFO - time: 11.5221920013
2016-04-04 01:58:58,260 - __main__ - INFO - Train ramp loss SVM (C, ratio, trial): 1.0
2016-04-04 01:58:58,317 - __main__ - INFO - time: 0.0569729804993
2016-04-04 01:58:58,580 - __main__ - INFO - Train ER-SVM with DCA (nu, ratio, trial): (0.5, 0.0, 0)
2016-04-04 01:58:59,723 - __main__ - INFO - time: 1.14001297951
2016-04-04 01:58:59,978 - __main__ - INFO - Train Enu-SVM (nu, ratio, trial): (0.5, 0.0, 0)
2016-04-04 01:59:00,843 - __main__ - INFO - time: 0.847589969635
2016-04-04 01:59:01,112 - __main__ - INFO - Train ER-SVM with Heuristics (nu, ratio, trial): (0.5, 0.0, 0)
2016-04-04 01:59:14,482 - __main__ - INFO - time: 13.3691599369
2016-04-04 01:59:14,764 - __main__ - INFO - Train ramp loss SVM (C, ratio, trial): 0.2
2016-04-04 01:59:14,833 - __main__ - INFO - time: 0.0676748752594
2016-04-04 01:59:15,110 - __main__ - INFO - Train ER-SVM with DCA (nu, ratio, trial): (0.40000000000000002, 0.0, 0)
2016-04-04 01:59:16,191 - __main__ - INFO - time: 1.07874512672
2016-04-04 01:59:16,447 - __main__ - INFO - Train Enu-SVM (nu, ratio, trial): (0.40000000000000002, 0.0, 0)
2016-04-04 01:59:17,063 - __main__ - INFO - time: 0.600999116898
2016-04-04 01:59:17,333 - __main__ - INFO - Train ER-SVM with Heuristics (nu, ratio, trial): (0.40000000000000002, 0.0, 0)
2016-04-04 01:59:29,174 - __main__ - INFO - time: 11.8409919739
2016-04-04 01:59:29,465 - __main__ - INFO - Train ramp loss SVM (C, ratio, trial): 0.04
2016-04-04 01:59:29,525 - __main__ - INFO - time: 0.0586380958557
2016-04-04 01:59:29,806 - __main__ - INFO - Train ER-SVM with DCA (nu, ratio, trial): (0.29999999999999993, 0.0, 0)
2016-04-04 01:59:31,208 - __main__ - INFO - time: 1.39973688126
2016-04-04 01:59:31,474 - __main__ - INFO - Train Enu-SVM (nu, ratio, trial): (0.29999999999999993, 0.0, 0)
2016-04-04 01:59:32,343 - __main__ - INFO - time: 0.846349000931
2016-04-04 01:59:32,610 - __main__ - INFO - Train ER-SVM with Heuristics (nu, ratio, trial): (0.29999999999999993, 0.0, 0)
2016-04-04 01:59:41,664 - __main__ - INFO - time: 9.05331897736
2016-04-04 01:59:41,928 - __main__ - INFO - Train ramp loss SVM (C, ratio, trial): 0.008
2016-04-04 01:59:41,993 - __main__ - INFO - time: 0.0645551681519
2016-04-04 01:59:42,266 - __main__ - INFO - Train ER-SVM with DCA (nu, ratio, trial): (0.19999999999999996, 0.0, 0)
2016-04-04 01:59:43,512 - __main__ - INFO - time: 1.24349308014
2016-04-04 01:59:43,787 - __main__ - INFO - Train Enu-SVM (nu, ratio, trial): (0.19999999999999996, 0.0, 0)
2016-04-04 01:59:44,377 - __main__ - INFO - time: 0.574491024017
2016-04-04 01:59:44,650 - __main__ - INFO - Train ER-SVM with Heuristics (nu, ratio, trial): (0.19999999999999996, 0.0, 0)
2016-04-04 01:59:52,297 - __main__ - INFO - time: 7.64728498459
2016-04-04 01:59:52,568 - __main__ - INFO - Train ramp loss SVM (C, ratio, trial): 0.0016
2016-04-04 01:59:52,628 - __main__ - INFO - time: 0.0592942237854
2016-04-04 01:59:52,898 - __main__ - INFO - Train ER-SVM with DCA (nu, ratio, trial): (0.10000000000000001, 0.0, 0)
2016-04-04 01:59:53,999 - __main__ - INFO - time: 1.09884691238
2016-04-04 01:59:54,285 - __main__ - INFO - Train Enu-SVM (nu, ratio, trial): (0.10000000000000001, 0.0, 0)
2016-04-04 01:59:55,138 - __main__ - INFO - time: 0.833858013153
2016-04-04 01:59:55,448 - __main__ - INFO - Train ER-SVM with Heuristics (nu, ratio, trial): (0.10000000000000001, 0.0, 0)
2016-04-04 01:59:59,687 - __main__ - INFO - time: 4.23895096779
2016-04-04 02:00:00,000 - __main__ - INFO - Train ramp loss SVM (C, ratio, trial): 625.0
2016-04-04 02:00:00,063 - __main__ - INFO - time: 0.0623078346252
2016-04-04 02:00:00,333 - __main__ - INFO - Train ER-SVM with DCA (nu, ratio, trial): (0.90000000000000002, 0.0, 1)
2016-04-04 02:00:01,413 - __main__ - INFO - time: 1.0776309967
2016-04-04 02:00:01,677 - __main__ - INFO - Train Enu-SVM (nu, ratio, trial): (0.90000000000000002, 0.0, 1)
2016-04-04 02:00:02,308 - __main__ - INFO - time: 0.613415002823
2016-04-04 02:00:02,570 - __main__ - INFO - Train ER-SVM with Heuristics (nu, ratio, trial): (0.90000000000000002, 0.0, 1)
2016-04-04 02:00:06,085 - __main__ - INFO - time: 3.51444578171
2016-04-04 02:00:06,348 - __main__ - INFO - Train ramp loss SVM (C, ratio, trial): 125.0
2016-04-04 02:00:06,409 - __main__ - INFO - time: 0.0606780052185
2016-04-04 02:00:06,674 - __main__ - INFO - Train ER-SVM with DCA (nu, ratio, trial): (0.80000000000000004, 0.0, 1)
2016-04-04 02:00:07,768 - __main__ - INFO - time: 1.09162902832
2016-04-04 02:00:08,058 - __main__ - INFO - Train Enu-SVM (nu, ratio, trial): (0.80000000000000004, 0.0, 1)
2016-04-04 02:00:08,692 - __main__ - INFO - time: 0.617297172546
2016-04-04 02:00:08,954 - __main__ - INFO - Train ER-SVM with Heuristics (nu, ratio, trial): (0.80000000000000004, 0.0, 1)
2016-04-04 02:00:15,677 - __main__ - INFO - time: 6.72193694115
2016-04-04 02:00:15,937 - __main__ - INFO - Train ramp loss SVM (C, ratio, trial): 25.0
2016-04-04 02:00:15,997 - __main__ - INFO - time: 0.0588519573212
2016-04-04 02:00:16,260 - __main__ - INFO - Train ER-SVM with DCA (nu, ratio, trial): (0.69999999999999996, 0.0, 1)
2016-04-04 02:00:17,525 - __main__ - INFO - time: 1.26279711723
2016-04-04 02:00:17,784 - __main__ - INFO - Train Enu-SVM (nu, ratio, trial): (0.69999999999999996, 0.0, 1)
2016-04-04 02:00:18,639 - __main__ - INFO - time: 0.832690954208
2016-04-04 02:00:18,919 - __main__ - INFO - Train ER-SVM with Heuristics (nu, ratio, trial): (0.69999999999999996, 0.0, 1)
2016-04-04 02:00:29,498 - __main__ - INFO - time: 10.5787661076
2016-04-04 02:00:29,779 - __main__ - INFO - Train ramp loss SVM (C, ratio, trial): 5.0
2016-04-04 02:00:29,838 - __main__ - INFO - time: 0.05894780159
2016-04-04 02:00:30,116 - __main__ - INFO - Train ER-SVM with DCA (nu, ratio, trial): (0.59999999999999998, 0.0, 1)
2016-04-04 02:00:31,185 - __main__ - INFO - time: 1.06682181358
2016-04-04 02:00:31,448 - __main__ - INFO - Train Enu-SVM (nu, ratio, trial): (0.59999999999999998, 0.0, 1)
2016-04-04 02:00:32,316 - __main__ - INFO - time: 0.846463918686
2016-04-04 02:00:32,578 - __main__ - INFO - Train ER-SVM with Heuristics (nu, ratio, trial): (0.59999999999999998, 0.0, 1)
2016-04-04 02:00:48,783 - __main__ - INFO - time: 16.2048530579
2016-04-04 02:00:49,052 - __main__ - INFO - Train ramp loss SVM (C, ratio, trial): 1.0
2016-04-04 02:00:49,110 - __main__ - INFO - time: 0.0574350357056
2016-04-04 02:00:49,379 - __main__ - INFO - Train ER-SVM with DCA (nu, ratio, trial): (0.5, 0.0, 1)
2016-04-04 02:00:50,461 - __main__ - INFO - time: 1.07901501656
2016-04-04 02:00:50,721 - __main__ - INFO - Train Enu-SVM (nu, ratio, trial): (0.5, 0.0, 1)
2016-04-04 02:00:51,591 - __main__ - INFO - time: 0.84842300415
2016-04-04 02:00:51,860 - __main__ - INFO - Train ER-SVM with Heuristics (nu, ratio, trial): (0.5, 0.0, 1)
2016-04-04 02:01:06,042 - __main__ - INFO - time: 14.1817579269
2016-04-04 02:01:06,318 - __main__ - INFO - Train ramp loss SVM (C, ratio, trial): 0.2
2016-04-04 02:01:06,382 - __main__ - INFO - time: 0.063362121582
2016-04-04 02:01:06,648 - __main__ - INFO - Train ER-SVM with DCA (nu, ratio, trial): (0.40000000000000002, 0.0, 1)
2016-04-04 02:01:07,741 - __main__ - INFO - time: 1.09067606926
2016-04-04 02:01:08,023 - __main__ - INFO - Train Enu-SVM (nu, ratio, trial): (0.40000000000000002, 0.0, 1)
2016-04-04 02:01:08,886 - __main__ - INFO - time: 0.845659971237
2016-04-04 02:01:09,143 - __main__ - INFO - Train ER-SVM with Heuristics (nu, ratio, trial): (0.40000000000000002, 0.0, 1)
2016-04-04 02:01:21,011 - __main__ - INFO - time: 11.8681759834
2016-04-04 02:01:21,279 - __main__ - INFO - Train ramp loss SVM (C, ratio, trial): 0.04
2016-04-04 02:01:21,338 - __main__ - INFO - time: 0.0592339038849
2016-04-04 02:01:21,604 - __main__ - INFO - Train ER-SVM with DCA (nu, ratio, trial): (0.29999999999999993, 0.0, 1)
2016-04-04 02:01:22,702 - __main__ - INFO - time: 1.09614396095
2016-04-04 02:01:22,963 - __main__ - INFO - Train Enu-SVM (nu, ratio, trial): (0.29999999999999993, 0.0, 1)
2016-04-04 02:01:23,570 - __main__ - INFO - time: 0.584449052811
2016-04-04 02:01:23,839 - __main__ - INFO - Train ER-SVM with Heuristics (nu, ratio, trial): (0.29999999999999993, 0.0, 1)
2016-04-04 02:01:32,916 - __main__ - INFO - time: 9.07675790787
2016-04-04 02:01:33,182 - __main__ - INFO - Train ramp loss SVM (C, ratio, trial): 0.008
2016-04-04 02:01:33,248 - __main__ - INFO - time: 0.0651631355286
2016-04-04 02:01:33,510 - __main__ - INFO - Train ER-SVM with DCA (nu, ratio, trial): (0.19999999999999996, 0.0, 1)
2016-04-04 02:01:34,797 - __main__ - INFO - time: 1.28421497345
2016-04-04 02:01:35,066 - __main__ - INFO - Train Enu-SVM (nu, ratio, trial): (0.19999999999999996, 0.0, 1)
2016-04-04 02:01:35,675 - __main__ - INFO - time: 0.586933135986
2016-04-04 02:01:35,941 - __main__ - INFO - Train ER-SVM with Heuristics (nu, ratio, trial): (0.19999999999999996, 0.0, 1)
2016-04-04 02:01:44,175 - __main__ - INFO - time: 8.23286819458
2016-04-04 02:01:44,430 - __main__ - INFO - Train ramp loss SVM (C, ratio, trial): 0.0016
2016-04-04 02:01:44,488 - __main__ - INFO - time: 0.0569760799408
2016-04-04 02:01:44,754 - __main__ - INFO - Train ER-SVM with DCA (nu, ratio, trial): (0.10000000000000001, 0.0, 1)
2016-04-04 02:01:45,834 - __main__ - INFO - time: 1.07696485519
2016-04-04 02:01:46,099 - __main__ - INFO - Train Enu-SVM (nu, ratio, trial): (0.10000000000000001, 0.0, 1)
2016-04-04 02:01:46,681 - __main__ - INFO - time: 0.566007852554
2016-04-04 02:01:46,948 - __main__ - INFO - Train ER-SVM with Heuristics (nu, ratio, trial): (0.10000000000000001, 0.0, 1)
2016-04-04 02:01:51,430 - __main__ - INFO - time: 4.48166203499
2016-04-04 02:01:51,732 - __main__ - INFO - Train ramp loss SVM (C, ratio, trial): 625.0
2016-04-04 02:01:51,789 - __main__ - INFO - time: 0.0567739009857
2016-04-04 02:01:52,046 - __main__ - INFO - Train ER-SVM with DCA (nu, ratio, trial): (0.90000000000000002, 0.0, 2)
2016-04-04 02:01:53,131 - __main__ - INFO - time: 1.08192420006
2016-04-04 02:01:53,397 - __main__ - INFO - Train Enu-SVM (nu, ratio, trial): (0.90000000000000002, 0.0, 2)
2016-04-04 02:01:53,992 - __main__ - INFO - time: 0.573145866394
2016-04-04 02:01:54,255 - __main__ - INFO - Train ER-SVM with Heuristics (nu, ratio, trial): (0.90000000000000002, 0.0, 2)
2016-04-04 02:01:57,666 - __main__ - INFO - time: 3.41055202484
2016-04-04 02:01:57,927 - __main__ - INFO - Train ramp loss SVM (C, ratio, trial): 125.0
2016-04-04 02:01:57,986 - __main__ - INFO - time: 0.0589849948883
2016-04-04 02:01:58,244 - __main__ - INFO - Train ER-SVM with DCA (nu, ratio, trial): (0.80000000000000004, 0.0, 2)
2016-04-04 02:01:59,317 - __main__ - INFO - time: 1.07047510147
2016-04-04 02:01:59,585 - __main__ - INFO - Train Enu-SVM (nu, ratio, trial): (0.80000000000000004, 0.0, 2)
2016-04-04 02:02:00,472 - __main__ - INFO - time: 0.86664891243
2016-04-04 02:02:00,732 - __main__ - INFO - Train ER-SVM with Heuristics (nu, ratio, trial): (0.80000000000000004, 0.0, 2)
2016-04-04 02:02:06,378 - __main__ - INFO - time: 5.64625191689
2016-04-04 02:02:06,645 - __main__ - INFO - Train ramp loss SVM (C, ratio, trial): 25.0
2016-04-04 02:02:06,705 - __main__ - INFO - time: 0.0590410232544
2016-04-04 02:02:06,997 - __main__ - INFO - Train ER-SVM with DCA (nu, ratio, trial): (0.69999999999999996, 0.0, 2)
2016-04-04 02:02:08,081 - __main__ - INFO - time: 1.08294296265
2016-04-04 02:02:08,343 - __main__ - INFO - Train Enu-SVM (nu, ratio, trial): (0.69999999999999996, 0.0, 2)
2016-04-04 02:02:09,202 - __main__ - INFO - time: 0.836318969727
2016-04-04 02:02:09,471 - __main__ - INFO - Train ER-SVM with Heuristics (nu, ratio, trial): (0.69999999999999996, 0.0, 2)
2016-04-04 02:02:18,956 - __main__ - INFO - time: 9.48495817184
2016-04-04 02:02:19,219 - __main__ - INFO - Train ramp loss SVM (C, ratio, trial): 5.0
2016-04-04 02:02:19,280 - __main__ - INFO - time: 0.0603950023651
2016-04-04 02:02:19,534 - __main__ - INFO - Train ER-SVM with DCA (nu, ratio, trial): (0.59999999999999998, 0.0, 2)
2016-04-04 02:02:20,988 - __main__ - INFO - time: 1.45175790787
2016-04-04 02:02:21,245 - __main__ - INFO - Train Enu-SVM (nu, ratio, trial): (0.59999999999999998, 0.0, 2)
2016-04-04 02:02:21,837 - __main__ - INFO - time: 0.573458909988
2016-04-04 02:02:22,097 - __main__ - INFO - Train ER-SVM with Heuristics (nu, ratio, trial): (0.59999999999999998, 0.0, 2)
2016-04-04 02:02:36,610 - __main__ - INFO - time: 14.5124180317
2016-04-04 02:02:36,869 - __main__ - INFO - Train ramp loss SVM (C, ratio, trial): 1.0
2016-04-04 02:02:36,931 - __main__ - INFO - time: 0.0602929592133
2016-04-04 02:02:37,219 - __main__ - INFO - Train ER-SVM with DCA (nu, ratio, trial): (0.5, 0.0, 2)
2016-04-04 02:02:38,548 - __main__ - INFO - time: 1.32524585724
2016-04-04 02:02:38,813 - __main__ - INFO - Train Enu-SVM (nu, ratio, trial): (0.5, 0.0, 2)
2016-04-04 02:02:39,399 - __main__ - INFO - time: 0.5634329319
2016-04-04 02:02:39,657 - __main__ - INFO - Train ER-SVM with Heuristics (nu, ratio, trial): (0.5, 0.0, 2)
2016-04-04 02:02:53,471 - __main__ - INFO - time: 13.814002037
2016-04-04 02:02:53,743 - __main__ - INFO - Train ramp loss SVM (C, ratio, trial): 0.2
2016-04-04 02:02:53,804 - __main__ - INFO - time: 0.0600528717041
2016-04-04 02:02:54,077 - __main__ - INFO - Train ER-SVM with DCA (nu, ratio, trial): (0.40000000000000002, 0.0, 2)
2016-04-04 02:02:55,129 - __main__ - INFO - time: 1.04964208603
2016-04-04 02:02:55,399 - __main__ - INFO - Train Enu-SVM (nu, ratio, trial): (0.40000000000000002, 0.0, 2)
2016-04-04 02:02:56,245 - __main__ - INFO - time: 0.828039884567
2016-04-04 02:02:56,509 - __main__ - INFO - Train ER-SVM with Heuristics (nu, ratio, trial): (0.40000000000000002, 0.0, 2)
2016-04-04 02:03:08,510 - __main__ - INFO - time: 12.0012919903
2016-04-04 02:03:08,773 - __main__ - INFO - Train ramp loss SVM (C, ratio, trial): 0.04
2016-04-04 02:03:08,835 - __main__ - INFO - time: 0.0604629516602
2016-04-04 02:03:09,100 - __main__ - INFO - Train ER-SVM with DCA (nu, ratio, trial): (0.29999999999999993, 0.0, 2)
2016-04-04 02:03:10,199 - __main__ - INFO - time: 1.09673714638
2016-04-04 02:03:10,463 - __main__ - INFO - Train Enu-SVM (nu, ratio, trial): (0.29999999999999993, 0.0, 2)
2016-04-04 02:03:11,308 - __main__ - INFO - time: 0.828273057938
2016-04-04 02:03:11,574 - __main__ - INFO - Train ER-SVM with Heuristics (nu, ratio, trial): (0.29999999999999993, 0.0, 2)
2016-04-04 02:03:20,828 - __main__ - INFO - time: 9.25323081017
2016-04-04 02:03:21,092 - __main__ - INFO - Train ramp loss SVM (C, ratio, trial): 0.008
2016-04-04 02:03:21,151 - __main__ - INFO - time: 0.0583679676056
2016-04-04 02:03:21,435 - __main__ - INFO - Train ER-SVM with DCA (nu, ratio, trial): (0.19999999999999996, 0.0, 2)
2016-04-04 02:03:22,724 - __main__ - INFO - time: 1.28611302376
2016-04-04 02:03:22,981 - __main__ - INFO - Train Enu-SVM (nu, ratio, trial): (0.19999999999999996, 0.0, 2)
2016-04-04 02:03:23,824 - __main__ - INFO - time: 0.826457977295
2016-04-04 02:03:24,087 - __main__ - INFO - Train ER-SVM with Heuristics (nu, ratio, trial): (0.19999999999999996, 0.0, 2)
2016-04-04 02:03:30,871 - __main__ - INFO - time: 6.7837831974
2016-04-04 02:03:31,134 - __main__ - INFO - Train ramp loss SVM (C, ratio, trial): 0.0016
2016-04-04 02:03:31,197 - __main__ - INFO - time: 0.0629088878632
2016-04-04 02:03:31,483 - __main__ - INFO - Train ER-SVM with DCA (nu, ratio, trial): (0.10000000000000001, 0.0, 2)
2016-04-04 02:03:32,774 - __main__ - INFO - time: 1.28917813301
2016-04-04 02:03:33,042 - __main__ - INFO - Train Enu-SVM (nu, ratio, trial): (0.10000000000000001, 0.0, 2)
2016-04-04 02:03:33,904 - __main__ - INFO - time: 0.840471982956
2016-04-04 02:03:34,169 - __main__ - INFO - Train ER-SVM with Heuristics (nu, ratio, trial): (0.10000000000000001, 0.0, 2)
2016-04-04 02:03:38,434 - __main__ - INFO - time: 4.26498794556
2016-04-04 02:03:38,731 - __main__ - INFO - Train ramp loss SVM (C, ratio, trial): 625.0
2016-04-04 02:03:38,791 - __main__ - INFO - time: 0.0591659545898
2016-04-04 02:03:39,057 - __main__ - INFO - Train ER-SVM with DCA (nu, ratio, trial): (0.90000000000000002, 0.029999999999999999, 0)
2016-04-04 02:03:40,493 - __main__ - INFO - time: 1.43357300758
2016-04-04 02:03:40,754 - __main__ - INFO - Train Enu-SVM (nu, ratio, trial): (0.90000000000000002, 0.029999999999999999, 0)
2016-04-04 02:03:41,392 - __main__ - INFO - time: 0.620605945587
2016-04-04 02:03:41,651 - __main__ - INFO - Train ER-SVM with Heuristics (nu, ratio, trial): (0.90000000000000002, 0.029999999999999999, 0)
2016-04-04 02:03:42,566 - __main__ - INFO - time: 0.915657997131
2016-04-04 02:03:42,825 - __main__ - INFO - Train ramp loss SVM (C, ratio, trial): 125.0
2016-04-04 02:03:42,888 - __main__ - INFO - time: 0.061516046524
2016-04-04 02:03:43,153 - __main__ - INFO - Train ER-SVM with DCA (nu, ratio, trial): (0.80000000000000004, 0.029999999999999999, 0)
2016-04-04 02:03:44,311 - __main__ - INFO - time: 1.15592217445
2016-04-04 02:03:44,567 - __main__ - INFO - Train Enu-SVM (nu, ratio, trial): (0.80000000000000004, 0.029999999999999999, 0)
2016-04-04 02:03:45,176 - __main__ - INFO - time: 0.592756986618
2016-04-04 02:03:45,438 - __main__ - INFO - Train ER-SVM with Heuristics (nu, ratio, trial): (0.80000000000000004, 0.029999999999999999, 0)
2016-04-04 02:03:48,956 - __main__ - INFO - time: 3.51828312874
2016-04-04 02:03:49,227 - __main__ - INFO - Train ramp loss SVM (C, ratio, trial): 25.0
2016-04-04 02:03:49,292 - __main__ - INFO - time: 0.0648241043091
2016-04-04 02:03:49,561 - __main__ - INFO - Train ER-SVM with DCA (nu, ratio, trial): (0.69999999999999996, 0.029999999999999999, 0)
2016-04-04 02:03:50,712 - __main__ - INFO - time: 1.1493370533
2016-04-04 02:03:50,986 - __main__ - INFO - Train Enu-SVM (nu, ratio, trial): (0.69999999999999996, 0.029999999999999999, 0)
2016-04-04 02:03:51,593 - __main__ - INFO - time: 0.591183900833
2016-04-04 02:03:51,859 - __main__ - INFO - Train ER-SVM with Heuristics (nu, ratio, trial): (0.69999999999999996, 0.029999999999999999, 0)
2016-04-04 02:03:58,453 - __main__ - INFO - time: 6.593791008
2016-04-04 02:03:58,722 - __main__ - INFO - Train ramp loss SVM (C, ratio, trial): 5.0
2016-04-04 02:03:58,785 - __main__ - INFO - time: 0.0622529983521
2016-04-04 02:03:59,064 - __main__ - INFO - Train ER-SVM with DCA (nu, ratio, trial): (0.59999999999999998, 0.029999999999999999, 0)
2016-04-04 02:04:00,463 - __main__ - INFO - time: 1.39682793617
2016-04-04 02:04:00,731 - __main__ - INFO - Train Enu-SVM (nu, ratio, trial): (0.59999999999999998, 0.029999999999999999, 0)
2016-04-04 02:04:01,337 - __main__ - INFO - time: 0.585135936737
2016-04-04 02:04:01,623 - __main__ - INFO - Train ER-SVM with Heuristics (nu, ratio, trial): (0.59999999999999998, 0.029999999999999999, 0)
2016-04-04 02:04:11,848 - __main__ - INFO - time: 10.2248539925
2016-04-04 02:04:12,145 - __main__ - INFO - Train ramp loss SVM (C, ratio, trial): 1.0
2016-04-04 02:04:12,210 - __main__ - INFO - time: 0.0638408660889
2016-04-04 02:04:12,479 - __main__ - INFO - Train ER-SVM with DCA (nu, ratio, trial): (0.5, 0.029999999999999999, 0)
2016-04-04 02:04:13,645 - __main__ - INFO - time: 1.16250610352
2016-04-04 02:04:13,910 - __main__ - INFO - Train Enu-SVM (nu, ratio, trial): (0.5, 0.029999999999999999, 0)
2016-04-04 02:04:14,532 - __main__ - INFO - time: 0.605307102203
2016-04-04 02:04:14,788 - __main__ - INFO - Train ER-SVM with Heuristics (nu, ratio, trial): (0.5, 0.029999999999999999, 0)
2016-04-04 02:04:29,177 - __main__ - INFO - time: 14.3885321617
2016-04-04 02:04:29,468 - __main__ - INFO - Train ramp loss SVM (C, ratio, trial): 0.2
2016-04-04 02:04:29,587 - __main__ - INFO - time: 0.118048906326
2016-04-04 02:04:29,854 - __main__ - INFO - Train ER-SVM with DCA (nu, ratio, trial): (0.40000000000000002, 0.029999999999999999, 0)
2016-04-04 02:04:31,472 - __main__ - INFO - time: 1.61589598656
2016-04-04 02:04:31,734 - __main__ - INFO - Train Enu-SVM (nu, ratio, trial): (0.40000000000000002, 0.029999999999999999, 0)
2016-04-04 02:04:32,337 - __main__ - INFO - time: 0.585332155228
2016-04-04 02:04:32,613 - __main__ - INFO - Train ER-SVM with Heuristics (nu, ratio, trial): (0.40000000000000002, 0.029999999999999999, 0)
2016-04-04 02:04:46,003 - __main__ - INFO - time: 13.3898499012
2016-04-04 02:04:46,295 - __main__ - INFO - Train ramp loss SVM (C, ratio, trial): 0.04
2016-04-04 02:04:46,364 - __main__ - INFO - time: 0.0679631233215
2016-04-04 02:04:46,650 - __main__ - INFO - Train ER-SVM with DCA (nu, ratio, trial): (0.29999999999999993, 0.029999999999999999, 0)
2016-04-04 02:04:48,046 - __main__ - INFO - time: 1.39403891563
2016-04-04 02:04:48,315 - __main__ - INFO - Train Enu-SVM (nu, ratio, trial): (0.29999999999999993, 0.029999999999999999, 0)
2016-04-04 02:04:49,205 - __main__ - INFO - time: 0.872652053833
2016-04-04 02:04:49,469 - __main__ - INFO - Train ER-SVM with Heuristics (nu, ratio, trial): (0.29999999999999993, 0.029999999999999999, 0)
2016-04-04 02:05:00,558 - __main__ - INFO - time: 11.0889620781
2016-04-04 02:05:00,852 - __main__ - INFO - Train ramp loss SVM (C, ratio, trial): 0.008
2016-04-04 02:05:00,951 - __main__ - INFO - time: 0.0980229377747
2016-04-04 02:05:01,233 - __main__ - INFO - Train ER-SVM with DCA (nu, ratio, trial): (0.19999999999999996, 0.029999999999999999, 0)
2016-04-04 02:05:02,579 - __main__ - INFO - time: 1.34340286255
2016-04-04 02:05:02,832 - __main__ - INFO - Train Enu-SVM (nu, ratio, trial): (0.19999999999999996, 0.029999999999999999, 0)
2016-04-04 02:05:03,467 - __main__ - INFO - time: 0.617047786713
2016-04-04 02:05:03,733 - __main__ - INFO - Train ER-SVM with Heuristics (nu, ratio, trial): (0.19999999999999996, 0.029999999999999999, 0)
2016-04-04 02:05:11,820 - __main__ - INFO - time: 8.0866189003
2016-04-04 02:05:12,089 - __main__ - INFO - Train ramp loss SVM (C, ratio, trial): 0.0016
2016-04-04 02:05:12,153 - __main__ - INFO - time: 0.0634231567383
2016-04-04 02:05:12,420 - __main__ - INFO - Train ER-SVM with DCA (nu, ratio, trial): (0.10000000000000001, 0.029999999999999999, 0)
2016-04-04 02:05:13,644 - __main__ - INFO - time: 1.22298502922
2016-04-04 02:05:13,899 - __main__ - INFO - Train Enu-SVM (nu, ratio, trial): (0.10000000000000001, 0.029999999999999999, 0)
2016-04-04 02:05:14,511 - __main__ - INFO - time: 0.589415073395
2016-04-04 02:05:14,777 - __main__ - INFO - Train ER-SVM with Heuristics (nu, ratio, trial): (0.10000000000000001, 0.029999999999999999, 0)
2016-04-04 02:05:20,328 - __main__ - INFO - time: 5.55074691772
2016-04-04 02:05:20,631 - __main__ - INFO - Train ramp loss SVM (C, ratio, trial): 625.0
2016-04-04 02:05:20,689 - __main__ - INFO - time: 0.0575408935547
2016-04-04 02:05:20,910 - __main__ - INFO - Train ER-SVM with DCA (nu, ratio, trial): (0.90000000000000002, 0.029999999999999999, 1)
2016-04-04 02:05:22,118 - __main__ - INFO - time: 1.20534896851
2016-04-04 02:05:22,335 - __main__ - INFO - Train Enu-SVM (nu, ratio, trial): (0.90000000000000002, 0.029999999999999999, 1)
2016-04-04 02:05:23,258 - __main__ - INFO - time: 0.905544996262
2016-04-04 02:05:23,481 - __main__ - INFO - Train ER-SVM with Heuristics (nu, ratio, trial): (0.90000000000000002, 0.029999999999999999, 1)
2016-04-04 02:05:26,503 - __main__ - INFO - time: 3.02153491974
2016-04-04 02:05:26,717 - __main__ - INFO - Train ramp loss SVM (C, ratio, trial): 125.0
2016-04-04 02:05:26,778 - __main__ - INFO - time: 0.0598349571228
2016-04-04 02:05:26,983 - __main__ - INFO - Train ER-SVM with DCA (nu, ratio, trial): (0.80000000000000004, 0.029999999999999999, 1)
2016-04-04 02:05:28,300 - __main__ - INFO - time: 1.31452798843
2016-04-04 02:05:28,509 - __main__ - INFO - Train Enu-SVM (nu, ratio, trial): (0.80000000000000004, 0.029999999999999999, 1)
2016-04-04 02:05:29,191 - __main__ - INFO - time: 0.664030075073
2016-04-04 02:05:29,415 - __main__ - INFO - Train ER-SVM with Heuristics (nu, ratio, trial): (0.80000000000000004, 0.029999999999999999, 1)
2016-04-04 02:05:35,171 - __main__ - INFO - time: 5.75551605225
2016-04-04 02:05:35,387 - __main__ - INFO - Train ramp loss SVM (C, ratio, trial): 25.0
2016-04-04 02:05:35,449 - __main__ - INFO - time: 0.0609068870544
2016-04-04 02:05:35,651 - __main__ - INFO - Train ER-SVM with DCA (nu, ratio, trial): (0.69999999999999996, 0.029999999999999999, 1)
2016-04-04 02:05:37,037 - __main__ - INFO - time: 1.38383388519
2016-04-04 02:05:37,252 - __main__ - INFO - Train Enu-SVM (nu, ratio, trial): (0.69999999999999996, 0.029999999999999999, 1)
2016-04-04 02:05:37,916 - __main__ - INFO - time: 0.644015073776
2016-04-04 02:05:38,125 - __main__ - INFO - Train ER-SVM with Heuristics (nu, ratio, trial): (0.69999999999999996, 0.029999999999999999, 1)
2016-04-04 02:05:47,517 - __main__ - INFO - time: 9.39171504974
2016-04-04 02:05:47,735 - __main__ - INFO - Train ramp loss SVM (C, ratio, trial): 5.0
2016-04-04 02:05:47,795 - __main__ - INFO - time: 0.0588049888611
2016-04-04 02:05:48,000 - __main__ - INFO - Train ER-SVM with DCA (nu, ratio, trial): (0.59999999999999998, 0.029999999999999999, 1)
2016-04-04 02:05:49,737 - __main__ - INFO - time: 1.7343480587
2016-04-04 02:05:49,951 - __main__ - INFO - Train Enu-SVM (nu, ratio, trial): (0.59999999999999998, 0.029999999999999999, 1)
2016-04-04 02:05:50,585 - __main__ - INFO - time: 0.616858959198
2016-04-04 02:05:50,840 - __main__ - INFO - Train ER-SVM with Heuristics (nu, ratio, trial): (0.59999999999999998, 0.029999999999999999, 1)
2016-04-04 02:06:06,250 - __main__ - INFO - time: 15.4092159271
2016-04-04 02:06:06,452 - __main__ - INFO - Train ramp loss SVM (C, ratio, trial): 1.0
2016-04-04 02:06:06,509 - __main__ - INFO - time: 0.0563981533051
2016-04-04 02:06:06,722 - __main__ - INFO - Train ER-SVM with DCA (nu, ratio, trial): (0.5, 0.029999999999999999, 1)
2016-04-04 02:06:07,874 - __main__ - INFO - time: 1.1494140625
2016-04-04 02:06:08,115 - __main__ - INFO - Train Enu-SVM (nu, ratio, trial): (0.5, 0.029999999999999999, 1)
2016-04-04 02:06:08,972 - __main__ - INFO - time: 0.839960098267
2016-04-04 02:06:09,185 - __main__ - INFO - Train ER-SVM with Heuristics (nu, ratio, trial): (0.5, 0.029999999999999999, 1)
2016-04-04 02:06:23,464 - __main__ - INFO - time: 14.2788510323
2016-04-04 02:06:23,674 - __main__ - INFO - Train ramp loss SVM (C, ratio, trial): 0.2
2016-04-04 02:06:23,731 - __main__ - INFO - time: 0.0563650131226
2016-04-04 02:06:23,945 - __main__ - INFO - Train ER-SVM with DCA (nu, ratio, trial): (0.40000000000000002, 0.029999999999999999, 1)
2016-04-04 02:06:25,751 - __main__ - INFO - time: 1.80389380455
2016-04-04 02:06:25,973 - __main__ - INFO - Train Enu-SVM (nu, ratio, trial): (0.40000000000000002, 0.029999999999999999, 1)
2016-04-04 02:06:26,631 - __main__ - INFO - time: 0.638082027435
2016-04-04 02:06:26,837 - __main__ - INFO - Train ER-SVM with Heuristics (nu, ratio, trial): (0.40000000000000002, 0.029999999999999999, 1)
2016-04-04 02:06:41,781 - __main__ - INFO - time: 14.9432601929
2016-04-04 02:06:41,995 - __main__ - INFO - Train ramp loss SVM (C, ratio, trial): 0.04
2016-04-04 02:06:42,056 - __main__ - INFO - time: 0.0606420040131
2016-04-04 02:06:42,262 - __main__ - INFO - Train ER-SVM with DCA (nu, ratio, trial): (0.29999999999999993, 0.029999999999999999, 1)
2016-04-04 02:06:44,089 - __main__ - INFO - time: 1.82521009445
2016-04-04 02:06:44,305 - __main__ - INFO - Train Enu-SVM (nu, ratio, trial): (0.29999999999999993, 0.029999999999999999, 1)
2016-04-04 02:06:45,187 - __main__ - INFO - time: 0.858640909195
2016-04-04 02:06:45,398 - __main__ - INFO - Train ER-SVM with Heuristics (nu, ratio, trial): (0.29999999999999993, 0.029999999999999999, 1)
2016-04-04 02:06:56,006 - __main__ - INFO - time: 10.607708931
2016-04-04 02:06:56,224 - __main__ - INFO - Train ramp loss SVM (C, ratio, trial): 0.008
2016-04-04 02:06:56,283 - __main__ - INFO - time: 0.0586931705475
2016-04-04 02:06:56,497 - __main__ - INFO - Train ER-SVM with DCA (nu, ratio, trial): (0.19999999999999996, 0.029999999999999999, 1)
2016-04-04 02:06:57,849 - __main__ - INFO - time: 1.34888386726
2016-04-04 02:06:58,058 - __main__ - INFO - Train Enu-SVM (nu, ratio, trial): (0.19999999999999996, 0.029999999999999999, 1)
2016-04-04 02:06:59,072 - __main__ - INFO - time: 0.99512219429
2016-04-04 02:06:59,319 - __main__ - INFO - Train ER-SVM with Heuristics (nu, ratio, trial): (0.19999999999999996, 0.029999999999999999, 1)
2016-04-04 02:07:07,341 - __main__ - INFO - time: 8.02216005325
2016-04-04 02:07:07,551 - __main__ - INFO - Train ramp loss SVM (C, ratio, trial): 0.0016
2016-04-04 02:07:07,609 - __main__ - INFO - time: 0.0572528839111
2016-04-04 02:07:07,823 - __main__ - INFO - Train ER-SVM with DCA (nu, ratio, trial): (0.10000000000000001, 0.029999999999999999, 1)
2016-04-04 02:07:08,988 - __main__ - INFO - time: 1.16295194626
2016-04-04 02:07:09,199 - __main__ - INFO - Train Enu-SVM (nu, ratio, trial): (0.10000000000000001, 0.029999999999999999, 1)
2016-04-04 02:07:09,796 - __main__ - INFO - time: 0.576331853867
2016-04-04 02:07:10,014 - __main__ - INFO - Train ER-SVM with Heuristics (nu, ratio, trial): (0.10000000000000001, 0.029999999999999999, 1)
2016-04-04 02:07:14,380 - __main__ - INFO - time: 4.36533117294
2016-04-04 02:07:14,628 - __main__ - INFO - Train ramp loss SVM (C, ratio, trial): 625.0
2016-04-04 02:07:14,687 - __main__ - INFO - time: 0.0581700801849
2016-04-04 02:07:14,948 - __main__ - INFO - Train ER-SVM with DCA (nu, ratio, trial): (0.90000000000000002, 0.029999999999999999, 2)
2016-04-04 02:07:16,028 - __main__ - INFO - time: 1.07674884796
2016-04-04 02:07:16,299 - __main__ - INFO - Train Enu-SVM (nu, ratio, trial): (0.90000000000000002, 0.029999999999999999, 2)
2016-04-04 02:07:17,212 - __main__ - INFO - time: 0.894628047943
2016-04-04 02:07:17,476 - __main__ - INFO - Train ER-SVM with Heuristics (nu, ratio, trial): (0.90000000000000002, 0.029999999999999999, 2)
2016-04-04 02:07:21,593 - __main__ - INFO - time: 4.11729097366
2016-04-04 02:07:21,861 - __main__ - INFO - Train ramp loss SVM (C, ratio, trial): 125.0
2016-04-04 02:07:21,919 - __main__ - INFO - time: 0.0576250553131
2016-04-04 02:07:22,183 - __main__ - INFO - Train ER-SVM with DCA (nu, ratio, trial): (0.80000000000000004, 0.029999999999999999, 2)
2016-04-04 02:07:23,336 - __main__ - INFO - time: 1.15073394775
2016-04-04 02:07:23,595 - __main__ - INFO - Train Enu-SVM (nu, ratio, trial): (0.80000000000000004, 0.029999999999999999, 2)
2016-04-04 02:07:24,185 - __main__ - INFO - time: 0.571183204651
2016-04-04 02:07:24,442 - __main__ - INFO - Train ER-SVM with Heuristics (nu, ratio, trial): (0.80000000000000004, 0.029999999999999999, 2)
2016-04-04 02:07:31,029 - __main__ - INFO - time: 6.58630108833
2016-04-04 02:07:31,296 - __main__ - INFO - Train ramp loss SVM (C, ratio, trial): 25.0
2016-04-04 02:07:31,355 - __main__ - INFO - time: 0.0579090118408
2016-04-04 02:07:31,617 - __main__ - INFO - Train ER-SVM with DCA (nu, ratio, trial): (0.69999999999999996, 0.029999999999999999, 2)
2016-04-04 02:07:32,683 - __main__ - INFO - time: 1.06351518631
2016-04-04 02:07:32,945 - __main__ - INFO - Train Enu-SVM (nu, ratio, trial): (0.69999999999999996, 0.029999999999999999, 2)
2016-04-04 02:07:33,543 - __main__ - INFO - time: 0.581206083298
2016-04-04 02:07:33,804 - __main__ - INFO - Train ER-SVM with Heuristics (nu, ratio, trial): (0.69999999999999996, 0.029999999999999999, 2)
2016-04-04 02:07:44,445 - __main__ - INFO - time: 10.6408469677
2016-04-04 02:07:44,746 - __main__ - INFO - Train ramp loss SVM (C, ratio, trial): 5.0
2016-04-04 02:07:44,809 - __main__ - INFO - time: 0.061861038208
2016-04-04 02:07:45,093 - __main__ - INFO - Train ER-SVM with DCA (nu, ratio, trial): (0.59999999999999998, 0.029999999999999999, 2)
2016-04-04 02:07:46,288 - __main__ - INFO - time: 1.19207596779
2016-04-04 02:07:46,553 - __main__ - INFO - Train Enu-SVM (nu, ratio, trial): (0.59999999999999998, 0.029999999999999999, 2)
2016-04-04 02:07:47,141 - __main__ - INFO - time: 0.56974697113
2016-04-04 02:07:47,400 - __main__ - INFO - Train ER-SVM with Heuristics (nu, ratio, trial): (0.59999999999999998, 0.029999999999999999, 2)
2016-04-04 02:08:03,914 - __main__ - INFO - time: 16.5128529072
2016-04-04 02:08:04,164 - __main__ - INFO - Train ramp loss SVM (C, ratio, trial): 1.0
2016-04-04 02:08:04,222 - __main__ - INFO - time: 0.057000875473
2016-04-04 02:08:04,486 - __main__ - INFO - Train ER-SVM with DCA (nu, ratio, trial): (0.5, 0.029999999999999999, 2)
2016-04-04 02:08:05,615 - __main__ - INFO - time: 1.1275510788
2016-04-04 02:08:05,880 - __main__ - INFO - Train Enu-SVM (nu, ratio, trial): (0.5, 0.029999999999999999, 2)
2016-04-04 02:08:06,474 - __main__ - INFO - time: 0.574226856232
2016-04-04 02:08:06,738 - __main__ - INFO - Train ER-SVM with Heuristics (nu, ratio, trial): (0.5, 0.029999999999999999, 2)
2016-04-04 02:08:21,447 - __main__ - INFO - time: 14.7078928947
2016-04-04 02:08:21,715 - __main__ - INFO - Train ramp loss SVM (C, ratio, trial): 0.2
2016-04-04 02:08:21,775 - __main__ - INFO - time: 0.0593338012695
2016-04-04 02:08:22,041 - __main__ - INFO - Train ER-SVM with DCA (nu, ratio, trial): (0.40000000000000002, 0.029999999999999999, 2)
2016-04-04 02:08:23,145 - __main__ - INFO - time: 1.10125088692
2016-04-04 02:08:23,418 - __main__ - INFO - Train Enu-SVM (nu, ratio, trial): (0.40000000000000002, 0.029999999999999999, 2)
2016-04-04 02:08:24,002 - __main__ - INFO - time: 0.564700841904
2016-04-04 02:08:24,268 - __main__ - INFO - Train ER-SVM with Heuristics (nu, ratio, trial): (0.40000000000000002, 0.029999999999999999, 2)
2016-04-04 02:08:37,670 - __main__ - INFO - time: 13.4021298885
2016-04-04 02:08:37,928 - __main__ - INFO - Train ramp loss SVM (C, ratio, trial): 0.04
2016-04-04 02:08:37,987 - __main__ - INFO - time: 0.0578081607819
2016-04-04 02:08:38,254 - __main__ - INFO - Train ER-SVM with DCA (nu, ratio, trial): (0.29999999999999993, 0.029999999999999999, 2)
2016-04-04 02:08:39,371 - __main__ - INFO - time: 1.11528205872
2016-04-04 02:08:39,632 - __main__ - INFO - Train Enu-SVM (nu, ratio, trial): (0.29999999999999993, 0.029999999999999999, 2)
2016-04-04 02:08:40,494 - __main__ - INFO - time: 0.845190048218
2016-04-04 02:08:40,765 - __main__ - INFO - Train ER-SVM with Heuristics (nu, ratio, trial): (0.29999999999999993, 0.029999999999999999, 2)
2016-04-04 02:08:50,781 - __main__ - INFO - time: 10.0160939693
2016-04-04 02:08:51,044 - __main__ - INFO - Train ramp loss SVM (C, ratio, trial): 0.008
2016-04-04 02:08:51,103 - __main__ - INFO - time: 0.0580079555511
2016-04-04 02:08:51,366 - __main__ - INFO - Train ER-SVM with DCA (nu, ratio, trial): (0.19999999999999996, 0.029999999999999999, 2)
2016-04-04 02:08:53,113 - __main__ - INFO - time: 1.74494481087
2016-04-04 02:08:53,392 - __main__ - INFO - Train Enu-SVM (nu, ratio, trial): (0.19999999999999996, 0.029999999999999999, 2)
2016-04-04 02:08:54,262 - __main__ - INFO - time: 0.853533029556
2016-04-04 02:08:54,520 - __main__ - INFO - Train ER-SVM with Heuristics (nu, ratio, trial): (0.19999999999999996, 0.029999999999999999, 2)
2016-04-04 02:09:02,178 - __main__ - INFO - time: 7.65803909302
2016-04-04 02:09:02,443 - __main__ - INFO - Train ramp loss SVM (C, ratio, trial): 0.0016
2016-04-04 02:09:02,502 - __main__ - INFO - time: 0.0588581562042
2016-04-04 02:09:02,763 - __main__ - INFO - Train ER-SVM with DCA (nu, ratio, trial): (0.10000000000000001, 0.029999999999999999, 2)
2016-04-04 02:09:03,892 - __main__ - INFO - time: 1.12750315666
2016-04-04 02:09:04,171 - __main__ - INFO - Train Enu-SVM (nu, ratio, trial): (0.10000000000000001, 0.029999999999999999, 2)
2016-04-04 02:09:04,762 - __main__ - INFO - time: 0.567284822464
2016-04-04 02:09:05,025 - __main__ - INFO - Train ER-SVM with Heuristics (nu, ratio, trial): (0.10000000000000001, 0.029999999999999999, 2)
2016-04-04 02:09:09,198 - __main__ - INFO - time: 4.17215704918
2016-04-04 02:09:09,508 - __main__ - INFO - Train ramp loss SVM (C, ratio, trial): 625.0
2016-04-04 02:09:09,567 - __main__ - INFO - time: 0.0581798553467
2016-04-04 02:09:09,778 - __main__ - INFO - Train ER-SVM with DCA (nu, ratio, trial): (0.90000000000000002, 0.050000000000000003, 0)
2016-04-04 02:09:10,793 - __main__ - INFO - time: 1.01370310783
2016-04-04 02:09:11,002 - __main__ - INFO - Train Enu-SVM (nu, ratio, trial): (0.90000000000000002, 0.050000000000000003, 0)
2016-04-04 02:09:11,937 - __main__ - INFO - time: 0.918404102325
2016-04-04 02:09:12,146 - __main__ - INFO - Train ER-SVM with Heuristics (nu, ratio, trial): (0.90000000000000002, 0.050000000000000003, 0)
2016-04-04 02:09:12,146 - __main__ - INFO - time: 7.39097595215e-05
2016-04-04 02:09:12,352 - __main__ - INFO - Train ramp loss SVM (C, ratio, trial): 125.0
2016-04-04 02:09:12,409 - __main__ - INFO - time: 0.056608915329
2016-04-04 02:09:12,618 - __main__ - INFO - Train ER-SVM with DCA (nu, ratio, trial): (0.80000000000000004, 0.050000000000000003, 0)
2016-04-04 02:09:13,737 - __main__ - INFO - time: 1.11751508713
2016-04-04 02:09:13,952 - __main__ - INFO - Train Enu-SVM (nu, ratio, trial): (0.80000000000000004, 0.050000000000000003, 0)
2016-04-04 02:09:14,556 - __main__ - INFO - time: 0.587735891342
2016-04-04 02:09:14,770 - __main__ - INFO - Train ER-SVM with Heuristics (nu, ratio, trial): (0.80000000000000004, 0.050000000000000003, 0)
2016-04-04 02:09:18,734 - __main__ - INFO - time: 3.96376299858
2016-04-04 02:09:18,937 - __main__ - INFO - Train ramp loss SVM (C, ratio, trial): 25.0
2016-04-04 02:09:18,994 - __main__ - INFO - time: 0.0570549964905
2016-04-04 02:09:19,205 - __main__ - INFO - Train ER-SVM with DCA (nu, ratio, trial): (0.69999999999999996, 0.050000000000000003, 0)
2016-04-04 02:09:20,297 - __main__ - INFO - time: 1.09045577049
2016-04-04 02:09:20,519 - __main__ - INFO - Train Enu-SVM (nu, ratio, trial): (0.69999999999999996, 0.050000000000000003, 0)
2016-04-04 02:09:21,403 - __main__ - INFO - time: 0.862267017365
2016-04-04 02:09:21,615 - __main__ - INFO - Train ER-SVM with Heuristics (nu, ratio, trial): (0.69999999999999996, 0.050000000000000003, 0)
2016-04-04 02:09:35,354 - __main__ - INFO - time: 13.7385139465
2016-04-04 02:09:35,559 - __main__ - INFO - Train ramp loss SVM (C, ratio, trial): 5.0
2016-04-04 02:09:35,617 - __main__ - INFO - time: 0.0568408966064
2016-04-04 02:09:35,827 - __main__ - INFO - Train ER-SVM with DCA (nu, ratio, trial): (0.59999999999999998, 0.050000000000000003, 0)
2016-04-04 02:09:36,920 - __main__ - INFO - time: 1.09087204933
2016-04-04 02:09:37,130 - __main__ - INFO - Train Enu-SVM (nu, ratio, trial): (0.59999999999999998, 0.050000000000000003, 0)
2016-04-04 02:09:38,002 - __main__ - INFO - time: 0.849548816681
2016-04-04 02:09:38,211 - __main__ - INFO - Train ER-SVM with Heuristics (nu, ratio, trial): (0.59999999999999998, 0.050000000000000003, 0)
2016-04-04 02:09:59,331 - __main__ - INFO - time: 21.1198718548
2016-04-04 02:09:59,540 - __main__ - INFO - Train ramp loss SVM (C, ratio, trial): 1.0
2016-04-04 02:09:59,603 - __main__ - INFO - time: 0.0624461174011
2016-04-04 02:09:59,816 - __main__ - INFO - Train ER-SVM with DCA (nu, ratio, trial): (0.5, 0.050000000000000003, 0)
2016-04-04 02:10:00,952 - __main__ - INFO - time: 1.13345599174
2016-04-04 02:10:01,162 - __main__ - INFO - Train Enu-SVM (nu, ratio, trial): (0.5, 0.050000000000000003, 0)
2016-04-04 02:10:01,760 - __main__ - INFO - time: 0.579544782639
2016-04-04 02:10:01,969 - __main__ - INFO - Train ER-SVM with Heuristics (nu, ratio, trial): (0.5, 0.050000000000000003, 0)
2016-04-04 02:10:17,899 - __main__ - INFO - time: 15.9294259548
2016-04-04 02:10:18,118 - __main__ - INFO - Train ramp loss SVM (C, ratio, trial): 0.2
2016-04-04 02:10:18,171 - __main__ - INFO - time: 0.0527760982513
2016-04-04 02:10:18,390 - __main__ - INFO - Train ER-SVM with DCA (nu, ratio, trial): (0.40000000000000002, 0.050000000000000003, 0)
2016-04-04 02:10:19,497 - __main__ - INFO - time: 1.10362482071
2016-04-04 02:10:19,705 - __main__ - INFO - Train Enu-SVM (nu, ratio, trial): (0.40000000000000002, 0.050000000000000003, 0)
2016-04-04 02:10:20,565 - __main__ - INFO - time: 0.842350006104
2016-04-04 02:10:20,791 - __main__ - INFO - Train ER-SVM with Heuristics (nu, ratio, trial): (0.40000000000000002, 0.050000000000000003, 0)
2016-04-04 02:10:32,653 - __main__ - INFO - time: 11.8618049622
2016-04-04 02:10:32,862 - __main__ - INFO - Train ramp loss SVM (C, ratio, trial): 0.04
2016-04-04 02:10:32,919 - __main__ - INFO - time: 0.056804895401
2016-04-04 02:10:33,128 - __main__ - INFO - Train ER-SVM with DCA (nu, ratio, trial): (0.29999999999999993, 0.050000000000000003, 0)
2016-04-04 02:10:34,323 - __main__ - INFO - time: 1.19263195992
2016-04-04 02:10:34,539 - __main__ - INFO - Train Enu-SVM (nu, ratio, trial): (0.29999999999999993, 0.050000000000000003, 0)
2016-04-04 02:10:35,167 - __main__ - INFO - time: 0.609267950058
2016-04-04 02:10:35,407 - __main__ - INFO - Train ER-SVM with Heuristics (nu, ratio, trial): (0.29999999999999993, 0.050000000000000003, 0)
2016-04-04 02:10:46,923 - __main__ - INFO - time: 11.5166079998
2016-04-04 02:10:47,156 - __main__ - INFO - Train ramp loss SVM (C, ratio, trial): 0.008
2016-04-04 02:10:47,217 - __main__ - INFO - time: 0.0598049163818
2016-04-04 02:10:47,441 - __main__ - INFO - Train ER-SVM with DCA (nu, ratio, trial): (0.19999999999999996, 0.050000000000000003, 0)
2016-04-04 02:10:48,764 - __main__ - INFO - time: 1.32024812698
2016-04-04 02:10:48,971 - __main__ - INFO - Train Enu-SVM (nu, ratio, trial): (0.19999999999999996, 0.050000000000000003, 0)
2016-04-04 02:10:49,836 - __main__ - INFO - time: 0.848541975021
2016-04-04 02:10:50,051 - __main__ - INFO - Train ER-SVM with Heuristics (nu, ratio, trial): (0.19999999999999996, 0.050000000000000003, 0)
2016-04-04 02:10:57,279 - __main__ - INFO - time: 7.22790694237
2016-04-04 02:10:57,484 - __main__ - INFO - Train ramp loss SVM (C, ratio, trial): 0.0016
2016-04-04 02:10:57,543 - __main__ - INFO - time: 0.0577039718628
2016-04-04 02:10:57,750 - __main__ - INFO - Train ER-SVM with DCA (nu, ratio, trial): (0.10000000000000001, 0.050000000000000003, 0)
2016-04-04 02:10:58,895 - __main__ - INFO - time: 1.14275789261
2016-04-04 02:10:59,104 - __main__ - INFO - Train Enu-SVM (nu, ratio, trial): (0.10000000000000001, 0.050000000000000003, 0)
2016-04-04 02:10:59,667 - __main__ - INFO - time: 0.547597169876
2016-04-04 02:10:59,876 - __main__ - INFO - Train ER-SVM with Heuristics (nu, ratio, trial): (0.10000000000000001, 0.050000000000000003, 0)
2016-04-04 02:11:04,055 - __main__ - INFO - time: 4.17833900452
2016-04-04 02:11:04,298 - __main__ - INFO - Train ramp loss SVM (C, ratio, trial): 625.0
2016-04-04 02:11:04,357 - __main__ - INFO - time: 0.0587148666382
2016-04-04 02:11:04,620 - __main__ - INFO - Train ER-SVM with DCA (nu, ratio, trial): (0.90000000000000002, 0.050000000000000003, 1)
2016-04-04 02:11:05,884 - __main__ - INFO - time: 1.26086997986
2016-04-04 02:11:06,156 - __main__ - INFO - Train Enu-SVM (nu, ratio, trial): (0.90000000000000002, 0.050000000000000003, 1)
2016-04-04 02:11:07,052 - __main__ - INFO - time: 0.878899097443
2016-04-04 02:11:07,315 - __main__ - INFO - Train ER-SVM with Heuristics (nu, ratio, trial): (0.90000000000000002, 0.050000000000000003, 1)
2016-04-04 02:11:07,914 - __main__ - INFO - time: 0.598816156387
2016-04-04 02:11:08,179 - __main__ - INFO - Train ramp loss SVM (C, ratio, trial): 125.0
2016-04-04 02:11:08,240 - __main__ - INFO - time: 0.0598449707031
2016-04-04 02:11:08,500 - __main__ - INFO - Train ER-SVM with DCA (nu, ratio, trial): (0.80000000000000004, 0.050000000000000003, 1)
2016-04-04 02:11:09,677 - __main__ - INFO - time: 1.1751768589
2016-04-04 02:11:09,934 - __main__ - INFO - Train Enu-SVM (nu, ratio, trial): (0.80000000000000004, 0.050000000000000003, 1)
2016-04-04 02:11:10,566 - __main__ - INFO - time: 0.610861063004
2016-04-04 02:11:10,859 - __main__ - INFO - Train ER-SVM with Heuristics (nu, ratio, trial): (0.80000000000000004, 0.050000000000000003, 1)
2016-04-04 02:11:19,807 - __main__ - INFO - time: 8.94805121422
2016-04-04 02:11:20,067 - __main__ - INFO - Train ramp loss SVM (C, ratio, trial): 25.0
2016-04-04 02:11:20,125 - __main__ - INFO - time: 0.0581340789795
2016-04-04 02:11:20,393 - __main__ - INFO - Train ER-SVM with DCA (nu, ratio, trial): (0.69999999999999996, 0.050000000000000003, 1)
2016-04-04 02:11:21,517 - __main__ - INFO - time: 1.12079691887
2016-04-04 02:11:21,797 - __main__ - INFO - Train Enu-SVM (nu, ratio, trial): (0.69999999999999996, 0.050000000000000003, 1)
2016-04-04 02:11:22,427 - __main__ - INFO - time: 0.613010168076
2016-04-04 02:11:22,695 - __main__ - INFO - Train ER-SVM with Heuristics (nu, ratio, trial): (0.69999999999999996, 0.050000000000000003, 1)
2016-04-04 02:11:35,603 - __main__ - INFO - time: 12.9079668522
2016-04-04 02:11:35,903 - __main__ - INFO - Train ramp loss SVM (C, ratio, trial): 5.0
2016-04-04 02:11:35,970 - __main__ - INFO - time: 0.0657320022583
2016-04-04 02:11:36,255 - __main__ - INFO - Train ER-SVM with DCA (nu, ratio, trial): (0.59999999999999998, 0.050000000000000003, 1)
2016-04-04 02:11:37,376 - __main__ - INFO - time: 1.11806893349
2016-04-04 02:11:37,634 - __main__ - INFO - Train Enu-SVM (nu, ratio, trial): (0.59999999999999998, 0.050000000000000003, 1)
2016-04-04 02:11:38,482 - __main__ - INFO - time: 0.831098079681
2016-04-04 02:11:38,745 - __main__ - INFO - Train ER-SVM with Heuristics (nu, ratio, trial): (0.59999999999999998, 0.050000000000000003, 1)
2016-04-04 02:11:56,311 - __main__ - INFO - time: 17.5649747849
2016-04-04 02:11:56,575 - __main__ - INFO - Train ramp loss SVM (C, ratio, trial): 1.0
2016-04-04 02:11:56,635 - __main__ - INFO - time: 0.0596060752869
2016-04-04 02:11:56,900 - __main__ - INFO - Train ER-SVM with DCA (nu, ratio, trial): (0.5, 0.050000000000000003, 1)
2016-04-04 02:11:58,072 - __main__ - INFO - time: 1.1696369648
2016-04-04 02:11:58,335 - __main__ - INFO - Train Enu-SVM (nu, ratio, trial): (0.5, 0.050000000000000003, 1)
2016-04-04 02:11:59,235 - __main__ - INFO - time: 0.883563995361
2016-04-04 02:11:59,505 - __main__ - INFO - Train ER-SVM with Heuristics (nu, ratio, trial): (0.5, 0.050000000000000003, 1)
2016-04-04 02:12:14,949 - __main__ - INFO - time: 15.4443349838
2016-04-04 02:12:15,237 - __main__ - INFO - Train ramp loss SVM (C, ratio, trial): 0.2
2016-04-04 02:12:15,294 - __main__ - INFO - time: 0.0570759773254
2016-04-04 02:12:15,556 - __main__ - INFO - Train ER-SVM with DCA (nu, ratio, trial): (0.40000000000000002, 0.050000000000000003, 1)
2016-04-04 02:12:16,752 - __main__ - INFO - time: 1.19382500648
2016-04-04 02:12:17,014 - __main__ - INFO - Train Enu-SVM (nu, ratio, trial): (0.40000000000000002, 0.050000000000000003, 1)
2016-04-04 02:12:17,909 - __main__ - INFO - time: 0.870915174484
2016-04-04 02:12:18,216 - __main__ - INFO - Train ER-SVM with Heuristics (nu, ratio, trial): (0.40000000000000002, 0.050000000000000003, 1)
2016-04-04 02:12:31,374 - __main__ - INFO - time: 13.1580479145
2016-04-04 02:12:31,640 - __main__ - INFO - Train ramp loss SVM (C, ratio, trial): 0.04
2016-04-04 02:12:31,698 - __main__ - INFO - time: 0.0577311515808
2016-04-04 02:12:31,966 - __main__ - INFO - Train ER-SVM with DCA (nu, ratio, trial): (0.29999999999999993, 0.050000000000000003, 1)
2016-04-04 02:12:33,432 - __main__ - INFO - time: 1.46364498138
2016-04-04 02:12:33,709 - __main__ - INFO - Train Enu-SVM (nu, ratio, trial): (0.29999999999999993, 0.050000000000000003, 1)
2016-04-04 02:12:34,352 - __main__ - INFO - time: 0.626492023468
2016-04-04 02:12:34,615 - __main__ - INFO - Train ER-SVM with Heuristics (nu, ratio, trial): (0.29999999999999993, 0.050000000000000003, 1)
2016-04-04 02:12:44,652 - __main__ - INFO - time: 10.0361838341
2016-04-04 02:12:44,925 - __main__ - INFO - Train ramp loss SVM (C, ratio, trial): 0.008
2016-04-04 02:12:44,988 - __main__ - INFO - time: 0.0621538162231
2016-04-04 02:12:45,264 - __main__ - INFO - Train ER-SVM with DCA (nu, ratio, trial): (0.19999999999999996, 0.050000000000000003, 1)
2016-04-04 02:12:46,450 - __main__ - INFO - time: 1.182929039
2016-04-04 02:12:46,726 - __main__ - INFO - Train Enu-SVM (nu, ratio, trial): (0.19999999999999996, 0.050000000000000003, 1)
2016-04-04 02:12:47,346 - __main__ - INFO - time: 0.60280585289
2016-04-04 02:12:47,611 - __main__ - INFO - Train ER-SVM with Heuristics (nu, ratio, trial): (0.19999999999999996, 0.050000000000000003, 1)
2016-04-04 02:12:55,415 - __main__ - INFO - time: 7.80380582809
2016-04-04 02:12:55,681 - __main__ - INFO - Train ramp loss SVM (C, ratio, trial): 0.0016
2016-04-04 02:12:55,739 - __main__ - INFO - time: 0.0576350688934
2016-04-04 02:12:56,004 - __main__ - INFO - Train ER-SVM with DCA (nu, ratio, trial): (0.10000000000000001, 0.050000000000000003, 1)
2016-04-04 02:12:57,199 - __main__ - INFO - time: 1.19293904305
2016-04-04 02:12:57,468 - __main__ - INFO - Train Enu-SVM (nu, ratio, trial): (0.10000000000000001, 0.050000000000000003, 1)
2016-04-04 02:12:58,371 - __main__ - INFO - time: 0.878330945969
2016-04-04 02:12:58,636 - __main__ - INFO - Train ER-SVM with Heuristics (nu, ratio, trial): (0.10000000000000001, 0.050000000000000003, 1)
2016-04-04 02:13:03,113 - __main__ - INFO - time: 4.47642493248
2016-04-04 02:13:03,447 - __main__ - INFO - Train ramp loss SVM (C, ratio, trial): 625.0
2016-04-04 02:13:03,510 - __main__ - INFO - time: 0.0630509853363
2016-04-04 02:13:03,769 - __main__ - INFO - Train ER-SVM with DCA (nu, ratio, trial): (0.90000000000000002, 0.050000000000000003, 2)
2016-04-04 02:13:04,998 - __main__ - INFO - time: 1.22628092766
2016-04-04 02:13:05,265 - __main__ - INFO - Train Enu-SVM (nu, ratio, trial): (0.90000000000000002, 0.050000000000000003, 2)
2016-04-04 02:13:05,853 - __main__ - INFO - time: 0.570417881012
2016-04-04 02:13:06,120 - __main__ - INFO - Train ER-SVM with Heuristics (nu, ratio, trial): (0.90000000000000002, 0.050000000000000003, 2)
2016-04-04 02:13:07,877 - __main__ - INFO - time: 1.75680613518
2016-04-04 02:13:08,146 - __main__ - INFO - Train ramp loss SVM (C, ratio, trial): 125.0
2016-04-04 02:13:08,208 - __main__ - INFO - time: 0.0586628913879
2016-04-04 02:13:08,470 - __main__ - INFO - Train ER-SVM with DCA (nu, ratio, trial): (0.80000000000000004, 0.050000000000000003, 2)
2016-04-04 02:13:09,573 - __main__ - INFO - time: 1.10018491745
2016-04-04 02:13:09,835 - __main__ - INFO - Train Enu-SVM (nu, ratio, trial): (0.80000000000000004, 0.050000000000000003, 2)
2016-04-04 02:13:10,708 - __main__ - INFO - time: 0.853052854538
2016-04-04 02:13:10,982 - __main__ - INFO - Train ER-SVM with Heuristics (nu, ratio, trial): (0.80000000000000004, 0.050000000000000003, 2)
2016-04-04 02:13:14,527 - __main__ - INFO - time: 3.54428005219
2016-04-04 02:13:14,788 - __main__ - INFO - Train ramp loss SVM (C, ratio, trial): 25.0
2016-04-04 02:13:14,846 - __main__ - INFO - time: 0.0572779178619
2016-04-04 02:13:15,112 - __main__ - INFO - Train ER-SVM with DCA (nu, ratio, trial): (0.69999999999999996, 0.050000000000000003, 2)
2016-04-04 02:13:16,250 - __main__ - INFO - time: 1.13564586639
2016-04-04 02:13:16,513 - __main__ - INFO - Train Enu-SVM (nu, ratio, trial): (0.69999999999999996, 0.050000000000000003, 2)
2016-04-04 02:13:17,162 - __main__ - INFO - time: 0.625183105469
2016-04-04 02:13:17,424 - __main__ - INFO - Train ER-SVM with Heuristics (nu, ratio, trial): (0.69999999999999996, 0.050000000000000003, 2)
2016-04-04 02:13:24,771 - __main__ - INFO - time: 7.34737896919
2016-04-04 02:13:25,029 - __main__ - INFO - Train ramp loss SVM (C, ratio, trial): 5.0
2016-04-04 02:13:25,093 - __main__ - INFO - time: 0.0633769035339
2016-04-04 02:13:25,354 - __main__ - INFO - Train ER-SVM with DCA (nu, ratio, trial): (0.59999999999999998, 0.050000000000000003, 2)
2016-04-04 02:13:26,548 - __main__ - INFO - time: 1.18889117241
2016-04-04 02:13:26,809 - __main__ - INFO - Train Enu-SVM (nu, ratio, trial): (0.59999999999999998, 0.050000000000000003, 2)
2016-04-04 02:13:27,662 - __main__ - INFO - time: 0.837395906448
2016-04-04 02:13:27,926 - __main__ - INFO - Train ER-SVM with Heuristics (nu, ratio, trial): (0.59999999999999998, 0.050000000000000003, 2)
2016-04-04 02:13:39,878 - __main__ - INFO - time: 11.9514949322
2016-04-04 02:13:40,144 - __main__ - INFO - Train ramp loss SVM (C, ratio, trial): 1.0
2016-04-04 02:13:40,204 - __main__ - INFO - time: 0.0593287944794
2016-04-04 02:13:40,465 - __main__ - INFO - Train ER-SVM with DCA (nu, ratio, trial): (0.5, 0.050000000000000003, 2)
2016-04-04 02:13:41,619 - __main__ - INFO - time: 1.15194416046
2016-04-04 02:13:41,888 - __main__ - INFO - Train Enu-SVM (nu, ratio, trial): (0.5, 0.050000000000000003, 2)
2016-04-04 02:13:42,738 - __main__ - INFO - time: 0.829890012741
2016-04-04 02:13:43,002 - __main__ - INFO - Train ER-SVM with Heuristics (nu, ratio, trial): (0.5, 0.050000000000000003, 2)
2016-04-04 02:13:58,163 - __main__ - INFO - time: 15.1613030434
2016-04-04 02:13:58,425 - __main__ - INFO - Train ramp loss SVM (C, ratio, trial): 0.2
2016-04-04 02:13:58,487 - __main__ - INFO - time: 0.0614981651306
2016-04-04 02:13:58,756 - __main__ - INFO - Train ER-SVM with DCA (nu, ratio, trial): (0.40000000000000002, 0.050000000000000003, 2)
2016-04-04 02:14:00,205 - __main__ - INFO - time: 1.44761610031
2016-04-04 02:14:00,490 - __main__ - INFO - Train Enu-SVM (nu, ratio, trial): (0.40000000000000002, 0.050000000000000003, 2)
2016-04-04 02:14:01,068 - __main__ - INFO - time: 0.561724185944
2016-04-04 02:14:01,332 - __main__ - INFO - Train ER-SVM with Heuristics (nu, ratio, trial): (0.40000000000000002, 0.050000000000000003, 2)
2016-04-04 02:14:14,807 - __main__ - INFO - time: 13.4750239849
2016-04-04 02:14:15,097 - __main__ - INFO - Train ramp loss SVM (C, ratio, trial): 0.04
2016-04-04 02:14:15,162 - __main__ - INFO - time: 0.0642030239105
2016-04-04 02:14:15,440 - __main__ - INFO - Train ER-SVM with DCA (nu, ratio, trial): (0.29999999999999993, 0.050000000000000003, 2)
2016-04-04 02:14:16,597 - __main__ - INFO - time: 1.1547100544
2016-04-04 02:14:16,860 - __main__ - INFO - Train Enu-SVM (nu, ratio, trial): (0.29999999999999993, 0.050000000000000003, 2)
2016-04-04 02:14:17,439 - __main__ - INFO - time: 0.561300039291
2016-04-04 02:14:17,698 - __main__ - INFO - Train ER-SVM with Heuristics (nu, ratio, trial): (0.29999999999999993, 0.050000000000000003, 2)
2016-04-04 02:14:28,761 - __main__ - INFO - time: 11.0629138947
2016-04-04 02:14:29,023 - __main__ - INFO - Train ramp loss SVM (C, ratio, trial): 0.008
2016-04-04 02:14:29,081 - __main__ - INFO - time: 0.0571520328522
2016-04-04 02:14:29,344 - __main__ - INFO - Train ER-SVM with DCA (nu, ratio, trial): (0.19999999999999996, 0.050000000000000003, 2)
2016-04-04 02:14:30,679 - __main__ - INFO - time: 1.33210802078
2016-04-04 02:14:30,935 - __main__ - INFO - Train Enu-SVM (nu, ratio, trial): (0.19999999999999996, 0.050000000000000003, 2)
2016-04-04 02:14:31,788 - __main__ - INFO - time: 0.83545589447
2016-04-04 02:14:32,057 - __main__ - INFO - Train ER-SVM with Heuristics (nu, ratio, trial): (0.19999999999999996, 0.050000000000000003, 2)
2016-04-04 02:14:39,503 - __main__ - INFO - time: 7.44594216347
2016-04-04 02:14:39,769 - __main__ - INFO - Train ramp loss SVM (C, ratio, trial): 0.0016
2016-04-04 02:14:39,830 - __main__ - INFO - time: 0.0596160888672
2016-04-04 02:14:40,094 - __main__ - INFO - Train ER-SVM with DCA (nu, ratio, trial): (0.10000000000000001, 0.050000000000000003, 2)
2016-04-04 02:14:41,505 - __main__ - INFO - time: 1.40911793709
2016-04-04 02:14:41,767 - __main__ - INFO - Train Enu-SVM (nu, ratio, trial): (0.10000000000000001, 0.050000000000000003, 2)
2016-04-04 02:14:42,383 - __main__ - INFO - time: 0.601161003113
2016-04-04 02:14:42,643 - __main__ - INFO - Train ER-SVM with Heuristics (nu, ratio, trial): (0.10000000000000001, 0.050000000000000003, 2)
2016-04-04 02:14:47,553 - __main__ - INFO - time: 4.91041994095
2016-04-04 02:14:47,844 - __main__ - INFO - Train ramp loss SVM (C, ratio, trial): 625.0
2016-04-04 02:14:47,907 - __main__ - INFO - time: 0.0616118907928
2016-04-04 02:14:48,172 - __main__ - INFO - Train ER-SVM with DCA (nu, ratio, trial): (0.90000000000000002, 0.10000000000000001, 0)
2016-04-04 02:14:49,637 - __main__ - INFO - time: 1.46328186989
2016-04-04 02:14:49,900 - __main__ - INFO - Train Enu-SVM (nu, ratio, trial): (0.90000000000000002, 0.10000000000000001, 0)
2016-04-04 02:14:50,533 - __main__ - INFO - time: 0.616473913193
2016-04-04 02:14:50,799 - __main__ - INFO - Train ER-SVM with Heuristics (nu, ratio, trial): (0.90000000000000002, 0.10000000000000001, 0)
2016-04-04 02:14:53,434 - __main__ - INFO - time: 2.63461208344
2016-04-04 02:14:53,697 - __main__ - INFO - Train ramp loss SVM (C, ratio, trial): 125.0
2016-04-04 02:14:53,759 - __main__ - INFO - time: 0.0609171390533
2016-04-04 02:14:54,024 - __main__ - INFO - Train ER-SVM with DCA (nu, ratio, trial): (0.80000000000000004, 0.10000000000000001, 0)
2016-04-04 02:14:55,334 - __main__ - INFO - time: 1.30824279785
2016-04-04 02:14:55,601 - __main__ - INFO - Train Enu-SVM (nu, ratio, trial): (0.80000000000000004, 0.10000000000000001, 0)
2016-04-04 02:14:56,512 - __main__ - INFO - time: 0.885160923004
2016-04-04 02:14:56,808 - __main__ - INFO - Train ER-SVM with Heuristics (nu, ratio, trial): (0.80000000000000004, 0.10000000000000001, 0)
2016-04-04 02:15:01,752 - __main__ - INFO - time: 4.94376206398
2016-04-04 02:15:02,012 - __main__ - INFO - Train ramp loss SVM (C, ratio, trial): 25.0
2016-04-04 02:15:02,073 - __main__ - INFO - time: 0.0608069896698
2016-04-04 02:15:02,335 - __main__ - INFO - Train ER-SVM with DCA (nu, ratio, trial): (0.69999999999999996, 0.10000000000000001, 0)
2016-04-04 02:15:03,917 - __main__ - INFO - time: 1.57922291756
2016-04-04 02:15:04,204 - __main__ - INFO - Train Enu-SVM (nu, ratio, trial): (0.69999999999999996, 0.10000000000000001, 0)
2016-04-04 02:15:04,790 - __main__ - INFO - time: 0.569742202759
2016-04-04 02:15:05,056 - __main__ - INFO - Train ER-SVM with Heuristics (nu, ratio, trial): (0.69999999999999996, 0.10000000000000001, 0)
2016-04-04 02:15:15,871 - __main__ - INFO - time: 10.8150250912
2016-04-04 02:15:16,135 - __main__ - INFO - Train ramp loss SVM (C, ratio, trial): 5.0
2016-04-04 02:15:16,197 - __main__ - INFO - time: 0.0613939762115
2016-04-04 02:15:16,461 - __main__ - INFO - Train ER-SVM with DCA (nu, ratio, trial): (0.59999999999999998, 0.10000000000000001, 0)
2016-04-04 02:15:17,799 - __main__ - INFO - time: 1.33610892296
2016-04-04 02:15:18,064 - __main__ - INFO - Train Enu-SVM (nu, ratio, trial): (0.59999999999999998, 0.10000000000000001, 0)
2016-04-04 02:15:18,924 - __main__ - INFO - time: 0.836385965347
2016-04-04 02:15:19,186 - __main__ - INFO - Train ER-SVM with Heuristics (nu, ratio, trial): (0.59999999999999998, 0.10000000000000001, 0)
2016-04-04 02:15:35,241 - __main__ - INFO - time: 16.0545392036
2016-04-04 02:15:35,506 - __main__ - INFO - Train ramp loss SVM (C, ratio, trial): 1.0
2016-04-04 02:15:35,567 - __main__ - INFO - time: 0.0605878829956
2016-04-04 02:15:35,828 - __main__ - INFO - Train ER-SVM with DCA (nu, ratio, trial): (0.5, 0.10000000000000001, 0)
2016-04-04 02:15:37,145 - __main__ - INFO - time: 1.31487393379
2016-04-04 02:15:37,410 - __main__ - INFO - Train Enu-SVM (nu, ratio, trial): (0.5, 0.10000000000000001, 0)
2016-04-04 02:15:38,302 - __main__ - INFO - time: 0.873463869095
2016-04-04 02:15:38,565 - __main__ - INFO - Train ER-SVM with Heuristics (nu, ratio, trial): (0.5, 0.10000000000000001, 0)
2016-04-04 02:15:53,541 - __main__ - INFO - time: 14.9748899937
2016-04-04 02:15:53,804 - __main__ - INFO - Train ramp loss SVM (C, ratio, trial): 0.2
2016-04-04 02:15:53,861 - __main__ - INFO - time: 0.0569479465485
2016-04-04 02:15:54,121 - __main__ - INFO - Train ER-SVM with DCA (nu, ratio, trial): (0.40000000000000002, 0.10000000000000001, 0)
2016-04-04 02:15:55,426 - __main__ - INFO - time: 1.30284500122
2016-04-04 02:15:55,695 - __main__ - INFO - Train Enu-SVM (nu, ratio, trial): (0.40000000000000002, 0.10000000000000001, 0)
2016-04-04 02:15:56,558 - __main__ - INFO - time: 0.8416659832
2016-04-04 02:15:56,824 - __main__ - INFO - Train ER-SVM with Heuristics (nu, ratio, trial): (0.40000000000000002, 0.10000000000000001, 0)
2016-04-04 02:16:09,357 - __main__ - INFO - time: 12.5332360268
2016-04-04 02:16:09,621 - __main__ - INFO - Train ramp loss SVM (C, ratio, trial): 0.04
2016-04-04 02:16:09,682 - __main__ - INFO - time: 0.0595722198486
2016-04-04 02:16:09,945 - __main__ - INFO - Train ER-SVM with DCA (nu, ratio, trial): (0.29999999999999993, 0.10000000000000001, 0)
2016-04-04 02:16:11,019 - __main__ - INFO - time: 1.07258009911
2016-04-04 02:16:11,283 - __main__ - INFO - Train Enu-SVM (nu, ratio, trial): (0.29999999999999993, 0.10000000000000001, 0)
2016-04-04 02:16:11,874 - __main__ - INFO - time: 0.573343992233
2016-04-04 02:16:12,154 - __main__ - INFO - Train ER-SVM with Heuristics (nu, ratio, trial): (0.29999999999999993, 0.10000000000000001, 0)
2016-04-04 02:16:23,147 - __main__ - INFO - time: 10.9931371212
2016-04-04 02:16:23,428 - __main__ - INFO - Train ramp loss SVM (C, ratio, trial): 0.008
2016-04-04 02:16:23,489 - __main__ - INFO - time: 0.0596349239349
2016-04-04 02:16:23,757 - __main__ - INFO - Train ER-SVM with DCA (nu, ratio, trial): (0.19999999999999996, 0.10000000000000001, 0)
2016-04-04 02:16:25,068 - __main__ - INFO - time: 1.30825090408
2016-04-04 02:16:25,330 - __main__ - INFO - Train Enu-SVM (nu, ratio, trial): (0.19999999999999996, 0.10000000000000001, 0)
2016-04-04 02:16:26,205 - __main__ - INFO - time: 0.856982946396
2016-04-04 02:16:26,489 - __main__ - INFO - Train ER-SVM with Heuristics (nu, ratio, trial): (0.19999999999999996, 0.10000000000000001, 0)
2016-04-04 02:16:34,559 - __main__ - INFO - time: 8.06915307045
2016-04-04 02:16:34,820 - __main__ - INFO - Train ramp loss SVM (C, ratio, trial): 0.0016
2016-04-04 02:16:34,882 - __main__ - INFO - time: 0.0616338253021
2016-04-04 02:16:35,145 - __main__ - INFO - Train ER-SVM with DCA (nu, ratio, trial): (0.10000000000000001, 0.10000000000000001, 0)
2016-04-04 02:16:36,316 - __main__ - INFO - time: 1.16955685616
2016-04-04 02:16:36,580 - __main__ - INFO - Train Enu-SVM (nu, ratio, trial): (0.10000000000000001, 0.10000000000000001, 0)
2016-04-04 02:16:37,447 - __main__ - INFO - time: 0.849566936493
2016-04-04 02:16:37,735 - __main__ - INFO - Train ER-SVM with Heuristics (nu, ratio, trial): (0.10000000000000001, 0.10000000000000001, 0)
2016-04-04 02:16:42,251 - __main__ - INFO - time: 4.51569604874
2016-04-04 02:16:42,535 - __main__ - INFO - Train ramp loss SVM (C, ratio, trial): 625.0
2016-04-04 02:16:42,598 - __main__ - INFO - time: 0.0624408721924
2016-04-04 02:16:42,811 - __main__ - INFO - Train ER-SVM with DCA (nu, ratio, trial): (0.90000000000000002, 0.10000000000000001, 1)
2016-04-04 02:16:43,760 - __main__ - INFO - time: 0.946895837784
2016-04-04 02:16:43,969 - __main__ - INFO - Train Enu-SVM (nu, ratio, trial): (0.90000000000000002, 0.10000000000000001, 1)
2016-04-04 02:16:44,616 - __main__ - INFO - time: 0.616141080856
2016-04-04 02:16:44,852 - __main__ - INFO - Train ER-SVM with Heuristics (nu, ratio, trial): (0.90000000000000002, 0.10000000000000001, 1)
2016-04-04 02:16:44,852 - __main__ - INFO - time: 9.20295715332e-05
2016-04-04 02:16:45,061 - __main__ - INFO - Train ramp loss SVM (C, ratio, trial): 125.0
2016-04-04 02:16:45,119 - __main__ - INFO - time: 0.0579769611359
2016-04-04 02:16:45,333 - __main__ - INFO - Train ER-SVM with DCA (nu, ratio, trial): (0.80000000000000004, 0.10000000000000001, 1)
2016-04-04 02:16:46,432 - __main__ - INFO - time: 1.09473395348
2016-04-04 02:16:46,644 - __main__ - INFO - Train Enu-SVM (nu, ratio, trial): (0.80000000000000004, 0.10000000000000001, 1)
2016-04-04 02:16:47,538 - __main__ - INFO - time: 0.873046159744
2016-04-04 02:16:47,746 - __main__ - INFO - Train ER-SVM with Heuristics (nu, ratio, trial): (0.80000000000000004, 0.10000000000000001, 1)
2016-04-04 02:16:47,746 - __main__ - INFO - time: 6.22272491455e-05
2016-04-04 02:16:47,957 - __main__ - INFO - Train ramp loss SVM (C, ratio, trial): 25.0
2016-04-04 02:16:48,017 - __main__ - INFO - time: 0.059014081955
2016-04-04 02:16:48,233 - __main__ - INFO - Train ER-SVM with DCA (nu, ratio, trial): (0.69999999999999996, 0.10000000000000001, 1)
2016-04-04 02:16:49,616 - __main__ - INFO - time: 1.38122105598
2016-04-04 02:16:49,831 - __main__ - INFO - Train Enu-SVM (nu, ratio, trial): (0.69999999999999996, 0.10000000000000001, 1)
2016-04-04 02:16:50,474 - __main__ - INFO - time: 0.623659133911
2016-04-04 02:16:50,686 - __main__ - INFO - Train ER-SVM with Heuristics (nu, ratio, trial): (0.69999999999999996, 0.10000000000000001, 1)
2016-04-04 02:16:50,686 - __main__ - INFO - time: 6.31809234619e-05
2016-04-04 02:16:50,896 - __main__ - INFO - Train ramp loss SVM (C, ratio, trial): 5.0
2016-04-04 02:16:50,954 - __main__ - INFO - time: 0.0576770305634
2016-04-04 02:16:51,166 - __main__ - INFO - Train ER-SVM with DCA (nu, ratio, trial): (0.59999999999999998, 0.10000000000000001, 1)
2016-04-04 02:16:52,309 - __main__ - INFO - time: 1.14161205292
2016-04-04 02:16:52,527 - __main__ - INFO - Train Enu-SVM (nu, ratio, trial): (0.59999999999999998, 0.10000000000000001, 1)
2016-04-04 02:16:53,115 - __main__ - INFO - time: 0.570581912994
2016-04-04 02:16:53,335 - __main__ - INFO - Train ER-SVM with Heuristics (nu, ratio, trial): (0.59999999999999998, 0.10000000000000001, 1)
2016-04-04 02:16:56,356 - __main__ - INFO - time: 3.02042198181
2016-04-04 02:16:56,595 - __main__ - INFO - Train ramp loss SVM (C, ratio, trial): 1.0
2016-04-04 02:16:56,656 - __main__ - INFO - time: 0.061182975769
2016-04-04 02:16:56,882 - __main__ - INFO - Train ER-SVM with DCA (nu, ratio, trial): (0.5, 0.10000000000000001, 1)
2016-04-04 02:16:57,989 - __main__ - INFO - time: 1.10559105873
2016-04-04 02:16:58,214 - __main__ - INFO - Train Enu-SVM (nu, ratio, trial): (0.5, 0.10000000000000001, 1)
2016-04-04 02:16:59,086 - __main__ - INFO - time: 0.851627111435
2016-04-04 02:16:59,310 - __main__ - INFO - Train ER-SVM with Heuristics (nu, ratio, trial): (0.5, 0.10000000000000001, 1)
2016-04-04 02:17:05,220 - __main__ - INFO - time: 5.90924501419
2016-04-04 02:17:05,425 - __main__ - INFO - Train ramp loss SVM (C, ratio, trial): 0.2
2016-04-04 02:17:05,484 - __main__ - INFO - time: 0.0571849346161
2016-04-04 02:17:05,692 - __main__ - INFO - Train ER-SVM with DCA (nu, ratio, trial): (0.40000000000000002, 0.10000000000000001, 1)
2016-04-04 02:17:06,845 - __main__ - INFO - time: 1.15007591248
2016-04-04 02:17:07,053 - __main__ - INFO - Train Enu-SVM (nu, ratio, trial): (0.40000000000000002, 0.10000000000000001, 1)
2016-04-04 02:17:07,650 - __main__ - INFO - time: 0.581015110016
2016-04-04 02:17:07,858 - __main__ - INFO - Train ER-SVM with Heuristics (nu, ratio, trial): (0.40000000000000002, 0.10000000000000001, 1)
2016-04-04 02:17:20,158 - __main__ - INFO - time: 12.2997601032
2016-04-04 02:17:20,373 - __main__ - INFO - Train ramp loss SVM (C, ratio, trial): 0.04
2016-04-04 02:17:20,433 - __main__ - INFO - time: 0.0585877895355
2016-04-04 02:17:20,635 - __main__ - INFO - Train ER-SVM with DCA (nu, ratio, trial): (0.29999999999999993, 0.10000000000000001, 1)
2016-04-04 02:17:21,759 - __main__ - INFO - time: 1.12165689468
2016-04-04 02:17:21,970 - __main__ - INFO - Train Enu-SVM (nu, ratio, trial): (0.29999999999999993, 0.10000000000000001, 1)
2016-04-04 02:17:22,855 - __main__ - INFO - time: 0.862218856812
2016-04-04 02:17:23,072 - __main__ - INFO - Train ER-SVM with Heuristics (nu, ratio, trial): (0.29999999999999993, 0.10000000000000001, 1)
2016-04-04 02:17:33,651 - __main__ - INFO - time: 10.5792958736
2016-04-04 02:17:33,864 - __main__ - INFO - Train ramp loss SVM (C, ratio, trial): 0.008
2016-04-04 02:17:33,923 - __main__ - INFO - time: 0.0587759017944
2016-04-04 02:17:34,142 - __main__ - INFO - Train ER-SVM with DCA (nu, ratio, trial): (0.19999999999999996, 0.10000000000000001, 1)
2016-04-04 02:17:35,320 - __main__ - INFO - time: 1.17605185509
2016-04-04 02:17:35,535 - __main__ - INFO - Train Enu-SVM (nu, ratio, trial): (0.19999999999999996, 0.10000000000000001, 1)
2016-04-04 02:17:36,138 - __main__ - INFO - time: 0.584431171417
2016-04-04 02:17:36,354 - __main__ - INFO - Train ER-SVM with Heuristics (nu, ratio, trial): (0.19999999999999996, 0.10000000000000001, 1)
2016-04-04 02:17:43,965 - __main__ - INFO - time: 7.61065602303
2016-04-04 02:17:44,173 - __main__ - INFO - Train ramp loss SVM (C, ratio, trial): 0.0016
2016-04-04 02:17:44,232 - __main__ - INFO - time: 0.0583357810974
2016-04-04 02:17:44,452 - __main__ - INFO - Train ER-SVM with DCA (nu, ratio, trial): (0.10000000000000001, 0.10000000000000001, 1)
2016-04-04 02:17:45,895 - __main__ - INFO - time: 1.44106888771
2016-04-04 02:17:46,104 - __main__ - INFO - Train Enu-SVM (nu, ratio, trial): (0.10000000000000001, 0.10000000000000001, 1)
2016-04-04 02:17:46,687 - __main__ - INFO - time: 0.561280965805
2016-04-04 02:17:46,898 - __main__ - INFO - Train ER-SVM with Heuristics (nu, ratio, trial): (0.10000000000000001, 0.10000000000000001, 1)
2016-04-04 02:17:51,209 - __main__ - INFO - time: 4.31058216095
2016-04-04 02:17:51,458 - __main__ - INFO - Train ramp loss SVM (C, ratio, trial): 625.0
2016-04-04 02:17:51,521 - __main__ - INFO - time: 0.0620048046112
2016-04-04 02:17:51,784 - __main__ - INFO - Train ER-SVM with DCA (nu, ratio, trial): (0.90000000000000002, 0.10000000000000001, 2)
2016-04-04 02:17:53,972 - __main__ - INFO - time: 2.18558311462
2016-04-04 02:17:54,241 - __main__ - INFO - Train Enu-SVM (nu, ratio, trial): (0.90000000000000002, 0.10000000000000001, 2)
2016-04-04 02:17:54,841 - __main__ - INFO - time: 0.583298921585
2016-04-04 02:17:55,105 - __main__ - INFO - Train ER-SVM with Heuristics (nu, ratio, trial): (0.90000000000000002, 0.10000000000000001, 2)
2016-04-04 02:17:58,186 - __main__ - INFO - time: 3.08133411407
2016-04-04 02:17:58,449 - __main__ - INFO - Train ramp loss SVM (C, ratio, trial): 125.0
2016-04-04 02:17:58,506 - __main__ - INFO - time: 0.0567860603333
2016-04-04 02:17:58,774 - __main__ - INFO - Train ER-SVM with DCA (nu, ratio, trial): (0.80000000000000004, 0.10000000000000001, 2)
2016-04-04 02:18:00,176 - __main__ - INFO - time: 1.39961004257
2016-04-04 02:18:00,449 - __main__ - INFO - Train Enu-SVM (nu, ratio, trial): (0.80000000000000004, 0.10000000000000001, 2)
2016-04-04 02:18:01,314 - __main__ - INFO - time: 0.847609996796
2016-04-04 02:18:01,590 - __main__ - INFO - Train ER-SVM with Heuristics (nu, ratio, trial): (0.80000000000000004, 0.10000000000000001, 2)
2016-04-04 02:18:06,935 - __main__ - INFO - time: 5.34439396858
2016-04-04 02:18:07,200 - __main__ - INFO - Train ramp loss SVM (C, ratio, trial): 25.0
2016-04-04 02:18:07,261 - __main__ - INFO - time: 0.0605790615082
2016-04-04 02:18:07,533 - __main__ - INFO - Train ER-SVM with DCA (nu, ratio, trial): (0.69999999999999996, 0.10000000000000001, 2)
2016-04-04 02:18:08,632 - __main__ - INFO - time: 1.09509396553
2016-04-04 02:18:08,894 - __main__ - INFO - Train Enu-SVM (nu, ratio, trial): (0.69999999999999996, 0.10000000000000001, 2)
2016-04-04 02:18:09,490 - __main__ - INFO - time: 0.57852602005
2016-04-04 02:18:09,754 - __main__ - INFO - Train ER-SVM with Heuristics (nu, ratio, trial): (0.69999999999999996, 0.10000000000000001, 2)
2016-04-04 02:18:19,375 - __main__ - INFO - time: 9.6208999157
2016-04-04 02:18:19,634 - __main__ - INFO - Train ramp loss SVM (C, ratio, trial): 5.0
2016-04-04 02:18:19,693 - __main__ - INFO - time: 0.0574541091919
2016-04-04 02:18:19,954 - __main__ - INFO - Train ER-SVM with DCA (nu, ratio, trial): (0.59999999999999998, 0.10000000000000001, 2)
2016-04-04 02:18:21,292 - __main__ - INFO - time: 1.33591103554
2016-04-04 02:18:21,552 - __main__ - INFO - Train Enu-SVM (nu, ratio, trial): (0.59999999999999998, 0.10000000000000001, 2)
2016-04-04 02:18:22,138 - __main__ - INFO - time: 0.567656040192
2016-04-04 02:18:22,399 - __main__ - INFO - Train ER-SVM with Heuristics (nu, ratio, trial): (0.59999999999999998, 0.10000000000000001, 2)
2016-04-04 02:18:37,188 - __main__ - INFO - time: 14.7887208462
2016-04-04 02:18:37,452 - __main__ - INFO - Train ramp loss SVM (C, ratio, trial): 1.0
2016-04-04 02:18:37,513 - __main__ - INFO - time: 0.0594689846039
2016-04-04 02:18:37,776 - __main__ - INFO - Train ER-SVM with DCA (nu, ratio, trial): (0.5, 0.10000000000000001, 2)
2016-04-04 02:18:39,107 - __main__ - INFO - time: 1.32835698128
2016-04-04 02:18:39,370 - __main__ - INFO - Train Enu-SVM (nu, ratio, trial): (0.5, 0.10000000000000001, 2)
2016-04-04 02:18:40,241 - __main__ - INFO - time: 0.85196518898
2016-04-04 02:18:40,515 - __main__ - INFO - Train ER-SVM with Heuristics (nu, ratio, trial): (0.5, 0.10000000000000001, 2)
2016-04-04 02:18:55,560 - __main__ - INFO - time: 15.0445168018
2016-04-04 02:18:55,826 - __main__ - INFO - Train ramp loss SVM (C, ratio, trial): 0.2
2016-04-04 02:18:55,884 - __main__ - INFO - time: 0.0570540428162
2016-04-04 02:18:56,153 - __main__ - INFO - Train ER-SVM with DCA (nu, ratio, trial): (0.40000000000000002, 0.10000000000000001, 2)
2016-04-04 02:18:57,776 - __main__ - INFO - time: 1.6212220192
2016-04-04 02:18:58,035 - __main__ - INFO - Train Enu-SVM (nu, ratio, trial): (0.40000000000000002, 0.10000000000000001, 2)
2016-04-04 02:18:58,646 - __main__ - INFO - time: 0.589125156403
2016-04-04 02:18:58,916 - __main__ - INFO - Train ER-SVM with Heuristics (nu, ratio, trial): (0.40000000000000002, 0.10000000000000001, 2)
2016-04-04 02:19:12,086 - __main__ - INFO - time: 13.1693680286
2016-04-04 02:19:12,351 - __main__ - INFO - Train ramp loss SVM (C, ratio, trial): 0.04
2016-04-04 02:19:12,411 - __main__ - INFO - time: 0.059858083725
2016-04-04 02:19:12,675 - __main__ - INFO - Train ER-SVM with DCA (nu, ratio, trial): (0.29999999999999993, 0.10000000000000001, 2)
2016-04-04 02:19:13,910 - __main__ - INFO - time: 1.23225212097
2016-04-04 02:19:14,172 - __main__ - INFO - Train Enu-SVM (nu, ratio, trial): (0.29999999999999993, 0.10000000000000001, 2)
2016-04-04 02:19:14,765 - __main__ - INFO - time: 0.569329023361
2016-04-04 02:19:15,034 - __main__ - INFO - Train ER-SVM with Heuristics (nu, ratio, trial): (0.29999999999999993, 0.10000000000000001, 2)
2016-04-04 02:19:24,563 - __main__ - INFO - time: 9.52910995483
2016-04-04 02:19:24,826 - __main__ - INFO - Train ramp loss SVM (C, ratio, trial): 0.008
2016-04-04 02:19:24,886 - __main__ - INFO - time: 0.0582559108734
2016-04-04 02:19:25,151 - __main__ - INFO - Train ER-SVM with DCA (nu, ratio, trial): (0.19999999999999996, 0.10000000000000001, 2)
2016-04-04 02:19:26,261 - __main__ - INFO - time: 1.10834312439
2016-04-04 02:19:26,527 - __main__ - INFO - Train Enu-SVM (nu, ratio, trial): (0.19999999999999996, 0.10000000000000001, 2)
2016-04-04 02:19:27,125 - __main__ - INFO - time: 0.581649065018
2016-04-04 02:19:27,393 - __main__ - INFO - Train ER-SVM with Heuristics (nu, ratio, trial): (0.19999999999999996, 0.10000000000000001, 2)
2016-04-04 02:19:34,758 - __main__ - INFO - time: 7.36419796944
2016-04-04 02:19:35,036 - __main__ - INFO - Train ramp loss SVM (C, ratio, trial): 0.0016
2016-04-04 02:19:35,098 - __main__ - INFO - time: 0.0618600845337
2016-04-04 02:19:35,368 - __main__ - INFO - Train ER-SVM with DCA (nu, ratio, trial): (0.10000000000000001, 0.10000000000000001, 2)
2016-04-04 02:19:36,601 - __main__ - INFO - time: 1.23084807396
2016-04-04 02:19:36,864 - __main__ - INFO - Train Enu-SVM (nu, ratio, trial): (0.10000000000000001, 0.10000000000000001, 2)
2016-04-04 02:19:37,728 - __main__ - INFO - time: 0.840682983398
2016-04-04 02:19:37,993 - __main__ - INFO - Train ER-SVM with Heuristics (nu, ratio, trial): (0.10000000000000001, 0.10000000000000001, 2)
2016-04-04 02:19:41,738 - __main__ - INFO - time: 3.74431395531
2016-04-04 02:19:41,997 - __main__ - INFO - Training finished
