2016-04-24 16:49:46,994 - __main__ - INFO - info test
2016-04-24 16:49:47,856 - __main__ - INFO - Train ramp loss SVM (C, ratio, trial): 625.0
2016-04-24 16:49:48,015 - __main__ - INFO - time: 0.158390045166
2016-04-24 16:49:48,147 - __main__ - INFO - Train ER-SVM with DCA (nu, ratio, trial): (0.25, 0.0, 0)
2016-04-24 16:49:56,559 - __main__ - INFO - time: 8.40487289429
2016-04-24 16:49:56,673 - __main__ - INFO - Train Enu-SVM (nu, ratio, trial): (0.25, 0.0, 0)
2016-04-24 16:50:02,044 - __main__ - INFO - time: 5.3264298439
2016-04-24 16:50:02,164 - __main__ - INFO - Train ER-SVM with Heuristics (nu, ratio, trial): (0.25, 0.0, 0)
2016-04-24 16:50:02,164 - __main__ - INFO - time: 6.89029693604e-05
2016-04-24 16:50:02,279 - __main__ - INFO - Train ramp loss SVM (C, ratio, trial): 125.0
2016-04-24 16:50:02,435 - __main__ - INFO - time: 0.155963897705
2016-04-24 16:50:02,550 - __main__ - INFO - Train ER-SVM with DCA (nu, ratio, trial): (0.22500000000000001, 0.0, 0)
2016-04-24 16:50:07,030 - __main__ - INFO - time: 4.47243189812
2016-04-24 16:50:07,144 - __main__ - INFO - Train Enu-SVM (nu, ratio, trial): (0.22500000000000001, 0.0, 0)
2016-04-24 16:50:10,429 - __main__ - INFO - time: 3.24803209305
2016-04-24 16:50:10,544 - __main__ - INFO - Train ER-SVM with Heuristics (nu, ratio, trial): (0.22500000000000001, 0.0, 0)
2016-04-24 16:50:10,544 - __main__ - INFO - time: 6.31809234619e-05
2016-04-24 16:50:10,658 - __main__ - INFO - Train ramp loss SVM (C, ratio, trial): 25.0
2016-04-24 16:50:10,814 - __main__ - INFO - time: 0.154689073563
2016-04-24 16:50:10,928 - __main__ - INFO - Train ER-SVM with DCA (nu, ratio, trial): (0.20000000000000001, 0.0, 0)
2016-04-24 16:50:15,451 - __main__ - INFO - time: 4.51194500923
2016-04-24 16:50:15,564 - __main__ - INFO - Train Enu-SVM (nu, ratio, trial): (0.20000000000000001, 0.0, 0)
2016-04-24 16:50:20,987 - __main__ - INFO - time: 5.38613295555
2016-04-24 16:50:21,102 - __main__ - INFO - Train ER-SVM with Heuristics (nu, ratio, trial): (0.20000000000000001, 0.0, 0)
2016-04-24 16:50:27,623 - __main__ - INFO - time: 6.52156805992
2016-04-24 16:50:27,739 - __main__ - INFO - Train ramp loss SVM (C, ratio, trial): 5.0
2016-04-24 16:50:27,896 - __main__ - INFO - time: 0.156501054764
2016-04-24 16:50:28,012 - __main__ - INFO - Train ER-SVM with DCA (nu, ratio, trial): (0.17499999999999999, 0.0, 0)
2016-04-24 16:50:34,135 - __main__ - INFO - time: 6.11727786064
2016-04-24 16:50:34,248 - __main__ - INFO - Train Enu-SVM (nu, ratio, trial): (0.17499999999999999, 0.0, 0)
2016-04-24 16:50:39,700 - __main__ - INFO - time: 5.41547298431
2016-04-24 16:50:39,814 - __main__ - INFO - Train ER-SVM with Heuristics (nu, ratio, trial): (0.17499999999999999, 0.0, 0)
2016-04-24 16:50:46,231 - __main__ - INFO - time: 6.41635608673
2016-04-24 16:50:46,342 - __main__ - INFO - Train ramp loss SVM (C, ratio, trial): 1.0
2016-04-24 16:50:46,498 - __main__ - INFO - time: 0.155535936356
2016-04-24 16:50:46,613 - __main__ - INFO - Train ER-SVM with DCA (nu, ratio, trial): (0.14999999999999999, 0.0, 0)
2016-04-24 16:50:54,395 - __main__ - INFO - time: 7.77476811409
2016-04-24 16:50:54,512 - __main__ - INFO - Train Enu-SVM (nu, ratio, trial): (0.14999999999999999, 0.0, 0)
2016-04-24 16:50:57,733 - __main__ - INFO - time: 3.18330192566
2016-04-24 16:50:57,853 - __main__ - INFO - Train ER-SVM with Heuristics (nu, ratio, trial): (0.14999999999999999, 0.0, 0)
2016-04-24 16:51:10,650 - __main__ - INFO - time: 12.7965919971
2016-04-24 16:51:10,764 - __main__ - INFO - Train ramp loss SVM (C, ratio, trial): 0.2
2016-04-24 16:51:10,921 - __main__ - INFO - time: 0.155523061752
2016-04-24 16:51:11,038 - __main__ - INFO - Train ER-SVM with DCA (nu, ratio, trial): (0.125, 0.0, 0)
2016-04-24 16:51:18,223 - __main__ - INFO - time: 7.17769885063
2016-04-24 16:51:18,337 - __main__ - INFO - Train Enu-SVM (nu, ratio, trial): (0.125, 0.0, 0)
2016-04-24 16:51:21,494 - __main__ - INFO - time: 3.12079191208
2016-04-24 16:51:21,612 - __main__ - INFO - Train ER-SVM with Heuristics (nu, ratio, trial): (0.125, 0.0, 0)
2016-04-24 16:51:48,132 - __main__ - INFO - time: 26.5200498104
2016-04-24 16:51:48,266 - __main__ - INFO - Train ramp loss SVM (C, ratio, trial): 0.04
2016-04-24 16:51:48,421 - __main__ - INFO - time: 0.154828071594
2016-04-24 16:51:48,536 - __main__ - INFO - Train ER-SVM with DCA (nu, ratio, trial): (0.099999999999999978, 0.0, 0)
2016-04-24 16:51:52,994 - __main__ - INFO - time: 4.45092701912
2016-04-24 16:51:53,109 - __main__ - INFO - Train Enu-SVM (nu, ratio, trial): (0.099999999999999978, 0.0, 0)
2016-04-24 16:51:56,335 - __main__ - INFO - time: 3.18918704987
2016-04-24 16:51:56,449 - __main__ - INFO - Train ER-SVM with Heuristics (nu, ratio, trial): (0.099999999999999978, 0.0, 0)
2016-04-24 16:52:23,218 - __main__ - INFO - time: 26.768862009
2016-04-24 16:52:23,333 - __main__ - INFO - Train ramp loss SVM (C, ratio, trial): 0.008
2016-04-24 16:52:23,488 - __main__ - INFO - time: 0.154223918915
2016-04-24 16:52:23,602 - __main__ - INFO - Train ER-SVM with DCA (nu, ratio, trial): (0.074999999999999983, 0.0, 0)
2016-04-24 16:52:28,526 - __main__ - INFO - time: 4.91603088379
2016-04-24 16:52:28,639 - __main__ - INFO - Train Enu-SVM (nu, ratio, trial): (0.074999999999999983, 0.0, 0)
2016-04-24 16:52:31,846 - __main__ - INFO - time: 3.17047786713
2016-04-24 16:52:31,960 - __main__ - INFO - Train ER-SVM with Heuristics (nu, ratio, trial): (0.074999999999999983, 0.0, 0)
2016-04-24 16:52:47,857 - __main__ - INFO - time: 15.896873951
2016-04-24 16:52:47,974 - __main__ - INFO - Train ramp loss SVM (C, ratio, trial): 0.0016
2016-04-24 16:52:48,129 - __main__ - INFO - time: 0.15443611145
2016-04-24 16:52:48,250 - __main__ - INFO - Train ER-SVM with DCA (nu, ratio, trial): (0.050000000000000003, 0.0, 0)
2016-04-24 16:52:53,479 - __main__ - INFO - time: 5.22158002853
2016-04-24 16:52:53,593 - __main__ - INFO - Train Enu-SVM (nu, ratio, trial): (0.050000000000000003, 0.0, 0)
2016-04-24 16:52:56,814 - __main__ - INFO - time: 3.18360996246
2016-04-24 16:52:56,928 - __main__ - INFO - Train ER-SVM with Heuristics (nu, ratio, trial): (0.050000000000000003, 0.0, 0)
2016-04-24 16:53:10,016 - __main__ - INFO - time: 13.0877962112
2016-04-24 16:53:10,171 - __main__ - INFO - Train ramp loss SVM (C, ratio, trial): 625.0
2016-04-24 16:53:10,329 - __main__ - INFO - time: 0.157276153564
2016-04-24 16:53:10,445 - __main__ - INFO - Train ER-SVM with DCA (nu, ratio, trial): (0.25, 0.029999999999999999, 0)
2016-04-24 16:53:15,580 - __main__ - INFO - time: 5.12789607048
2016-04-24 16:53:15,694 - __main__ - INFO - Train Enu-SVM (nu, ratio, trial): (0.25, 0.029999999999999999, 0)
2016-04-24 16:53:18,915 - __main__ - INFO - time: 3.1840569973
2016-04-24 16:53:19,031 - __main__ - INFO - Train ER-SVM with Heuristics (nu, ratio, trial): (0.25, 0.029999999999999999, 0)
2016-04-24 16:53:22,364 - __main__ - INFO - time: 3.33316493034
2016-04-24 16:53:22,479 - __main__ - INFO - Train ramp loss SVM (C, ratio, trial): 125.0
2016-04-24 16:53:22,634 - __main__ - INFO - time: 0.155230045319
2016-04-24 16:53:22,749 - __main__ - INFO - Train ER-SVM with DCA (nu, ratio, trial): (0.22500000000000001, 0.029999999999999999, 0)
2016-04-24 16:53:29,763 - __main__ - INFO - time: 7.00679707527
2016-04-24 16:53:29,877 - __main__ - INFO - Train Enu-SVM (nu, ratio, trial): (0.22500000000000001, 0.029999999999999999, 0)
2016-04-24 16:53:33,086 - __main__ - INFO - time: 3.17004108429
2016-04-24 16:53:33,208 - __main__ - INFO - Train ER-SVM with Heuristics (nu, ratio, trial): (0.22500000000000001, 0.029999999999999999, 0)
2016-04-24 16:53:36,351 - __main__ - INFO - time: 3.14274787903
2016-04-24 16:53:36,466 - __main__ - INFO - Train ramp loss SVM (C, ratio, trial): 25.0
2016-04-24 16:53:36,621 - __main__ - INFO - time: 0.15495300293
2016-04-24 16:53:36,736 - __main__ - INFO - Train ER-SVM with DCA (nu, ratio, trial): (0.20000000000000001, 0.029999999999999999, 0)
2016-04-24 16:53:41,300 - __main__ - INFO - time: 4.55583000183
2016-04-24 16:53:41,413 - __main__ - INFO - Train Enu-SVM (nu, ratio, trial): (0.20000000000000001, 0.029999999999999999, 0)
2016-04-24 16:53:44,665 - __main__ - INFO - time: 3.21500492096
2016-04-24 16:53:44,786 - __main__ - INFO - Train ER-SVM with Heuristics (nu, ratio, trial): (0.20000000000000001, 0.029999999999999999, 0)
2016-04-24 16:53:51,029 - __main__ - INFO - time: 6.24285507202
2016-04-24 16:53:51,145 - __main__ - INFO - Train ramp loss SVM (C, ratio, trial): 5.0
2016-04-24 16:53:51,302 - __main__ - INFO - time: 0.156327009201
2016-04-24 16:53:51,417 - __main__ - INFO - Train ER-SVM with DCA (nu, ratio, trial): (0.17499999999999999, 0.029999999999999999, 0)
2016-04-24 16:53:56,000 - __main__ - INFO - time: 4.57567691803
2016-04-24 16:53:56,114 - __main__ - INFO - Train Enu-SVM (nu, ratio, trial): (0.17499999999999999, 0.029999999999999999, 0)
2016-04-24 16:53:59,347 - __main__ - INFO - time: 3.19512295723
2016-04-24 16:53:59,466 - __main__ - INFO - Train ER-SVM with Heuristics (nu, ratio, trial): (0.17499999999999999, 0.029999999999999999, 0)
2016-04-24 16:54:14,088 - __main__ - INFO - time: 14.6223599911
2016-04-24 16:54:14,212 - __main__ - INFO - Train ramp loss SVM (C, ratio, trial): 1.0
2016-04-24 16:54:14,368 - __main__ - INFO - time: 0.154846906662
2016-04-24 16:54:14,483 - __main__ - INFO - Train ER-SVM with DCA (nu, ratio, trial): (0.14999999999999999, 0.029999999999999999, 0)
2016-04-24 16:54:19,474 - __main__ - INFO - time: 4.98624205589
2016-04-24 16:54:19,585 - __main__ - INFO - Train Enu-SVM (nu, ratio, trial): (0.14999999999999999, 0.029999999999999999, 0)
2016-04-24 16:54:22,711 - __main__ - INFO - time: 3.08984589577
2016-04-24 16:54:22,826 - __main__ - INFO - Train ER-SVM with Heuristics (nu, ratio, trial): (0.14999999999999999, 0.029999999999999999, 0)
2016-04-24 16:54:44,101 - __main__ - INFO - time: 21.2741219997
2016-04-24 16:54:44,218 - __main__ - INFO - Train ramp loss SVM (C, ratio, trial): 0.2
2016-04-24 16:54:44,374 - __main__ - INFO - time: 0.15504693985
2016-04-24 16:54:44,488 - __main__ - INFO - Train ER-SVM with DCA (nu, ratio, trial): (0.125, 0.029999999999999999, 0)
2016-04-24 16:54:53,500 - __main__ - INFO - time: 9.00431513786
2016-04-24 16:54:53,613 - __main__ - INFO - Train Enu-SVM (nu, ratio, trial): (0.125, 0.029999999999999999, 0)
2016-04-24 16:54:56,804 - __main__ - INFO - time: 3.15319395065
2016-04-24 16:54:56,914 - __main__ - INFO - Train ER-SVM with Heuristics (nu, ratio, trial): (0.125, 0.029999999999999999, 0)
2016-04-24 16:55:24,684 - __main__ - INFO - time: 27.7700970173
2016-04-24 16:55:24,799 - __main__ - INFO - Train ramp loss SVM (C, ratio, trial): 0.04
2016-04-24 16:55:24,954 - __main__ - INFO - time: 0.154680013657
2016-04-24 16:55:25,069 - __main__ - INFO - Train ER-SVM with DCA (nu, ratio, trial): (0.099999999999999978, 0.029999999999999999, 0)
2016-04-24 16:55:30,245 - __main__ - INFO - time: 5.16852092743
2016-04-24 16:55:30,359 - __main__ - INFO - Train Enu-SVM (nu, ratio, trial): (0.099999999999999978, 0.029999999999999999, 0)
2016-04-24 16:55:33,512 - __main__ - INFO - time: 3.1153049469
2016-04-24 16:55:33,626 - __main__ - INFO - Train ER-SVM with Heuristics (nu, ratio, trial): (0.099999999999999978, 0.029999999999999999, 0)
2016-04-24 16:55:59,930 - __main__ - INFO - time: 26.3035900593
2016-04-24 16:56:00,045 - __main__ - INFO - Train ramp loss SVM (C, ratio, trial): 0.008
2016-04-24 16:56:00,205 - __main__ - INFO - time: 0.15984082222
2016-04-24 16:56:00,321 - __main__ - INFO - Train ER-SVM with DCA (nu, ratio, trial): (0.074999999999999983, 0.029999999999999999, 0)
2016-04-24 16:56:07,106 - __main__ - INFO - time: 6.77844715118
2016-04-24 16:56:07,230 - __main__ - INFO - Train Enu-SVM (nu, ratio, trial): (0.074999999999999983, 0.029999999999999999, 0)
2016-04-24 16:56:10,405 - __main__ - INFO - time: 3.13813018799
2016-04-24 16:56:10,526 - __main__ - INFO - Train ER-SVM with Heuristics (nu, ratio, trial): (0.074999999999999983, 0.029999999999999999, 0)
2016-04-24 16:56:26,056 - __main__ - INFO - time: 15.5297839642
2016-04-24 16:56:26,173 - __main__ - INFO - Train ramp loss SVM (C, ratio, trial): 0.0016
2016-04-24 16:56:26,329 - __main__ - INFO - time: 0.154881954193
2016-04-24 16:56:26,443 - __main__ - INFO - Train ER-SVM with DCA (nu, ratio, trial): (0.050000000000000003, 0.029999999999999999, 0)
2016-04-24 16:56:31,663 - __main__ - INFO - time: 5.21248483658
2016-04-24 16:56:31,777 - __main__ - INFO - Train Enu-SVM (nu, ratio, trial): (0.050000000000000003, 0.029999999999999999, 0)
2016-04-24 16:56:35,031 - __main__ - INFO - time: 3.21657299995
2016-04-24 16:56:35,145 - __main__ - INFO - Train ER-SVM with Heuristics (nu, ratio, trial): (0.050000000000000003, 0.029999999999999999, 0)
2016-04-24 16:56:51,733 - __main__ - INFO - time: 16.5879590511
2016-04-24 16:56:51,886 - __main__ - INFO - Train ramp loss SVM (C, ratio, trial): 625.0
2016-04-24 16:56:52,041 - __main__ - INFO - time: 0.154819965363
2016-04-24 16:56:52,163 - __main__ - INFO - Train ER-SVM with DCA (nu, ratio, trial): (0.25, 0.050000000000000003, 0)
2016-04-24 16:57:00,011 - __main__ - INFO - time: 7.84112596512
2016-04-24 16:57:00,126 - __main__ - INFO - Train Enu-SVM (nu, ratio, trial): (0.25, 0.050000000000000003, 0)
2016-04-24 16:57:03,454 - __main__ - INFO - time: 3.29142594337
2016-04-24 16:57:03,573 - __main__ - INFO - Train ER-SVM with Heuristics (nu, ratio, trial): (0.25, 0.050000000000000003, 0)
2016-04-24 16:57:09,989 - __main__ - INFO - time: 6.41620707512
2016-04-24 16:57:10,103 - __main__ - INFO - Train ramp loss SVM (C, ratio, trial): 125.0
2016-04-24 16:57:10,259 - __main__ - INFO - time: 0.155329942703
2016-04-24 16:57:10,374 - __main__ - INFO - Train ER-SVM with DCA (nu, ratio, trial): (0.22500000000000001, 0.050000000000000003, 0)
2016-04-24 16:57:18,446 - __main__ - INFO - time: 8.06498408318
2016-04-24 16:57:18,560 - __main__ - INFO - Train Enu-SVM (nu, ratio, trial): (0.22500000000000001, 0.050000000000000003, 0)
2016-04-24 16:57:21,855 - __main__ - INFO - time: 3.25801205635
2016-04-24 16:57:21,969 - __main__ - INFO - Train ER-SVM with Heuristics (nu, ratio, trial): (0.22500000000000001, 0.050000000000000003, 0)
2016-04-24 16:57:31,508 - __main__ - INFO - time: 9.53945207596
2016-04-24 16:57:31,623 - __main__ - INFO - Train ramp loss SVM (C, ratio, trial): 25.0
2016-04-24 16:57:31,784 - __main__ - INFO - time: 0.159668922424
2016-04-24 16:57:31,902 - __main__ - INFO - Train ER-SVM with DCA (nu, ratio, trial): (0.20000000000000001, 0.050000000000000003, 0)
2016-04-24 16:57:40,283 - __main__ - INFO - time: 8.37375879288
2016-04-24 16:57:40,396 - __main__ - INFO - Train Enu-SVM (nu, ratio, trial): (0.20000000000000001, 0.050000000000000003, 0)
2016-04-24 16:57:43,597 - __main__ - INFO - time: 3.16452908516
2016-04-24 16:57:43,711 - __main__ - INFO - Train ER-SVM with Heuristics (nu, ratio, trial): (0.20000000000000001, 0.050000000000000003, 0)
2016-04-24 16:57:56,249 - __main__ - INFO - time: 12.5377318859
2016-04-24 16:57:56,363 - __main__ - INFO - Train ramp loss SVM (C, ratio, trial): 5.0
2016-04-24 16:57:56,519 - __main__ - INFO - time: 0.155158042908
2016-04-24 16:57:56,633 - __main__ - INFO - Train ER-SVM with DCA (nu, ratio, trial): (0.17499999999999999, 0.050000000000000003, 0)
2016-04-24 16:58:04,992 - __main__ - INFO - time: 8.35206699371
2016-04-24 16:58:05,105 - __main__ - INFO - Train Enu-SVM (nu, ratio, trial): (0.17499999999999999, 0.050000000000000003, 0)
2016-04-24 16:58:08,261 - __main__ - INFO - time: 3.11970305443
2016-04-24 16:58:08,371 - __main__ - INFO - Train ER-SVM with Heuristics (nu, ratio, trial): (0.17499999999999999, 0.050000000000000003, 0)
2016-04-24 16:58:31,755 - __main__ - INFO - time: 23.3831100464
2016-04-24 16:58:31,870 - __main__ - INFO - Train ramp loss SVM (C, ratio, trial): 1.0
2016-04-24 16:58:32,027 - __main__ - INFO - time: 0.155810832977
2016-04-24 16:58:32,147 - __main__ - INFO - Train ER-SVM with DCA (nu, ratio, trial): (0.14999999999999999, 0.050000000000000003, 0)
2016-04-24 16:58:40,676 - __main__ - INFO - time: 8.52135515213
2016-04-24 16:58:40,790 - __main__ - INFO - Train Enu-SVM (nu, ratio, trial): (0.14999999999999999, 0.050000000000000003, 0)
2016-04-24 16:58:43,974 - __main__ - INFO - time: 3.14577698708
2016-04-24 16:58:44,089 - __main__ - INFO - Train ER-SVM with Heuristics (nu, ratio, trial): (0.14999999999999999, 0.050000000000000003, 0)
2016-04-24 16:59:21,316 - __main__ - INFO - time: 37.2266590595
2016-04-24 16:59:21,433 - __main__ - INFO - Train ramp loss SVM (C, ratio, trial): 0.2
2016-04-24 16:59:21,590 - __main__ - INFO - time: 0.156390190125
2016-04-24 16:59:21,705 - __main__ - INFO - Train ER-SVM with DCA (nu, ratio, trial): (0.125, 0.050000000000000003, 0)
2016-04-24 16:59:29,947 - __main__ - INFO - time: 8.23491191864
2016-04-24 16:59:30,060 - __main__ - INFO - Train Enu-SVM (nu, ratio, trial): (0.125, 0.050000000000000003, 0)
2016-04-24 16:59:33,286 - __main__ - INFO - time: 3.18727707863
2016-04-24 16:59:33,404 - __main__ - INFO - Train ER-SVM with Heuristics (nu, ratio, trial): (0.125, 0.050000000000000003, 0)
2016-04-24 17:00:00,183 - __main__ - INFO - time: 26.7779099941
2016-04-24 17:00:00,334 - __main__ - INFO - Train ramp loss SVM (C, ratio, trial): 0.04
2016-04-24 17:00:00,491 - __main__ - INFO - time: 0.156826019287
2016-04-24 17:00:00,606 - __main__ - INFO - Train ER-SVM with DCA (nu, ratio, trial): (0.099999999999999978, 0.050000000000000003, 0)
2016-04-24 17:00:05,743 - __main__ - INFO - time: 5.13070988655
2016-04-24 17:00:05,857 - __main__ - INFO - Train Enu-SVM (nu, ratio, trial): (0.099999999999999978, 0.050000000000000003, 0)
2016-04-24 17:00:09,066 - __main__ - INFO - time: 3.16904997826
2016-04-24 17:00:09,183 - __main__ - INFO - Train ER-SVM with Heuristics (nu, ratio, trial): (0.099999999999999978, 0.050000000000000003, 0)
2016-04-24 17:00:35,368 - __main__ - INFO - time: 26.1840898991
2016-04-24 17:00:35,484 - __main__ - INFO - Train ramp loss SVM (C, ratio, trial): 0.008
2016-04-24 17:00:35,639 - __main__ - INFO - time: 0.154582977295
2016-04-24 17:00:35,754 - __main__ - INFO - Train ER-SVM with DCA (nu, ratio, trial): (0.074999999999999983, 0.050000000000000003, 0)
2016-04-24 17:00:43,307 - __main__ - INFO - time: 7.54575419426
2016-04-24 17:00:43,420 - __main__ - INFO - Train Enu-SVM (nu, ratio, trial): (0.074999999999999983, 0.050000000000000003, 0)
2016-04-24 17:00:46,710 - __main__ - INFO - time: 3.25321698189
2016-04-24 17:00:46,825 - __main__ - INFO - Train ER-SVM with Heuristics (nu, ratio, trial): (0.074999999999999983, 0.050000000000000003, 0)
2016-04-24 17:01:02,789 - __main__ - INFO - time: 15.9638681412
2016-04-24 17:01:02,903 - __main__ - INFO - Train ramp loss SVM (C, ratio, trial): 0.0016
2016-04-24 17:01:03,061 - __main__ - INFO - time: 0.15672492981
2016-04-24 17:01:03,178 - __main__ - INFO - Train ER-SVM with DCA (nu, ratio, trial): (0.050000000000000003, 0.050000000000000003, 0)
2016-04-24 17:01:06,058 - __main__ - INFO - time: 2.8725771904
2016-04-24 17:01:06,173 - __main__ - INFO - Train Enu-SVM (nu, ratio, trial): (0.050000000000000003, 0.050000000000000003, 0)
2016-04-24 17:01:09,370 - __main__ - INFO - time: 3.15916800499
2016-04-24 17:01:09,486 - __main__ - INFO - Train ER-SVM with Heuristics (nu, ratio, trial): (0.050000000000000003, 0.050000000000000003, 0)
2016-04-24 17:01:22,566 - __main__ - INFO - time: 13.0804610252
2016-04-24 17:01:22,727 - __main__ - INFO - Train ramp loss SVM (C, ratio, trial): 625.0
2016-04-24 17:01:22,885 - __main__ - INFO - time: 0.157693147659
2016-04-24 17:01:23,002 - __main__ - INFO - Train ER-SVM with DCA (nu, ratio, trial): (0.25, 0.10000000000000001, 0)
2016-04-24 17:01:31,305 - __main__ - INFO - time: 8.29630184174
2016-04-24 17:01:31,419 - __main__ - INFO - Train Enu-SVM (nu, ratio, trial): (0.25, 0.10000000000000001, 0)
2016-04-24 17:01:34,745 - __main__ - INFO - time: 3.28895688057
2016-04-24 17:01:34,859 - __main__ - INFO - Train ER-SVM with Heuristics (nu, ratio, trial): (0.25, 0.10000000000000001, 0)
2016-04-24 17:01:44,323 - __main__ - INFO - time: 9.46278882027
2016-04-24 17:01:44,437 - __main__ - INFO - Train ramp loss SVM (C, ratio, trial): 125.0
2016-04-24 17:01:44,596 - __main__ - INFO - time: 0.158057928085
2016-04-24 17:01:44,711 - __main__ - INFO - Train ER-SVM with DCA (nu, ratio, trial): (0.22500000000000001, 0.10000000000000001, 0)
2016-04-24 17:01:52,339 - __main__ - INFO - time: 7.62102794647
2016-04-24 17:01:52,453 - __main__ - INFO - Train Enu-SVM (nu, ratio, trial): (0.22500000000000001, 0.10000000000000001, 0)
2016-04-24 17:01:55,679 - __main__ - INFO - time: 3.18816113472
2016-04-24 17:01:55,793 - __main__ - INFO - Train ER-SVM with Heuristics (nu, ratio, trial): (0.22500000000000001, 0.10000000000000001, 0)
2016-04-24 17:02:08,014 - __main__ - INFO - time: 12.2204511166
2016-04-24 17:02:08,128 - __main__ - INFO - Train ramp loss SVM (C, ratio, trial): 25.0
2016-04-24 17:02:08,289 - __main__ - INFO - time: 0.16041302681
2016-04-24 17:02:08,404 - __main__ - INFO - Train ER-SVM with DCA (nu, ratio, trial): (0.20000000000000001, 0.10000000000000001, 0)
2016-04-24 17:02:17,514 - __main__ - INFO - time: 9.10319185257
2016-04-24 17:02:17,628 - __main__ - INFO - Train Enu-SVM (nu, ratio, trial): (0.20000000000000001, 0.10000000000000001, 0)
2016-04-24 17:02:20,961 - __main__ - INFO - time: 3.29552006721
2016-04-24 17:02:21,081 - __main__ - INFO - Train ER-SVM with Heuristics (nu, ratio, trial): (0.20000000000000001, 0.10000000000000001, 0)
2016-04-24 17:02:39,375 - __main__ - INFO - time: 18.2938139439
2016-04-24 17:02:39,490 - __main__ - INFO - Train ramp loss SVM (C, ratio, trial): 5.0
2016-04-24 17:02:39,666 - __main__ - INFO - time: 0.174784183502
2016-04-24 17:02:39,781 - __main__ - INFO - Train ER-SVM with DCA (nu, ratio, trial): (0.17499999999999999, 0.10000000000000001, 0)
2016-04-24 17:02:47,372 - __main__ - INFO - time: 7.58448886871
2016-04-24 17:02:47,486 - __main__ - INFO - Train Enu-SVM (nu, ratio, trial): (0.17499999999999999, 0.10000000000000001, 0)
2016-04-24 17:02:52,821 - __main__ - INFO - time: 5.2982878685
2016-04-24 17:02:52,938 - __main__ - INFO - Train ER-SVM with Heuristics (nu, ratio, trial): (0.17499999999999999, 0.10000000000000001, 0)
2016-04-24 17:03:29,083 - __main__ - INFO - time: 36.1445481777
2016-04-24 17:03:29,202 - __main__ - INFO - Train ramp loss SVM (C, ratio, trial): 1.0
2016-04-24 17:03:29,367 - __main__ - INFO - time: 0.164298057556
2016-04-24 17:03:29,481 - __main__ - INFO - Train ER-SVM with DCA (nu, ratio, trial): (0.14999999999999999, 0.10000000000000001, 0)
2016-04-24 17:03:34,994 - __main__ - INFO - time: 5.50549197197
2016-04-24 17:03:35,108 - __main__ - INFO - Train Enu-SVM (nu, ratio, trial): (0.14999999999999999, 0.10000000000000001, 0)
2016-04-24 17:03:38,349 - __main__ - INFO - time: 3.20431804657
2016-04-24 17:03:38,464 - __main__ - INFO - Train ER-SVM with Heuristics (nu, ratio, trial): (0.14999999999999999, 0.10000000000000001, 0)
2016-04-24 17:04:15,674 - __main__ - INFO - time: 37.2096581459
2016-04-24 17:04:15,789 - __main__ - INFO - Train ramp loss SVM (C, ratio, trial): 0.2
2016-04-24 17:04:15,946 - __main__ - INFO - time: 0.156806945801
2016-04-24 17:04:16,061 - __main__ - INFO - Train ER-SVM with DCA (nu, ratio, trial): (0.125, 0.10000000000000001, 0)
2016-04-24 17:04:23,424 - __main__ - INFO - time: 7.35556387901
2016-04-24 17:04:23,538 - __main__ - INFO - Train Enu-SVM (nu, ratio, trial): (0.125, 0.10000000000000001, 0)
2016-04-24 17:04:26,843 - __main__ - INFO - time: 3.26832103729
2016-04-24 17:04:26,958 - __main__ - INFO - Train ER-SVM with Heuristics (nu, ratio, trial): (0.125, 0.10000000000000001, 0)
2016-04-24 17:04:54,635 - __main__ - INFO - time: 27.6771941185
2016-04-24 17:04:54,751 - __main__ - INFO - Train ramp loss SVM (C, ratio, trial): 0.04
2016-04-24 17:04:54,909 - __main__ - INFO - time: 0.157231092453
2016-04-24 17:04:55,024 - __main__ - INFO - Train ER-SVM with DCA (nu, ratio, trial): (0.099999999999999978, 0.10000000000000001, 0)
2016-04-24 17:05:02,653 - __main__ - INFO - time: 7.62148094177
2016-04-24 17:05:02,767 - __main__ - INFO - Train Enu-SVM (nu, ratio, trial): (0.099999999999999978, 0.10000000000000001, 0)
2016-04-24 17:05:06,160 - __main__ - INFO - time: 3.35381484032
2016-04-24 17:05:06,278 - __main__ - INFO - Train ER-SVM with Heuristics (nu, ratio, trial): (0.099999999999999978, 0.10000000000000001, 0)
2016-04-24 17:05:30,722 - __main__ - INFO - time: 24.443114996
2016-04-24 17:05:30,839 - __main__ - INFO - Train ramp loss SVM (C, ratio, trial): 0.008
2016-04-24 17:05:30,996 - __main__ - INFO - time: 0.156720876694
2016-04-24 17:05:31,112 - __main__ - INFO - Train ER-SVM with DCA (nu, ratio, trial): (0.074999999999999983, 0.10000000000000001, 0)
2016-04-24 17:05:37,980 - __main__ - INFO - time: 6.86098980904
2016-04-24 17:05:38,094 - __main__ - INFO - Train Enu-SVM (nu, ratio, trial): (0.074999999999999983, 0.10000000000000001, 0)
2016-04-24 17:05:41,423 - __main__ - INFO - time: 3.29273700714
2016-04-24 17:05:41,542 - __main__ - INFO - Train ER-SVM with Heuristics (nu, ratio, trial): (0.074999999999999983, 0.10000000000000001, 0)
2016-04-24 17:05:57,487 - __main__ - INFO - time: 15.9449858665
2016-04-24 17:05:57,602 - __main__ - INFO - Train ramp loss SVM (C, ratio, trial): 0.0016
2016-04-24 17:05:57,761 - __main__ - INFO - time: 0.15837097168
2016-04-24 17:05:57,877 - __main__ - INFO - Train ER-SVM with DCA (nu, ratio, trial): (0.050000000000000003, 0.10000000000000001, 0)
2016-04-24 17:06:03,123 - __main__ - INFO - time: 5.23968505859
2016-04-24 17:06:03,243 - __main__ - INFO - Train Enu-SVM (nu, ratio, trial): (0.050000000000000003, 0.10000000000000001, 0)
2016-04-24 17:06:06,504 - __main__ - INFO - time: 3.22363400459
2016-04-24 17:06:06,619 - __main__ - INFO - Train ER-SVM with Heuristics (nu, ratio, trial): (0.050000000000000003, 0.10000000000000001, 0)
2016-04-24 17:06:19,282 - __main__ - INFO - time: 12.6630089283
2016-04-24 17:06:19,464 - __main__ - INFO - Train ramp loss SVM (C, ratio, trial): 625.0
2016-04-24 17:06:19,619 - __main__ - INFO - time: 0.154798030853
2016-04-24 17:06:19,734 - __main__ - INFO - Train ER-SVM with DCA (nu, ratio, trial): (0.25, 0.20000000000000001, 0)
2016-04-24 17:06:26,109 - __main__ - INFO - time: 6.36778187752
2016-04-24 17:06:26,226 - __main__ - INFO - Train Enu-SVM (nu, ratio, trial): (0.25, 0.20000000000000001, 0)
2016-04-24 17:06:29,547 - __main__ - INFO - time: 3.28315806389
2016-04-24 17:06:29,661 - __main__ - INFO - Train ER-SVM with Heuristics (nu, ratio, trial): (0.25, 0.20000000000000001, 0)
2016-04-24 17:06:36,190 - __main__ - INFO - time: 6.52843785286
2016-04-24 17:06:36,305 - __main__ - INFO - Train ramp loss SVM (C, ratio, trial): 125.0
2016-04-24 17:06:36,462 - __main__ - INFO - time: 0.155997991562
2016-04-24 17:06:36,577 - __main__ - INFO - Train ER-SVM with DCA (nu, ratio, trial): (0.22500000000000001, 0.20000000000000001, 0)
2016-04-24 17:06:43,435 - __main__ - INFO - time: 6.85115790367
2016-04-24 17:06:43,548 - __main__ - INFO - Train Enu-SVM (nu, ratio, trial): (0.22500000000000001, 0.20000000000000001, 0)
2016-04-24 17:06:46,599 - __main__ - INFO - time: 3.00629496574
2016-04-24 17:06:46,713 - __main__ - INFO - Train ER-SVM with Heuristics (nu, ratio, trial): (0.22500000000000001, 0.20000000000000001, 0)
2016-04-24 17:06:56,063 - __main__ - INFO - time: 9.34971094131
2016-04-24 17:06:56,179 - __main__ - INFO - Train ramp loss SVM (C, ratio, trial): 25.0
2016-04-24 17:06:56,333 - __main__ - INFO - time: 0.153785943985
2016-04-24 17:06:56,448 - __main__ - INFO - Train ER-SVM with DCA (nu, ratio, trial): (0.20000000000000001, 0.20000000000000001, 0)
2016-04-24 17:07:04,486 - __main__ - INFO - time: 8.03154611588
2016-04-24 17:07:04,598 - __main__ - INFO - Train Enu-SVM (nu, ratio, trial): (0.20000000000000001, 0.20000000000000001, 0)
2016-04-24 17:07:07,717 - __main__ - INFO - time: 3.07939505577
2016-04-24 17:07:07,835 - __main__ - INFO - Train ER-SVM with Heuristics (nu, ratio, trial): (0.20000000000000001, 0.20000000000000001, 0)
2016-04-24 17:07:20,315 - __main__ - INFO - time: 12.4795069695
2016-04-24 17:07:20,430 - __main__ - INFO - Train ramp loss SVM (C, ratio, trial): 5.0
2016-04-24 17:07:20,586 - __main__ - INFO - time: 0.156080007553
2016-04-24 17:07:20,701 - __main__ - INFO - Train ER-SVM with DCA (nu, ratio, trial): (0.17499999999999999, 0.20000000000000001, 0)
2016-04-24 17:07:29,145 - __main__ - INFO - time: 8.43614697456
2016-04-24 17:07:29,261 - __main__ - INFO - Train Enu-SVM (nu, ratio, trial): (0.17499999999999999, 0.20000000000000001, 0)
2016-04-24 17:07:32,505 - __main__ - INFO - time: 3.20737504959
2016-04-24 17:07:32,620 - __main__ - INFO - Train ER-SVM with Heuristics (nu, ratio, trial): (0.17499999999999999, 0.20000000000000001, 0)
2016-04-24 17:07:50,368 - __main__ - INFO - time: 17.7480700016
2016-04-24 17:07:50,482 - __main__ - INFO - Train ramp loss SVM (C, ratio, trial): 1.0
2016-04-24 17:07:50,637 - __main__ - INFO - time: 0.153888940811
2016-04-24 17:07:50,752 - __main__ - INFO - Train ER-SVM with DCA (nu, ratio, trial): (0.14999999999999999, 0.20000000000000001, 0)
2016-04-24 17:07:56,167 - __main__ - INFO - time: 5.40785312653
2016-04-24 17:07:56,286 - __main__ - INFO - Train Enu-SVM (nu, ratio, trial): (0.14999999999999999, 0.20000000000000001, 0)
2016-04-24 17:07:59,513 - __main__ - INFO - time: 3.19065213203
2016-04-24 17:07:59,628 - __main__ - INFO - Train ER-SVM with Heuristics (nu, ratio, trial): (0.14999999999999999, 0.20000000000000001, 0)
2016-04-24 17:08:32,584 - __main__ - INFO - time: 32.9565169811
2016-04-24 17:08:32,699 - __main__ - INFO - Train ramp loss SVM (C, ratio, trial): 0.2
2016-04-24 17:08:32,853 - __main__ - INFO - time: 0.153789043427
2016-04-24 17:08:32,968 - __main__ - INFO - Train ER-SVM with DCA (nu, ratio, trial): (0.125, 0.20000000000000001, 0)
2016-04-24 17:08:40,753 - __main__ - INFO - time: 7.77791595459
2016-04-24 17:08:40,868 - __main__ - INFO - Train Enu-SVM (nu, ratio, trial): (0.125, 0.20000000000000001, 0)
2016-04-24 17:08:44,076 - __main__ - INFO - time: 3.17056179047
2016-04-24 17:08:44,193 - __main__ - INFO - Train ER-SVM with Heuristics (nu, ratio, trial): (0.125, 0.20000000000000001, 0)
2016-04-24 17:09:11,572 - __main__ - INFO - time: 27.3782529831
2016-04-24 17:09:11,682 - __main__ - INFO - Train ramp loss SVM (C, ratio, trial): 0.04
2016-04-24 17:09:11,838 - __main__ - INFO - time: 0.155344009399
2016-04-24 17:09:11,952 - __main__ - INFO - Train ER-SVM with DCA (nu, ratio, trial): (0.099999999999999978, 0.20000000000000001, 0)
2016-04-24 17:09:19,531 - __main__ - INFO - time: 7.57183003426
2016-04-24 17:09:19,645 - __main__ - INFO - Train Enu-SVM (nu, ratio, trial): (0.099999999999999978, 0.20000000000000001, 0)
2016-04-24 17:09:22,808 - __main__ - INFO - time: 3.12659811974
2016-04-24 17:09:22,925 - __main__ - INFO - Train ER-SVM with Heuristics (nu, ratio, trial): (0.099999999999999978, 0.20000000000000001, 0)
2016-04-24 17:09:49,306 - __main__ - INFO - time: 26.3813140392
2016-04-24 17:09:49,423 - __main__ - INFO - Train ramp loss SVM (C, ratio, trial): 0.008
2016-04-24 17:09:49,579 - __main__ - INFO - time: 0.155894994736
2016-04-24 17:09:49,694 - __main__ - INFO - Train ER-SVM with DCA (nu, ratio, trial): (0.074999999999999983, 0.20000000000000001, 0)
2016-04-24 17:09:57,858 - __main__ - INFO - time: 8.1564950943
2016-04-24 17:09:57,973 - __main__ - INFO - Train Enu-SVM (nu, ratio, trial): (0.074999999999999983, 0.20000000000000001, 0)
2016-04-24 17:10:01,117 - __main__ - INFO - time: 3.10660409927
2016-04-24 17:10:01,234 - __main__ - INFO - Train ER-SVM with Heuristics (nu, ratio, trial): (0.074999999999999983, 0.20000000000000001, 0)
2016-04-24 17:10:19,094 - __main__ - INFO - time: 17.8590989113
2016-04-24 17:10:19,211 - __main__ - INFO - Train ramp loss SVM (C, ratio, trial): 0.0016
2016-04-24 17:10:19,371 - __main__ - INFO - time: 0.160048961639
2016-04-24 17:10:19,489 - __main__ - INFO - Train ER-SVM with DCA (nu, ratio, trial): (0.050000000000000003, 0.20000000000000001, 0)
2016-04-24 17:10:22,366 - __main__ - INFO - time: 2.8697450161
2016-04-24 17:10:22,483 - __main__ - INFO - Train Enu-SVM (nu, ratio, trial): (0.050000000000000003, 0.20000000000000001, 0)
2016-04-24 17:10:25,733 - __main__ - INFO - time: 3.20696592331
2016-04-24 17:10:25,848 - __main__ - INFO - Train ER-SVM with Heuristics (nu, ratio, trial): (0.050000000000000003, 0.20000000000000001, 0)
2016-04-24 17:10:38,900 - __main__ - INFO - time: 13.0523250103
2016-04-24 17:10:39,017 - __main__ - INFO - Training finished
