2016-05-04 05:17:50,297 - __main__ - INFO - info test
2016-05-04 05:18:11,612 - __main__ - INFO - info test
2016-05-04 05:18:12,006 - __main__ - INFO - Train ramp loss SVM (C, ratio, trial): 625.0
2016-05-04 05:18:12,158 - __main__ - INFO - time: 0.150856971741
2016-05-04 05:18:12,238 - __main__ - INFO - Train ER-SVM with DCA (nu, ratio, trial): (0.90000000000000002, 0.0, 0)
2016-05-04 05:18:12,583 - __main__ - INFO - time: 0.344480991364
2016-05-04 05:18:12,666 - __main__ - INFO - Train Enu-SVM (nu, ratio, trial): (0.90000000000000002, 0.0, 0)
2016-05-04 05:18:12,817 - __main__ - INFO - time: 0.146675825119
2016-05-04 05:18:12,913 - __main__ - INFO - Train ER-SVM with Heuristics (nu, ratio, trial): (0.90000000000000002, 0.0, 0)
2016-05-04 05:18:13,388 - __main__ - INFO - time: 0.475061893463
2016-05-04 05:18:13,473 - __main__ - INFO - Train ramp loss SVM (C, ratio, trial): 125.0
2016-05-04 05:18:13,529 - __main__ - INFO - time: 0.0556311607361
2016-05-04 05:18:13,616 - __main__ - INFO - Train ER-SVM with DCA (nu, ratio, trial): (0.80000000000000004, 0.0, 0)
2016-05-04 05:18:14,009 - __main__ - INFO - time: 0.391194105148
2016-05-04 05:18:14,092 - __main__ - INFO - Train Enu-SVM (nu, ratio, trial): (0.80000000000000004, 0.0, 0)
2016-05-04 05:18:14,233 - __main__ - INFO - time: 0.1353058815
2016-05-04 05:18:14,322 - __main__ - INFO - Train ER-SVM with Heuristics (nu, ratio, trial): (0.80000000000000004, 0.0, 0)
2016-05-04 05:18:15,383 - __main__ - INFO - time: 1.06026482582
2016-05-04 05:18:15,465 - __main__ - INFO - Train ramp loss SVM (C, ratio, trial): 25.0
2016-05-04 05:18:15,521 - __main__ - INFO - time: 0.0552060604095
2016-05-04 05:18:15,605 - __main__ - INFO - Train ER-SVM with DCA (nu, ratio, trial): (0.69999999999999996, 0.0, 0)
2016-05-04 05:18:15,953 - __main__ - INFO - time: 0.346548080444
2016-05-04 05:18:16,058 - __main__ - INFO - Train Enu-SVM (nu, ratio, trial): (0.69999999999999996, 0.0, 0)
2016-05-04 05:18:16,209 - __main__ - INFO - time: 0.144500017166
2016-05-04 05:18:16,301 - __main__ - INFO - Train ER-SVM with Heuristics (nu, ratio, trial): (0.69999999999999996, 0.0, 0)
2016-05-04 05:18:17,978 - __main__ - INFO - time: 1.67712903023
2016-05-04 05:18:18,068 - __main__ - INFO - Train ramp loss SVM (C, ratio, trial): 5.0
2016-05-04 05:18:18,129 - __main__ - INFO - time: 0.0603280067444
2016-05-04 05:18:18,215 - __main__ - INFO - Train ER-SVM with DCA (nu, ratio, trial): (0.59999999999999998, 0.0, 0)
2016-05-04 05:18:18,523 - __main__ - INFO - time: 0.306843996048
2016-05-04 05:18:18,607 - __main__ - INFO - Train Enu-SVM (nu, ratio, trial): (0.59999999999999998, 0.0, 0)
2016-05-04 05:18:18,768 - __main__ - INFO - time: 0.157034873962
2016-05-04 05:18:18,851 - __main__ - INFO - Train ER-SVM with Heuristics (nu, ratio, trial): (0.59999999999999998, 0.0, 0)
2016-05-04 05:18:21,778 - __main__ - INFO - time: 2.92718720436
2016-05-04 05:18:21,862 - __main__ - INFO - Train ramp loss SVM (C, ratio, trial): 1.0
2016-05-04 05:18:21,920 - __main__ - INFO - time: 0.0572190284729
2016-05-04 05:18:22,004 - __main__ - INFO - Train ER-SVM with DCA (nu, ratio, trial): (0.5, 0.0, 0)
2016-05-04 05:18:22,305 - __main__ - INFO - time: 0.300117969513
2016-05-04 05:18:22,392 - __main__ - INFO - Train Enu-SVM (nu, ratio, trial): (0.5, 0.0, 0)
2016-05-04 05:18:22,504 - __main__ - INFO - time: 0.108544111252
2016-05-04 05:18:22,591 - __main__ - INFO - Train ER-SVM with Heuristics (nu, ratio, trial): (0.5, 0.0, 0)
2016-05-04 05:18:25,204 - __main__ - INFO - time: 2.61216521263
2016-05-04 05:18:25,289 - __main__ - INFO - Train ramp loss SVM (C, ratio, trial): 0.2
2016-05-04 05:18:25,350 - __main__ - INFO - time: 0.0600230693817
2016-05-04 05:18:25,435 - __main__ - INFO - Train ER-SVM with DCA (nu, ratio, trial): (0.40000000000000002, 0.0, 0)
2016-05-04 05:18:25,765 - __main__ - INFO - time: 0.328499078751
2016-05-04 05:18:25,845 - __main__ - INFO - Train Enu-SVM (nu, ratio, trial): (0.40000000000000002, 0.0, 0)
2016-05-04 05:18:25,968 - __main__ - INFO - time: 0.116332054138
2016-05-04 05:18:26,069 - __main__ - INFO - Train ER-SVM with Heuristics (nu, ratio, trial): (0.40000000000000002, 0.0, 0)
2016-05-04 05:18:28,296 - __main__ - INFO - time: 2.22680807114
2016-05-04 05:18:28,377 - __main__ - INFO - Train ramp loss SVM (C, ratio, trial): 0.04
2016-05-04 05:18:28,435 - __main__ - INFO - time: 0.0577831268311
2016-05-04 05:18:28,516 - __main__ - INFO - Train ER-SVM with DCA (nu, ratio, trial): (0.29999999999999993, 0.0, 0)
2016-05-04 05:18:28,921 - __main__ - INFO - time: 0.403861045837
2016-05-04 05:18:29,000 - __main__ - INFO - Train Enu-SVM (nu, ratio, trial): (0.29999999999999993, 0.0, 0)
2016-05-04 05:18:29,117 - __main__ - INFO - time: 0.113480091095
2016-05-04 05:18:29,199 - __main__ - INFO - Train ER-SVM with Heuristics (nu, ratio, trial): (0.29999999999999993, 0.0, 0)
2016-05-04 05:18:30,942 - __main__ - INFO - time: 1.74240493774
2016-05-04 05:18:31,041 - __main__ - INFO - Train ramp loss SVM (C, ratio, trial): 0.008
2016-05-04 05:18:31,099 - __main__ - INFO - time: 0.0573351383209
2016-05-04 05:18:31,195 - __main__ - INFO - Train ER-SVM with DCA (nu, ratio, trial): (0.19999999999999996, 0.0, 0)
2016-05-04 05:18:31,503 - __main__ - INFO - time: 0.306844949722
2016-05-04 05:18:31,583 - __main__ - INFO - Train Enu-SVM (nu, ratio, trial): (0.19999999999999996, 0.0, 0)
2016-05-04 05:18:31,709 - __main__ - INFO - time: 0.115705966949
2016-05-04 05:18:31,797 - __main__ - INFO - Train ER-SVM with Heuristics (nu, ratio, trial): (0.19999999999999996, 0.0, 0)
2016-05-04 05:18:33,159 - __main__ - INFO - time: 1.36095881462
2016-05-04 05:18:33,243 - __main__ - INFO - Train ramp loss SVM (C, ratio, trial): 0.0016
2016-05-04 05:18:33,300 - __main__ - INFO - time: 0.0557479858398
2016-05-04 05:18:33,380 - __main__ - INFO - Train ER-SVM with DCA (nu, ratio, trial): (0.10000000000000001, 0.0, 0)
2016-05-04 05:18:33,642 - __main__ - INFO - time: 0.260809898376
2016-05-04 05:18:33,722 - __main__ - INFO - Train Enu-SVM (nu, ratio, trial): (0.10000000000000001, 0.0, 0)
2016-05-04 05:18:33,841 - __main__ - INFO - time: 0.110763072968
2016-05-04 05:18:33,934 - __main__ - INFO - Train ER-SVM with Heuristics (nu, ratio, trial): (0.10000000000000001, 0.0, 0)
2016-05-04 05:18:34,727 - __main__ - INFO - time: 0.792824029922
2016-05-04 05:18:34,820 - __main__ - INFO - Train ramp loss SVM (C, ratio, trial): 625.0
2016-05-04 05:18:34,876 - __main__ - INFO - time: 0.0553510189056
2016-05-04 05:18:34,959 - __main__ - INFO - Train ER-SVM with DCA (nu, ratio, trial): (0.90000000000000002, 0.029999999999999999, 0)
2016-05-04 05:18:35,252 - __main__ - INFO - time: 0.291945934296
2016-05-04 05:18:35,352 - __main__ - INFO - Train Enu-SVM (nu, ratio, trial): (0.90000000000000002, 0.029999999999999999, 0)
2016-05-04 05:18:35,553 - __main__ - INFO - time: 0.194631099701
2016-05-04 05:18:35,638 - __main__ - INFO - Train ER-SVM with Heuristics (nu, ratio, trial): (0.90000000000000002, 0.029999999999999999, 0)
2016-05-04 05:18:35,820 - __main__ - INFO - time: 0.182224988937
2016-05-04 05:18:35,908 - __main__ - INFO - Train ramp loss SVM (C, ratio, trial): 125.0
2016-05-04 05:18:35,969 - __main__ - INFO - time: 0.0603778362274
2016-05-04 05:18:36,061 - __main__ - INFO - Train ER-SVM with DCA (nu, ratio, trial): (0.80000000000000004, 0.029999999999999999, 0)
2016-05-04 05:18:36,448 - __main__ - INFO - time: 0.385906934738
2016-05-04 05:18:36,530 - __main__ - INFO - Train Enu-SVM (nu, ratio, trial): (0.80000000000000004, 0.029999999999999999, 0)
2016-05-04 05:18:36,670 - __main__ - INFO - time: 0.136528015137
2016-05-04 05:18:36,755 - __main__ - INFO - Train ER-SVM with Heuristics (nu, ratio, trial): (0.80000000000000004, 0.029999999999999999, 0)
2016-05-04 05:18:37,528 - __main__ - INFO - time: 0.772485971451
2016-05-04 05:18:37,610 - __main__ - INFO - Train ramp loss SVM (C, ratio, trial): 25.0
2016-05-04 05:18:37,666 - __main__ - INFO - time: 0.0551359653473
2016-05-04 05:18:37,750 - __main__ - INFO - Train ER-SVM with DCA (nu, ratio, trial): (0.69999999999999996, 0.029999999999999999, 0)
2016-05-04 05:18:38,076 - __main__ - INFO - time: 0.324673175812
2016-05-04 05:18:38,156 - __main__ - INFO - Train Enu-SVM (nu, ratio, trial): (0.69999999999999996, 0.029999999999999999, 0)
2016-05-04 05:18:38,297 - __main__ - INFO - time: 0.133574008942
2016-05-04 05:18:38,384 - __main__ - INFO - Train ER-SVM with Heuristics (nu, ratio, trial): (0.69999999999999996, 0.029999999999999999, 0)
2016-05-04 05:18:39,674 - __main__ - INFO - time: 1.29027080536
2016-05-04 05:18:39,759 - __main__ - INFO - Train ramp loss SVM (C, ratio, trial): 5.0
2016-05-04 05:18:39,818 - __main__ - INFO - time: 0.0566349029541
2016-05-04 05:18:39,902 - __main__ - INFO - Train ER-SVM with DCA (nu, ratio, trial): (0.59999999999999998, 0.029999999999999999, 0)
2016-05-04 05:18:40,221 - __main__ - INFO - time: 0.318073034286
2016-05-04 05:18:40,303 - __main__ - INFO - Train Enu-SVM (nu, ratio, trial): (0.59999999999999998, 0.029999999999999999, 0)
2016-05-04 05:18:40,445 - __main__ - INFO - time: 0.135751008987
2016-05-04 05:18:40,535 - __main__ - INFO - Train ER-SVM with Heuristics (nu, ratio, trial): (0.59999999999999998, 0.029999999999999999, 0)
2016-05-04 05:18:42,852 - __main__ - INFO - time: 2.31674289703
2016-05-04 05:18:42,933 - __main__ - INFO - Train ramp loss SVM (C, ratio, trial): 1.0
2016-05-04 05:18:42,991 - __main__ - INFO - time: 0.0571639537811
2016-05-04 05:18:43,077 - __main__ - INFO - Train ER-SVM with DCA (nu, ratio, trial): (0.5, 0.029999999999999999, 0)
2016-05-04 05:18:43,375 - __main__ - INFO - time: 0.296212911606
2016-05-04 05:18:43,453 - __main__ - INFO - Train Enu-SVM (nu, ratio, trial): (0.5, 0.029999999999999999, 0)
2016-05-04 05:18:43,568 - __main__ - INFO - time: 0.108882188797
2016-05-04 05:18:43,660 - __main__ - INFO - Train ER-SVM with Heuristics (nu, ratio, trial): (0.5, 0.029999999999999999, 0)
2016-05-04 05:18:46,185 - __main__ - INFO - time: 2.5241818428
2016-05-04 05:18:46,268 - __main__ - INFO - Train ramp loss SVM (C, ratio, trial): 0.2
2016-05-04 05:18:46,323 - __main__ - INFO - time: 0.0547440052032
2016-05-04 05:18:46,407 - __main__ - INFO - Train ER-SVM with DCA (nu, ratio, trial): (0.40000000000000002, 0.029999999999999999, 0)
2016-05-04 05:18:46,705 - __main__ - INFO - time: 0.297466993332
2016-05-04 05:18:46,785 - __main__ - INFO - Train Enu-SVM (nu, ratio, trial): (0.40000000000000002, 0.029999999999999999, 0)
2016-05-04 05:18:46,899 - __main__ - INFO - time: 0.108948945999
2016-05-04 05:18:46,992 - __main__ - INFO - Train ER-SVM with Heuristics (nu, ratio, trial): (0.40000000000000002, 0.029999999999999999, 0)
2016-05-04 05:18:49,136 - __main__ - INFO - time: 2.140583992
2016-05-04 05:18:49,218 - __main__ - INFO - Train ramp loss SVM (C, ratio, trial): 0.04
2016-05-04 05:18:49,276 - __main__ - INFO - time: 0.0577800273895
2016-05-04 05:18:49,361 - __main__ - INFO - Train ER-SVM with DCA (nu, ratio, trial): (0.29999999999999993, 0.029999999999999999, 0)
2016-05-04 05:18:49,655 - __main__ - INFO - time: 0.293179988861
2016-05-04 05:18:49,735 - __main__ - INFO - Train Enu-SVM (nu, ratio, trial): (0.29999999999999993, 0.029999999999999999, 0)
2016-05-04 05:18:49,861 - __main__ - INFO - time: 0.113664865494
2016-05-04 05:18:49,945 - __main__ - INFO - Train ER-SVM with Heuristics (nu, ratio, trial): (0.29999999999999993, 0.029999999999999999, 0)
2016-05-04 05:18:51,729 - __main__ - INFO - time: 1.78372812271
2016-05-04 05:18:51,812 - __main__ - INFO - Train ramp loss SVM (C, ratio, trial): 0.008
2016-05-04 05:18:51,871 - __main__ - INFO - time: 0.0581750869751
2016-05-04 05:18:51,955 - __main__ - INFO - Train ER-SVM with DCA (nu, ratio, trial): (0.19999999999999996, 0.029999999999999999, 0)
2016-05-04 05:18:52,309 - __main__ - INFO - time: 0.353422880173
2016-05-04 05:18:52,392 - __main__ - INFO - Train Enu-SVM (nu, ratio, trial): (0.19999999999999996, 0.029999999999999999, 0)
2016-05-04 05:18:52,519 - __main__ - INFO - time: 0.121086835861
2016-05-04 05:18:52,608 - __main__ - INFO - Train ER-SVM with Heuristics (nu, ratio, trial): (0.19999999999999996, 0.029999999999999999, 0)
2016-05-04 05:18:54,001 - __main__ - INFO - time: 1.3929131031
2016-05-04 05:18:54,087 - __main__ - INFO - Train ramp loss SVM (C, ratio, trial): 0.0016
2016-05-04 05:18:54,147 - __main__ - INFO - time: 0.0601618289948
2016-05-04 05:18:54,234 - __main__ - INFO - Train ER-SVM with DCA (nu, ratio, trial): (0.10000000000000001, 0.029999999999999999, 0)
2016-05-04 05:18:54,630 - __main__ - INFO - time: 0.394994020462
2016-05-04 05:18:54,713 - __main__ - INFO - Train Enu-SVM (nu, ratio, trial): (0.10000000000000001, 0.029999999999999999, 0)
2016-05-04 05:18:54,864 - __main__ - INFO - time: 0.144206047058
2016-05-04 05:18:54,951 - __main__ - INFO - Train ER-SVM with Heuristics (nu, ratio, trial): (0.10000000000000001, 0.029999999999999999, 0)
2016-05-04 05:18:55,833 - __main__ - INFO - time: 0.88227891922
2016-05-04 05:18:55,923 - __main__ - INFO - Train ramp loss SVM (C, ratio, trial): 625.0
2016-05-04 05:18:55,977 - __main__ - INFO - time: 0.0530920028687
2016-05-04 05:18:56,060 - __main__ - INFO - Train ER-SVM with DCA (nu, ratio, trial): (0.90000000000000002, 0.050000000000000003, 0)
2016-05-04 05:18:56,341 - __main__ - INFO - time: 0.280107975006
2016-05-04 05:18:56,422 - __main__ - INFO - Train Enu-SVM (nu, ratio, trial): (0.90000000000000002, 0.050000000000000003, 0)
2016-05-04 05:18:56,577 - __main__ - INFO - time: 0.149545192719
2016-05-04 05:18:56,668 - __main__ - INFO - Train ER-SVM with Heuristics (nu, ratio, trial): (0.90000000000000002, 0.050000000000000003, 0)
2016-05-04 05:18:57,428 - __main__ - INFO - time: 0.759871959686
2016-05-04 05:18:57,520 - __main__ - INFO - Train ramp loss SVM (C, ratio, trial): 125.0
2016-05-04 05:18:57,585 - __main__ - INFO - time: 0.0643157958984
2016-05-04 05:18:57,674 - __main__ - INFO - Train ER-SVM with DCA (nu, ratio, trial): (0.80000000000000004, 0.050000000000000003, 0)
2016-05-04 05:18:57,949 - __main__ - INFO - time: 0.274132966995
2016-05-04 05:18:58,029 - __main__ - INFO - Train Enu-SVM (nu, ratio, trial): (0.80000000000000004, 0.050000000000000003, 0)
2016-05-04 05:18:58,175 - __main__ - INFO - time: 0.135888814926
2016-05-04 05:18:58,268 - __main__ - INFO - Train ER-SVM with Heuristics (nu, ratio, trial): (0.80000000000000004, 0.050000000000000003, 0)
2016-05-04 05:18:59,508 - __main__ - INFO - time: 1.23967790604
2016-05-04 05:18:59,599 - __main__ - INFO - Train ramp loss SVM (C, ratio, trial): 25.0
2016-05-04 05:18:59,656 - __main__ - INFO - time: 0.0558550357819
2016-05-04 05:18:59,743 - __main__ - INFO - Train ER-SVM with DCA (nu, ratio, trial): (0.69999999999999996, 0.050000000000000003, 0)
2016-05-04 05:18:59,991 - __main__ - INFO - time: 0.246881961823
2016-05-04 05:19:00,071 - __main__ - INFO - Train Enu-SVM (nu, ratio, trial): (0.69999999999999996, 0.050000000000000003, 0)
2016-05-04 05:19:00,187 - __main__ - INFO - time: 0.110983848572
2016-05-04 05:19:00,274 - __main__ - INFO - Train ER-SVM with Heuristics (nu, ratio, trial): (0.69999999999999996, 0.050000000000000003, 0)
2016-05-04 05:19:01,915 - __main__ - INFO - time: 1.64032506943
2016-05-04 05:19:01,997 - __main__ - INFO - Train ramp loss SVM (C, ratio, trial): 5.0
2016-05-04 05:19:02,054 - __main__ - INFO - time: 0.0556581020355
2016-05-04 05:19:02,139 - __main__ - INFO - Train ER-SVM with DCA (nu, ratio, trial): (0.59999999999999998, 0.050000000000000003, 0)
2016-05-04 05:19:02,384 - __main__ - INFO - time: 0.243847846985
2016-05-04 05:19:02,466 - __main__ - INFO - Train Enu-SVM (nu, ratio, trial): (0.59999999999999998, 0.050000000000000003, 0)
2016-05-04 05:19:02,600 - __main__ - INFO - time: 0.126970052719
2016-05-04 05:19:02,688 - __main__ - INFO - Train ER-SVM with Heuristics (nu, ratio, trial): (0.59999999999999998, 0.050000000000000003, 0)
2016-05-04 05:19:05,474 - __main__ - INFO - time: 2.78559303284
2016-05-04 05:19:05,554 - __main__ - INFO - Train ramp loss SVM (C, ratio, trial): 1.0
2016-05-04 05:19:05,610 - __main__ - INFO - time: 0.0546832084656
2016-05-04 05:19:05,693 - __main__ - INFO - Train ER-SVM with DCA (nu, ratio, trial): (0.5, 0.050000000000000003, 0)
2016-05-04 05:19:05,934 - __main__ - INFO - time: 0.240624904633
2016-05-04 05:19:06,019 - __main__ - INFO - Train Enu-SVM (nu, ratio, trial): (0.5, 0.050000000000000003, 0)
2016-05-04 05:19:06,196 - __main__ - INFO - time: 0.167088031769
2016-05-04 05:19:06,289 - __main__ - INFO - Train ER-SVM with Heuristics (nu, ratio, trial): (0.5, 0.050000000000000003, 0)
2016-05-04 05:19:08,888 - __main__ - INFO - time: 2.59872412682
2016-05-04 05:19:08,969 - __main__ - INFO - Train ramp loss SVM (C, ratio, trial): 0.2
2016-05-04 05:19:09,023 - __main__ - INFO - time: 0.0541899204254
2016-05-04 05:19:09,107 - __main__ - INFO - Train ER-SVM with DCA (nu, ratio, trial): (0.40000000000000002, 0.050000000000000003, 0)
2016-05-04 05:19:09,409 - __main__ - INFO - time: 0.302053928375
2016-05-04 05:19:09,488 - __main__ - INFO - Train Enu-SVM (nu, ratio, trial): (0.40000000000000002, 0.050000000000000003, 0)
2016-05-04 05:19:09,605 - __main__ - INFO - time: 0.111699104309
2016-05-04 05:19:09,695 - __main__ - INFO - Train ER-SVM with Heuristics (nu, ratio, trial): (0.40000000000000002, 0.050000000000000003, 0)
2016-05-04 05:19:11,889 - __main__ - INFO - time: 2.19431805611
2016-05-04 05:19:11,976 - __main__ - INFO - Train ramp loss SVM (C, ratio, trial): 0.04
2016-05-04 05:19:12,040 - __main__ - INFO - time: 0.0626230239868
2016-05-04 05:19:12,127 - __main__ - INFO - Train ER-SVM with DCA (nu, ratio, trial): (0.29999999999999993, 0.050000000000000003, 0)
2016-05-04 05:19:12,445 - __main__ - INFO - time: 0.316816806793
2016-05-04 05:19:12,525 - __main__ - INFO - Train Enu-SVM (nu, ratio, trial): (0.29999999999999993, 0.050000000000000003, 0)
2016-05-04 05:19:12,663 - __main__ - INFO - time: 0.130928993225
2016-05-04 05:19:12,759 - __main__ - INFO - Train ER-SVM with Heuristics (nu, ratio, trial): (0.29999999999999993, 0.050000000000000003, 0)
2016-05-04 05:19:14,569 - __main__ - INFO - time: 1.80994606018
2016-05-04 05:19:14,659 - __main__ - INFO - Train ramp loss SVM (C, ratio, trial): 0.008
2016-05-04 05:19:14,732 - __main__ - INFO - time: 0.0716879367828
2016-05-04 05:19:14,823 - __main__ - INFO - Train ER-SVM with DCA (nu, ratio, trial): (0.19999999999999996, 0.050000000000000003, 0)
2016-05-04 05:19:15,179 - __main__ - INFO - time: 0.355996847153
2016-05-04 05:19:15,263 - __main__ - INFO - Train Enu-SVM (nu, ratio, trial): (0.19999999999999996, 0.050000000000000003, 0)
2016-05-04 05:19:15,403 - __main__ - INFO - time: 0.129664897919
2016-05-04 05:19:15,505 - __main__ - INFO - Train ER-SVM with Heuristics (nu, ratio, trial): (0.19999999999999996, 0.050000000000000003, 0)
2016-05-04 05:19:16,824 - __main__ - INFO - time: 1.31879401207
2016-05-04 05:19:16,904 - __main__ - INFO - Train ramp loss SVM (C, ratio, trial): 0.0016
2016-05-04 05:19:16,964 - __main__ - INFO - time: 0.0595419406891
2016-05-04 05:19:17,051 - __main__ - INFO - Train ER-SVM with DCA (nu, ratio, trial): (0.10000000000000001, 0.050000000000000003, 0)
2016-05-04 05:19:17,455 - __main__ - INFO - time: 0.403157949448
2016-05-04 05:19:17,535 - __main__ - INFO - Train Enu-SVM (nu, ratio, trial): (0.10000000000000001, 0.050000000000000003, 0)
2016-05-04 05:19:17,703 - __main__ - INFO - time: 0.160084962845
2016-05-04 05:19:17,794 - __main__ - INFO - Train ER-SVM with Heuristics (nu, ratio, trial): (0.10000000000000001, 0.050000000000000003, 0)
2016-05-04 05:19:18,633 - __main__ - INFO - time: 0.838790893555
2016-05-04 05:19:18,722 - __main__ - INFO - Train ramp loss SVM (C, ratio, trial): 625.0
2016-05-04 05:19:18,781 - __main__ - INFO - time: 0.0581269264221
2016-05-04 05:19:18,865 - __main__ - INFO - Train ER-SVM with DCA (nu, ratio, trial): (0.90000000000000002, 0.10000000000000001, 0)
2016-05-04 05:19:19,042 - __main__ - INFO - time: 0.176005125046
2016-05-04 05:19:19,123 - __main__ - INFO - Train Enu-SVM (nu, ratio, trial): (0.90000000000000002, 0.10000000000000001, 0)
2016-05-04 05:19:19,241 - __main__ - INFO - time: 0.112357854843
2016-05-04 05:19:19,321 - __main__ - INFO - Train ER-SVM with Heuristics (nu, ratio, trial): (0.90000000000000002, 0.10000000000000001, 0)
2016-05-04 05:19:19,322 - __main__ - INFO - time: 6.00814819336e-05
2016-05-04 05:19:19,402 - __main__ - INFO - Train ramp loss SVM (C, ratio, trial): 125.0
2016-05-04 05:19:19,458 - __main__ - INFO - time: 0.0555160045624
2016-05-04 05:19:19,539 - __main__ - INFO - Train ER-SVM with DCA (nu, ratio, trial): (0.80000000000000004, 0.10000000000000001, 0)
2016-05-04 05:19:19,722 - __main__ - INFO - time: 0.182468891144
2016-05-04 05:19:19,802 - __main__ - INFO - Train Enu-SVM (nu, ratio, trial): (0.80000000000000004, 0.10000000000000001, 0)
2016-05-04 05:19:19,918 - __main__ - INFO - time: 0.110181093216
2016-05-04 05:19:20,020 - __main__ - INFO - Train ER-SVM with Heuristics (nu, ratio, trial): (0.80000000000000004, 0.10000000000000001, 0)
2016-05-04 05:19:20,020 - __main__ - INFO - time: 6.07967376709e-05
2016-05-04 05:19:20,103 - __main__ - INFO - Train ramp loss SVM (C, ratio, trial): 25.0
2016-05-04 05:19:20,163 - __main__ - INFO - time: 0.0598421096802
2016-05-04 05:19:20,245 - __main__ - INFO - Train ER-SVM with DCA (nu, ratio, trial): (0.69999999999999996, 0.10000000000000001, 0)
2016-05-04 05:19:20,499 - __main__ - INFO - time: 0.253118991852
2016-05-04 05:19:20,581 - __main__ - INFO - Train Enu-SVM (nu, ratio, trial): (0.69999999999999996, 0.10000000000000001, 0)
2016-05-04 05:19:20,704 - __main__ - INFO - time: 0.11637711525
2016-05-04 05:19:20,795 - __main__ - INFO - Train ER-SVM with Heuristics (nu, ratio, trial): (0.69999999999999996, 0.10000000000000001, 0)
2016-05-04 05:19:21,067 - __main__ - INFO - time: 0.270998001099
2016-05-04 05:19:21,160 - __main__ - INFO - Train ramp loss SVM (C, ratio, trial): 5.0
2016-05-04 05:19:21,224 - __main__ - INFO - time: 0.0639181137085
2016-05-04 05:19:21,313 - __main__ - INFO - Train ER-SVM with DCA (nu, ratio, trial): (0.59999999999999998, 0.10000000000000001, 0)
2016-05-04 05:19:21,611 - __main__ - INFO - time: 0.297912120819
2016-05-04 05:19:21,696 - __main__ - INFO - Train Enu-SVM (nu, ratio, trial): (0.59999999999999998, 0.10000000000000001, 0)
2016-05-04 05:19:21,835 - __main__ - INFO - time: 0.130559921265
2016-05-04 05:19:21,922 - __main__ - INFO - Train ER-SVM with Heuristics (nu, ratio, trial): (0.59999999999999998, 0.10000000000000001, 0)
2016-05-04 05:19:22,925 - __main__ - INFO - time: 1.00296497345
2016-05-04 05:19:23,008 - __main__ - INFO - Train ramp loss SVM (C, ratio, trial): 1.0
2016-05-04 05:19:23,064 - __main__ - INFO - time: 0.0553951263428
2016-05-04 05:19:23,146 - __main__ - INFO - Train ER-SVM with DCA (nu, ratio, trial): (0.5, 0.10000000000000001, 0)
2016-05-04 05:19:23,449 - __main__ - INFO - time: 0.301868915558
2016-05-04 05:19:23,531 - __main__ - INFO - Train Enu-SVM (nu, ratio, trial): (0.5, 0.10000000000000001, 0)
2016-05-04 05:19:23,681 - __main__ - INFO - time: 0.142884969711
2016-05-04 05:19:23,766 - __main__ - INFO - Train ER-SVM with Heuristics (nu, ratio, trial): (0.5, 0.10000000000000001, 0)
2016-05-04 05:19:25,830 - __main__ - INFO - time: 2.06421589851
2016-05-04 05:19:25,912 - __main__ - INFO - Train ramp loss SVM (C, ratio, trial): 0.2
2016-05-04 05:19:25,976 - __main__ - INFO - time: 0.06352186203
2016-05-04 05:19:26,060 - __main__ - INFO - Train ER-SVM with DCA (nu, ratio, trial): (0.40000000000000002, 0.10000000000000001, 0)
2016-05-04 05:19:26,376 - __main__ - INFO - time: 0.314930915833
2016-05-04 05:19:26,462 - __main__ - INFO - Train Enu-SVM (nu, ratio, trial): (0.40000000000000002, 0.10000000000000001, 0)
2016-05-04 05:19:26,587 - __main__ - INFO - time: 0.11804485321
2016-05-04 05:19:26,668 - __main__ - INFO - Train ER-SVM with Heuristics (nu, ratio, trial): (0.40000000000000002, 0.10000000000000001, 0)
2016-05-04 05:19:28,913 - __main__ - INFO - time: 2.24458193779
2016-05-04 05:19:29,002 - __main__ - INFO - Train ramp loss SVM (C, ratio, trial): 0.04
2016-05-04 05:19:29,068 - __main__ - INFO - time: 0.0653600692749
2016-05-04 05:19:29,152 - __main__ - INFO - Train ER-SVM with DCA (nu, ratio, trial): (0.29999999999999993, 0.10000000000000001, 0)
2016-05-04 05:19:29,479 - __main__ - INFO - time: 0.326086997986
2016-05-04 05:19:29,565 - __main__ - INFO - Train Enu-SVM (nu, ratio, trial): (0.29999999999999993, 0.10000000000000001, 0)
2016-05-04 05:19:29,703 - __main__ - INFO - time: 0.127840042114
2016-05-04 05:19:29,797 - __main__ - INFO - Train ER-SVM with Heuristics (nu, ratio, trial): (0.29999999999999993, 0.10000000000000001, 0)
2016-05-04 05:19:31,539 - __main__ - INFO - time: 1.7417781353
2016-05-04 05:19:31,621 - __main__ - INFO - Train ramp loss SVM (C, ratio, trial): 0.008
2016-05-04 05:19:31,679 - __main__ - INFO - time: 0.05712890625
2016-05-04 05:19:31,760 - __main__ - INFO - Train ER-SVM with DCA (nu, ratio, trial): (0.19999999999999996, 0.10000000000000001, 0)
2016-05-04 05:19:32,064 - __main__ - INFO - time: 0.302850008011
2016-05-04 05:19:32,144 - __main__ - INFO - Train Enu-SVM (nu, ratio, trial): (0.19999999999999996, 0.10000000000000001, 0)
2016-05-04 05:19:32,264 - __main__ - INFO - time: 0.110407114029
2016-05-04 05:19:32,351 - __main__ - INFO - Train ER-SVM with Heuristics (nu, ratio, trial): (0.19999999999999996, 0.10000000000000001, 0)
2016-05-04 05:19:33,710 - __main__ - INFO - time: 1.3589220047
2016-05-04 05:19:33,798 - __main__ - INFO - Train ramp loss SVM (C, ratio, trial): 0.0016
2016-05-04 05:19:33,868 - __main__ - INFO - time: 0.0694689750671
2016-05-04 05:19:33,956 - __main__ - INFO - Train ER-SVM with DCA (nu, ratio, trial): (0.10000000000000001, 0.10000000000000001, 0)
2016-05-04 05:19:34,289 - __main__ - INFO - time: 0.33202290535
2016-05-04 05:19:34,369 - __main__ - INFO - Train Enu-SVM (nu, ratio, trial): (0.10000000000000001, 0.10000000000000001, 0)
2016-05-04 05:19:34,488 - __main__ - INFO - time: 0.115206956863
2016-05-04 05:19:34,575 - __main__ - INFO - Train ER-SVM with Heuristics (nu, ratio, trial): (0.10000000000000001, 0.10000000000000001, 0)
2016-05-04 05:19:35,716 - __main__ - INFO - time: 1.14066004753
2016-05-04 05:19:35,809 - __main__ - INFO - Train ramp loss SVM (C, ratio, trial): 625.0
2016-05-04 05:19:35,881 - __main__ - INFO - time: 0.0719079971313
2016-05-04 05:19:35,966 - __main__ - INFO - Train ER-SVM with DCA (nu, ratio, trial): (0.90000000000000002, 0.20000000000000001, 0)
2016-05-04 05:19:36,306 - __main__ - INFO - time: 0.339509963989
2016-05-04 05:19:36,389 - __main__ - INFO - Train Enu-SVM (nu, ratio, trial): (0.90000000000000002, 0.20000000000000001, 0)
2016-05-04 05:19:36,525 - __main__ - INFO - time: 0.127106189728
2016-05-04 05:19:36,610 - __main__ - INFO - Train ER-SVM with Heuristics (nu, ratio, trial): (0.90000000000000002, 0.20000000000000001, 0)
2016-05-04 05:19:38,049 - __main__ - INFO - time: 1.43854117393
2016-05-04 05:19:38,133 - __main__ - INFO - Train ramp loss SVM (C, ratio, trial): 125.0
2016-05-04 05:19:38,208 - __main__ - INFO - time: 0.0742638111115
2016-05-04 05:19:38,294 - __main__ - INFO - Train ER-SVM with DCA (nu, ratio, trial): (0.80000000000000004, 0.20000000000000001, 0)
2016-05-04 05:19:38,536 - __main__ - INFO - time: 0.24024105072
2016-05-04 05:19:38,618 - __main__ - INFO - Train Enu-SVM (nu, ratio, trial): (0.80000000000000004, 0.20000000000000001, 0)
2016-05-04 05:19:38,737 - __main__ - INFO - time: 0.113759040833
2016-05-04 05:19:38,824 - __main__ - INFO - Train ER-SVM with Heuristics (nu, ratio, trial): (0.80000000000000004, 0.20000000000000001, 0)
2016-05-04 05:19:40,759 - __main__ - INFO - time: 1.9354288578
2016-05-04 05:19:40,841 - __main__ - INFO - Train ramp loss SVM (C, ratio, trial): 25.0
2016-05-04 05:19:40,908 - __main__ - INFO - time: 0.0665009021759
2016-05-04 05:19:40,992 - __main__ - INFO - Train ER-SVM with DCA (nu, ratio, trial): (0.69999999999999996, 0.20000000000000001, 0)
2016-05-04 05:19:41,303 - __main__ - INFO - time: 0.309780836105
2016-05-04 05:19:41,382 - __main__ - INFO - Train Enu-SVM (nu, ratio, trial): (0.69999999999999996, 0.20000000000000001, 0)
2016-05-04 05:19:41,515 - __main__ - INFO - time: 0.123685836792
2016-05-04 05:19:41,597 - __main__ - INFO - Train ER-SVM with Heuristics (nu, ratio, trial): (0.69999999999999996, 0.20000000000000001, 0)
2016-05-04 05:19:44,140 - __main__ - INFO - time: 2.54342198372
2016-05-04 05:19:44,222 - __main__ - INFO - Train ramp loss SVM (C, ratio, trial): 5.0
2016-05-04 05:19:44,284 - __main__ - INFO - time: 0.0604939460754
2016-05-04 05:19:44,366 - __main__ - INFO - Train ER-SVM with DCA (nu, ratio, trial): (0.59999999999999998, 0.20000000000000001, 0)
2016-05-04 05:19:44,668 - __main__ - INFO - time: 0.299890995026
2016-05-04 05:19:44,743 - __main__ - INFO - Train Enu-SVM (nu, ratio, trial): (0.59999999999999998, 0.20000000000000001, 0)
2016-05-04 05:19:44,888 - __main__ - INFO - time: 0.137444019318
2016-05-04 05:19:44,982 - __main__ - INFO - Train ER-SVM with Heuristics (nu, ratio, trial): (0.59999999999999998, 0.20000000000000001, 0)
2016-05-04 05:19:48,166 - __main__ - INFO - time: 3.18429708481
2016-05-04 05:19:48,247 - __main__ - INFO - Train ramp loss SVM (C, ratio, trial): 1.0
2016-05-04 05:19:48,312 - __main__ - INFO - time: 0.0635149478912
2016-05-04 05:19:48,398 - __main__ - INFO - Train ER-SVM with DCA (nu, ratio, trial): (0.5, 0.20000000000000001, 0)
2016-05-04 05:19:48,691 - __main__ - INFO - time: 0.291860103607
2016-05-04 05:19:48,771 - __main__ - INFO - Train Enu-SVM (nu, ratio, trial): (0.5, 0.20000000000000001, 0)
2016-05-04 05:19:48,887 - __main__ - INFO - time: 0.111199140549
2016-05-04 05:19:48,970 - __main__ - INFO - Train ER-SVM with Heuristics (nu, ratio, trial): (0.5, 0.20000000000000001, 0)
2016-05-04 05:19:51,686 - __main__ - INFO - time: 2.71504306793
2016-05-04 05:19:51,767 - __main__ - INFO - Train ramp loss SVM (C, ratio, trial): 0.2
2016-05-04 05:19:51,840 - __main__ - INFO - time: 0.0727050304413
2016-05-04 05:19:51,928 - __main__ - INFO - Train ER-SVM with DCA (nu, ratio, trial): (0.40000000000000002, 0.20000000000000001, 0)
2016-05-04 05:19:52,170 - __main__ - INFO - time: 0.240344047546
2016-05-04 05:19:52,251 - __main__ - INFO - Train Enu-SVM (nu, ratio, trial): (0.40000000000000002, 0.20000000000000001, 0)
2016-05-04 05:19:52,375 - __main__ - INFO - time: 0.119393110275
2016-05-04 05:19:52,466 - __main__ - INFO - Train ER-SVM with Heuristics (nu, ratio, trial): (0.40000000000000002, 0.20000000000000001, 0)
2016-05-04 05:19:54,600 - __main__ - INFO - time: 2.13365507126
2016-05-04 05:19:54,688 - __main__ - INFO - Train ramp loss SVM (C, ratio, trial): 0.04
2016-05-04 05:19:54,755 - __main__ - INFO - time: 0.0673229694366
2016-05-04 05:19:54,846 - __main__ - INFO - Train ER-SVM with DCA (nu, ratio, trial): (0.29999999999999993, 0.20000000000000001, 0)
2016-05-04 05:19:55,208 - __main__ - INFO - time: 0.360653877258
2016-05-04 05:19:55,299 - __main__ - INFO - Train Enu-SVM (nu, ratio, trial): (0.29999999999999993, 0.20000000000000001, 0)
2016-05-04 05:19:55,453 - __main__ - INFO - time: 0.149425983429
2016-05-04 05:19:55,537 - __main__ - INFO - Train ER-SVM with Heuristics (nu, ratio, trial): (0.29999999999999993, 0.20000000000000001, 0)
2016-05-04 05:19:57,335 - __main__ - INFO - time: 1.79772090912
2016-05-04 05:19:57,422 - __main__ - INFO - Train ramp loss SVM (C, ratio, trial): 0.008
2016-05-04 05:19:57,488 - __main__ - INFO - time: 0.0652141571045
2016-05-04 05:19:57,570 - __main__ - INFO - Train ER-SVM with DCA (nu, ratio, trial): (0.19999999999999996, 0.20000000000000001, 0)
2016-05-04 05:19:57,999 - __main__ - INFO - time: 0.428122997284
2016-05-04 05:19:58,097 - __main__ - INFO - Train Enu-SVM (nu, ratio, trial): (0.19999999999999996, 0.20000000000000001, 0)
2016-05-04 05:19:58,268 - __main__ - INFO - time: 0.167943954468
2016-05-04 05:19:58,339 - __main__ - INFO - Train ER-SVM with Heuristics (nu, ratio, trial): (0.19999999999999996, 0.20000000000000001, 0)
2016-05-04 05:19:58,671 - __main__ - INFO - time: 0.331733942032
2016-05-04 05:19:58,752 - __main__ - INFO - Train ramp loss SVM (C, ratio, trial): 0.0016
2016-05-04 05:19:58,808 - __main__ - INFO - time: 0.0551359653473
2016-05-04 05:19:58,889 - __main__ - INFO - Train ER-SVM with DCA (nu, ratio, trial): (0.10000000000000001, 0.20000000000000001, 0)
2016-05-04 05:19:59,412 - __main__ - INFO - time: 0.52227306366
2016-05-04 05:19:59,494 - __main__ - INFO - Train Enu-SVM (nu, ratio, trial): (0.10000000000000001, 0.20000000000000001, 0)
2016-05-04 05:19:59,652 - __main__ - INFO - time: 0.155241966248
2016-05-04 05:19:59,734 - __main__ - INFO - Train ER-SVM with Heuristics (nu, ratio, trial): (0.10000000000000001, 0.20000000000000001, 0)
2016-05-04 05:20:00,054 - __main__ - INFO - time: 0.319276094437
2016-05-04 05:20:00,136 - __main__ - INFO - Training finished
2016-05-04 05:58:35,807 - __main__ - INFO - info test
2016-05-04 05:58:36,033 - __main__ - INFO - Train ramp loss SVM (C, ratio, trial): 625.0
2016-05-04 05:58:36,094 - __main__ - INFO - time: 0.0602078437805
2016-05-04 05:58:36,183 - __main__ - INFO - Train ER-SVM with DCA (nu, ratio, trial): (0.90000000000000002, 0.0, 0)
2016-05-04 05:58:36,585 - __main__ - INFO - time: 0.401156902313
2016-05-04 05:58:36,667 - __main__ - INFO - Train Enu-SVM (nu, ratio, trial): (0.90000000000000002, 0.0, 0)
2016-05-04 05:58:36,797 - __main__ - INFO - time: 0.126327037811
2016-05-04 05:58:36,961 - __main__ - INFO - Train ER-SVM with Heuristics (nu, ratio, trial): (0.90000000000000002, 0.0, 0)
2016-05-04 05:58:37,382 - __main__ - INFO - time: 0.420966863632
2016-05-04 05:58:37,465 - __main__ - INFO - Train ramp loss SVM (C, ratio, trial): 125.0
2016-05-04 05:58:37,525 - __main__ - INFO - time: 0.0592501163483
2016-05-04 05:58:37,607 - __main__ - INFO - Train ER-SVM with DCA (nu, ratio, trial): (0.80000000000000004, 0.0, 0)
2016-05-04 05:58:37,924 - __main__ - INFO - time: 0.316185951233
2016-05-04 05:58:38,016 - __main__ - INFO - Train Enu-SVM (nu, ratio, trial): (0.80000000000000004, 0.0, 0)
2016-05-04 05:58:38,159 - __main__ - INFO - time: 0.136080026627
2016-05-04 05:58:38,242 - __main__ - INFO - Train ER-SVM with Heuristics (nu, ratio, trial): (0.80000000000000004, 0.0, 0)
2016-05-04 05:58:39,262 - __main__ - INFO - time: 1.02032613754
2016-05-04 05:58:39,350 - __main__ - INFO - Train ramp loss SVM (C, ratio, trial): 25.0
2016-05-04 05:58:39,411 - __main__ - INFO - time: 0.0593509674072
2016-05-04 05:58:39,493 - __main__ - INFO - Train ER-SVM with DCA (nu, ratio, trial): (0.69999999999999996, 0.0, 0)
2016-05-04 05:58:39,829 - __main__ - INFO - time: 0.335376977921
2016-05-04 05:58:39,909 - __main__ - INFO - Train Enu-SVM (nu, ratio, trial): (0.69999999999999996, 0.0, 0)
2016-05-04 05:58:40,051 - __main__ - INFO - time: 0.13813495636
2016-05-04 05:58:40,143 - __main__ - INFO - Train ER-SVM with Heuristics (nu, ratio, trial): (0.69999999999999996, 0.0, 0)
2016-05-04 05:58:41,779 - __main__ - INFO - time: 1.63547492027
2016-05-04 05:58:41,860 - __main__ - INFO - Train ramp loss SVM (C, ratio, trial): 5.0
2016-05-04 05:58:41,917 - __main__ - INFO - time: 0.0556030273438
2016-05-04 05:58:42,008 - __main__ - INFO - Train ER-SVM with DCA (nu, ratio, trial): (0.59999999999999998, 0.0, 0)
2016-05-04 05:58:42,309 - __main__ - INFO - time: 0.299992799759
2016-05-04 05:58:42,387 - __main__ - INFO - Train Enu-SVM (nu, ratio, trial): (0.59999999999999998, 0.0, 0)
2016-05-04 05:58:42,564 - __main__ - INFO - time: 0.17281794548
2016-05-04 05:58:42,648 - __main__ - INFO - Train ER-SVM with Heuristics (nu, ratio, trial): (0.59999999999999998, 0.0, 0)
2016-05-04 05:58:45,543 - __main__ - INFO - time: 2.89533209801
2016-05-04 05:58:45,623 - __main__ - INFO - Train ramp loss SVM (C, ratio, trial): 1.0
2016-05-04 05:58:45,677 - __main__ - INFO - time: 0.0539681911469
2016-05-04 05:58:45,759 - __main__ - INFO - Train ER-SVM with DCA (nu, ratio, trial): (0.5, 0.0, 0)
2016-05-04 05:58:46,070 - __main__ - INFO - time: 0.310064077377
2016-05-04 05:58:46,151 - __main__ - INFO - Train Enu-SVM (nu, ratio, trial): (0.5, 0.0, 0)
2016-05-04 05:58:46,280 - __main__ - INFO - time: 0.122992038727
2016-05-04 05:58:46,375 - __main__ - INFO - Train ER-SVM with Heuristics (nu, ratio, trial): (0.5, 0.0, 0)
2016-05-04 05:58:49,067 - __main__ - INFO - time: 2.69206905365
2016-05-04 05:58:49,149 - __main__ - INFO - Train ramp loss SVM (C, ratio, trial): 0.2
2016-05-04 05:58:49,205 - __main__ - INFO - time: 0.0557909011841
2016-05-04 05:58:49,286 - __main__ - INFO - Train ER-SVM with DCA (nu, ratio, trial): (0.40000000000000002, 0.0, 0)
2016-05-04 05:58:49,602 - __main__ - INFO - time: 0.31482219696
2016-05-04 05:58:49,681 - __main__ - INFO - Train Enu-SVM (nu, ratio, trial): (0.40000000000000002, 0.0, 0)
2016-05-04 05:58:49,802 - __main__ - INFO - time: 0.117355823517
2016-05-04 05:58:49,888 - __main__ - INFO - Train ER-SVM with Heuristics (nu, ratio, trial): (0.40000000000000002, 0.0, 0)
2016-05-04 05:58:52,089 - __main__ - INFO - time: 2.2003569603
2016-05-04 05:58:52,174 - __main__ - INFO - Train ramp loss SVM (C, ratio, trial): 0.04
2016-05-04 05:58:52,232 - __main__ - INFO - time: 0.0574388504028
2016-05-04 05:58:52,314 - __main__ - INFO - Train ER-SVM with DCA (nu, ratio, trial): (0.29999999999999993, 0.0, 0)
2016-05-04 05:58:52,704 - __main__ - INFO - time: 0.389139890671
2016-05-04 05:58:52,786 - __main__ - INFO - Train Enu-SVM (nu, ratio, trial): (0.29999999999999993, 0.0, 0)
2016-05-04 05:58:52,910 - __main__ - INFO - time: 0.118225097656
2016-05-04 05:58:52,993 - __main__ - INFO - Train ER-SVM with Heuristics (nu, ratio, trial): (0.29999999999999993, 0.0, 0)
2016-05-04 05:58:54,769 - __main__ - INFO - time: 1.77487707138
2016-05-04 05:58:54,850 - __main__ - INFO - Train ramp loss SVM (C, ratio, trial): 0.008
2016-05-04 05:58:54,908 - __main__ - INFO - time: 0.0575489997864
2016-05-04 05:58:54,989 - __main__ - INFO - Train ER-SVM with DCA (nu, ratio, trial): (0.19999999999999996, 0.0, 0)
2016-05-04 05:58:55,280 - __main__ - INFO - time: 0.289435863495
2016-05-04 05:58:55,362 - __main__ - INFO - Train Enu-SVM (nu, ratio, trial): (0.19999999999999996, 0.0, 0)
2016-05-04 05:58:55,487 - __main__ - INFO - time: 0.120996952057
2016-05-04 05:58:55,573 - __main__ - INFO - Train ER-SVM with Heuristics (nu, ratio, trial): (0.19999999999999996, 0.0, 0)
2016-05-04 05:58:56,941 - __main__ - INFO - time: 1.36746287346
2016-05-04 05:58:57,035 - __main__ - INFO - Train ramp loss SVM (C, ratio, trial): 0.0016
2016-05-04 05:58:57,098 - __main__ - INFO - time: 0.0617740154266
2016-05-04 05:58:57,183 - __main__ - INFO - Train ER-SVM with DCA (nu, ratio, trial): (0.10000000000000001, 0.0, 0)
2016-05-04 05:58:57,450 - __main__ - INFO - time: 0.26630282402
2016-05-04 05:58:57,535 - __main__ - INFO - Train Enu-SVM (nu, ratio, trial): (0.10000000000000001, 0.0, 0)
2016-05-04 05:58:57,659 - __main__ - INFO - time: 0.115479946136
2016-05-04 05:58:57,749 - __main__ - INFO - Train ER-SVM with Heuristics (nu, ratio, trial): (0.10000000000000001, 0.0, 0)
2016-05-04 05:58:58,536 - __main__ - INFO - time: 0.786922931671
2016-05-04 05:58:58,627 - __main__ - INFO - Train ramp loss SVM (C, ratio, trial): 625.0
2016-05-04 05:58:58,685 - __main__ - INFO - time: 0.0571019649506
2016-05-04 05:58:58,770 - __main__ - INFO - Train ER-SVM with DCA (nu, ratio, trial): (0.90000000000000002, 0.029999999999999999, 0)
2016-05-04 05:58:59,019 - __main__ - INFO - time: 0.248760938644
2016-05-04 05:58:59,099 - __main__ - INFO - Train Enu-SVM (nu, ratio, trial): (0.90000000000000002, 0.029999999999999999, 0)
2016-05-04 05:58:59,290 - __main__ - INFO - time: 0.18448805809
2016-05-04 05:58:59,381 - __main__ - INFO - Train ER-SVM with Heuristics (nu, ratio, trial): (0.90000000000000002, 0.029999999999999999, 0)
2016-05-04 05:58:59,550 - __main__ - INFO - time: 0.16817688942
2016-05-04 05:58:59,635 - __main__ - INFO - Train ramp loss SVM (C, ratio, trial): 125.0
2016-05-04 05:58:59,697 - __main__ - INFO - time: 0.0611832141876
2016-05-04 05:58:59,780 - __main__ - INFO - Train ER-SVM with DCA (nu, ratio, trial): (0.80000000000000004, 0.029999999999999999, 0)
2016-05-04 05:59:00,151 - __main__ - INFO - time: 0.370333194733
2016-05-04 05:59:00,232 - __main__ - INFO - Train Enu-SVM (nu, ratio, trial): (0.80000000000000004, 0.029999999999999999, 0)
2016-05-04 05:59:00,377 - __main__ - INFO - time: 0.14047908783
2016-05-04 05:59:00,464 - __main__ - INFO - Train ER-SVM with Heuristics (nu, ratio, trial): (0.80000000000000004, 0.029999999999999999, 0)
2016-05-04 05:59:01,238 - __main__ - INFO - time: 0.773256063461
2016-05-04 05:59:01,316 - __main__ - INFO - Train ramp loss SVM (C, ratio, trial): 25.0
2016-05-04 05:59:01,378 - __main__ - INFO - time: 0.0585248470306
2016-05-04 05:59:01,467 - __main__ - INFO - Train ER-SVM with DCA (nu, ratio, trial): (0.69999999999999996, 0.029999999999999999, 0)
2016-05-04 05:59:01,811 - __main__ - INFO - time: 0.342358112335
2016-05-04 05:59:01,903 - __main__ - INFO - Train Enu-SVM (nu, ratio, trial): (0.69999999999999996, 0.029999999999999999, 0)
2016-05-04 05:59:02,038 - __main__ - INFO - time: 0.130681037903
2016-05-04 05:59:02,106 - __main__ - INFO - Train ER-SVM with Heuristics (nu, ratio, trial): (0.69999999999999996, 0.029999999999999999, 0)
2016-05-04 05:59:03,395 - __main__ - INFO - time: 1.28956198692
2016-05-04 05:59:03,477 - __main__ - INFO - Train ramp loss SVM (C, ratio, trial): 5.0
2016-05-04 05:59:03,532 - __main__ - INFO - time: 0.0546610355377
2016-05-04 05:59:03,612 - __main__ - INFO - Train ER-SVM with DCA (nu, ratio, trial): (0.59999999999999998, 0.029999999999999999, 0)
2016-05-04 05:59:03,914 - __main__ - INFO - time: 0.300761938095
2016-05-04 05:59:04,005 - __main__ - INFO - Train Enu-SVM (nu, ratio, trial): (0.59999999999999998, 0.029999999999999999, 0)
2016-05-04 05:59:04,154 - __main__ - INFO - time: 0.142925024033
2016-05-04 05:59:04,231 - __main__ - INFO - Train ER-SVM with Heuristics (nu, ratio, trial): (0.59999999999999998, 0.029999999999999999, 0)
2016-05-04 05:59:06,484 - __main__ - INFO - time: 2.25206708908
2016-05-04 05:59:06,566 - __main__ - INFO - Train ramp loss SVM (C, ratio, trial): 1.0
2016-05-04 05:59:06,624 - __main__ - INFO - time: 0.0576300621033
2016-05-04 05:59:06,710 - __main__ - INFO - Train ER-SVM with DCA (nu, ratio, trial): (0.5, 0.029999999999999999, 0)
2016-05-04 05:59:07,007 - __main__ - INFO - time: 0.296770095825
2016-05-04 05:59:07,084 - __main__ - INFO - Train Enu-SVM (nu, ratio, trial): (0.5, 0.029999999999999999, 0)
2016-05-04 05:59:07,210 - __main__ - INFO - time: 0.118178129196
2016-05-04 05:59:07,302 - __main__ - INFO - Train ER-SVM with Heuristics (nu, ratio, trial): (0.5, 0.029999999999999999, 0)
2016-05-04 05:59:09,911 - __main__ - INFO - time: 2.60885500908
2016-05-04 05:59:10,117 - __main__ - INFO - Train ramp loss SVM (C, ratio, trial): 0.2
2016-05-04 05:59:10,176 - __main__ - INFO - time: 0.0576820373535
2016-05-04 05:59:10,259 - __main__ - INFO - Train ER-SVM with DCA (nu, ratio, trial): (0.40000000000000002, 0.029999999999999999, 0)
2016-05-04 05:59:10,604 - __main__ - INFO - time: 0.344628095627
2016-05-04 05:59:10,687 - __main__ - INFO - Train Enu-SVM (nu, ratio, trial): (0.40000000000000002, 0.029999999999999999, 0)
2016-05-04 05:59:10,832 - __main__ - INFO - time: 0.139314889908
2016-05-04 05:59:10,909 - __main__ - INFO - Train ER-SVM with Heuristics (nu, ratio, trial): (0.40000000000000002, 0.029999999999999999, 0)
