2016-04-30 04:27:44,192 - __main__ - INFO - info test
2016-04-30 04:27:45,188 - __main__ - INFO - Train ramp loss SVM (C, ratio, trial): 625.0
2016-04-30 04:27:45,297 - __main__ - INFO - time: 0.108325004578
2016-04-30 04:27:45,338 - __main__ - INFO - Train ER-SVM with DCA (nu, ratio, trial): (0.94999999999999996, 0.0, 0)
2016-04-30 04:27:46,210 - __main__ - INFO - time: 0.870231151581
2016-04-30 04:27:46,243 - __main__ - INFO - Train Enu-SVM (nu, ratio, trial): (0.94999999999999996, 0.0, 0)
2016-04-30 04:27:46,676 - __main__ - INFO - time: 0.422402858734
2016-04-30 04:27:46,710 - __main__ - INFO - Train ER-SVM with Heuristics (nu, ratio, trial): (0.94999999999999996, 0.0, 0)
2016-04-30 04:27:46,710 - __main__ - INFO - time: 6.00814819336e-05
2016-04-30 04:27:46,744 - __main__ - INFO - Train ramp loss SVM (C, ratio, trial): 125.0
2016-04-30 04:27:46,807 - __main__ - INFO - time: 0.0621180534363
2016-04-30 04:27:46,844 - __main__ - INFO - Train ER-SVM with DCA (nu, ratio, trial): (0.91249999999999998, 0.0, 0)
2016-04-30 04:27:47,658 - __main__ - INFO - time: 0.81303691864
2016-04-30 04:27:47,691 - __main__ - INFO - Train Enu-SVM (nu, ratio, trial): (0.91249999999999998, 0.0, 0)
2016-04-30 04:27:48,019 - __main__ - INFO - time: 0.318432092667
2016-04-30 04:27:48,053 - __main__ - INFO - Train ER-SVM with Heuristics (nu, ratio, trial): (0.91249999999999998, 0.0, 0)
2016-04-30 04:27:48,489 - __main__ - INFO - time: 0.435463905334
2016-04-30 04:27:48,523 - __main__ - INFO - Train ramp loss SVM (C, ratio, trial): 25.0
2016-04-30 04:27:48,585 - __main__ - INFO - time: 0.0618598461151
2016-04-30 04:27:48,619 - __main__ - INFO - Train ER-SVM with DCA (nu, ratio, trial): (0.875, 0.0, 0)
2016-04-30 04:27:49,563 - __main__ - INFO - time: 0.942401170731
2016-04-30 04:27:49,597 - __main__ - INFO - Train Enu-SVM (nu, ratio, trial): (0.875, 0.0, 0)
2016-04-30 04:27:49,918 - __main__ - INFO - time: 0.310749053955
2016-04-30 04:27:49,952 - __main__ - INFO - Train ER-SVM with Heuristics (nu, ratio, trial): (0.875, 0.0, 0)
2016-04-30 04:27:51,171 - __main__ - INFO - time: 1.21873784065
2016-04-30 04:27:51,205 - __main__ - INFO - Train ramp loss SVM (C, ratio, trial): 5.0
2016-04-30 04:27:51,269 - __main__ - INFO - time: 0.0635080337524
2016-04-30 04:27:51,303 - __main__ - INFO - Train ER-SVM with DCA (nu, ratio, trial): (0.83750000000000002, 0.0, 0)
2016-04-30 04:27:52,034 - __main__ - INFO - time: 0.729158163071
2016-04-30 04:27:52,067 - __main__ - INFO - Train Enu-SVM (nu, ratio, trial): (0.83750000000000002, 0.0, 0)
2016-04-30 04:27:52,387 - __main__ - INFO - time: 0.310417175293
2016-04-30 04:27:52,421 - __main__ - INFO - Train ER-SVM with Heuristics (nu, ratio, trial): (0.83750000000000002, 0.0, 0)
2016-04-30 04:27:53,937 - __main__ - INFO - time: 1.5158560276
2016-04-30 04:27:53,971 - __main__ - INFO - Train ramp loss SVM (C, ratio, trial): 1.0
2016-04-30 04:27:54,033 - __main__ - INFO - time: 0.0613639354706
2016-04-30 04:27:54,067 - __main__ - INFO - Train ER-SVM with DCA (nu, ratio, trial): (0.80000000000000004, 0.0, 0)
2016-04-30 04:27:54,778 - __main__ - INFO - time: 0.709442138672
2016-04-30 04:27:54,811 - __main__ - INFO - Train Enu-SVM (nu, ratio, trial): (0.80000000000000004, 0.0, 0)
2016-04-30 04:27:55,145 - __main__ - INFO - time: 0.324174880981
2016-04-30 04:27:55,181 - __main__ - INFO - Train ER-SVM with Heuristics (nu, ratio, trial): (0.80000000000000004, 0.0, 0)
2016-04-30 04:27:58,101 - __main__ - INFO - time: 2.91920900345
2016-04-30 04:27:58,135 - __main__ - INFO - Train ramp loss SVM (C, ratio, trial): 0.2
2016-04-30 04:27:58,197 - __main__ - INFO - time: 0.0614829063416
2016-04-30 04:27:58,231 - __main__ - INFO - Train ER-SVM with DCA (nu, ratio, trial): (0.76249999999999996, 0.0, 0)
2016-04-30 04:27:59,042 - __main__ - INFO - time: 0.809319019318
2016-04-30 04:27:59,075 - __main__ - INFO - Train Enu-SVM (nu, ratio, trial): (0.76249999999999996, 0.0, 0)
2016-04-30 04:27:59,512 - __main__ - INFO - time: 0.421772003174
2016-04-30 04:27:59,546 - __main__ - INFO - Train ER-SVM with Heuristics (nu, ratio, trial): (0.76249999999999996, 0.0, 0)
2016-04-30 04:28:02,932 - __main__ - INFO - time: 3.38499879837
2016-04-30 04:28:02,965 - __main__ - INFO - Train ramp loss SVM (C, ratio, trial): 0.04
2016-04-30 04:28:03,028 - __main__ - INFO - time: 0.0618758201599
2016-04-30 04:28:03,062 - __main__ - INFO - Train ER-SVM with DCA (nu, ratio, trial): (0.72499999999999998, 0.0, 0)
2016-04-30 04:28:03,906 - __main__ - INFO - time: 0.842550039291
2016-04-30 04:28:03,940 - __main__ - INFO - Train Enu-SVM (nu, ratio, trial): (0.72499999999999998, 0.0, 0)
2016-04-30 04:28:04,288 - __main__ - INFO - time: 0.332159996033
2016-04-30 04:28:04,322 - __main__ - INFO - Train ER-SVM with Heuristics (nu, ratio, trial): (0.72499999999999998, 0.0, 0)
2016-04-30 04:28:08,280 - __main__ - INFO - time: 3.95754289627
2016-04-30 04:28:08,315 - __main__ - INFO - Train ramp loss SVM (C, ratio, trial): 0.008
2016-04-30 04:28:08,380 - __main__ - INFO - time: 0.0642879009247
2016-04-30 04:28:08,414 - __main__ - INFO - Train ER-SVM with DCA (nu, ratio, trial): (0.6875, 0.0, 0)
2016-04-30 04:28:09,162 - __main__ - INFO - time: 0.747019052505
2016-04-30 04:28:09,195 - __main__ - INFO - Train Enu-SVM (nu, ratio, trial): (0.6875, 0.0, 0)
2016-04-30 04:28:09,525 - __main__ - INFO - time: 0.320040941238
2016-04-30 04:28:09,559 - __main__ - INFO - Train ER-SVM with Heuristics (nu, ratio, trial): (0.6875, 0.0, 0)
2016-04-30 04:28:14,629 - __main__ - INFO - time: 5.06957387924
2016-04-30 04:28:14,663 - __main__ - INFO - Train ramp loss SVM (C, ratio, trial): 0.0016
2016-04-30 04:28:14,722 - __main__ - INFO - time: 0.0588390827179
2016-04-30 04:28:14,756 - __main__ - INFO - Train ER-SVM with DCA (nu, ratio, trial): (0.65000000000000002, 0.0, 0)
2016-04-30 04:28:15,634 - __main__ - INFO - time: 0.875720024109
2016-04-30 04:28:15,668 - __main__ - INFO - Train Enu-SVM (nu, ratio, trial): (0.65000000000000002, 0.0, 0)
2016-04-30 04:28:16,008 - __main__ - INFO - time: 0.324221849442
2016-04-30 04:28:16,046 - __main__ - INFO - Train ER-SVM with Heuristics (nu, ratio, trial): (0.65000000000000002, 0.0, 0)
2016-04-30 04:28:21,252 - __main__ - INFO - time: 5.20630908012
2016-04-30 04:28:21,293 - __main__ - INFO - Train ramp loss SVM (C, ratio, trial): 625.0
2016-04-30 04:28:21,355 - __main__ - INFO - time: 0.061096906662
2016-04-30 04:28:21,390 - __main__ - INFO - Train ER-SVM with DCA (nu, ratio, trial): (0.94999999999999996, 0.029999999999999999, 0)
2016-04-30 04:28:22,369 - __main__ - INFO - time: 0.976680994034
2016-04-30 04:28:22,401 - __main__ - INFO - Train Enu-SVM (nu, ratio, trial): (0.94999999999999996, 0.029999999999999999, 0)
2016-04-30 04:28:22,741 - __main__ - INFO - time: 0.324307918549
2016-04-30 04:28:22,782 - __main__ - INFO - Train ER-SVM with Heuristics (nu, ratio, trial): (0.94999999999999996, 0.029999999999999999, 0)
2016-04-30 04:28:22,782 - __main__ - INFO - time: 6.103515625e-05
2016-04-30 04:28:22,816 - __main__ - INFO - Train ramp loss SVM (C, ratio, trial): 125.0
2016-04-30 04:28:22,877 - __main__ - INFO - time: 0.0611469745636
2016-04-30 04:28:22,912 - __main__ - INFO - Train ER-SVM with DCA (nu, ratio, trial): (0.91249999999999998, 0.029999999999999999, 0)
2016-04-30 04:28:23,613 - __main__ - INFO - time: 0.700341939926
2016-04-30 04:28:23,646 - __main__ - INFO - Train Enu-SVM (nu, ratio, trial): (0.91249999999999998, 0.029999999999999999, 0)
2016-04-30 04:28:23,981 - __main__ - INFO - time: 0.32439494133
2016-04-30 04:28:24,017 - __main__ - INFO - Train ER-SVM with Heuristics (nu, ratio, trial): (0.91249999999999998, 0.029999999999999999, 0)
2016-04-30 04:28:24,017 - __main__ - INFO - time: 5.98430633545e-05
2016-04-30 04:28:24,050 - __main__ - INFO - Train ramp loss SVM (C, ratio, trial): 25.0
2016-04-30 04:28:24,113 - __main__ - INFO - time: 0.0621058940887
2016-04-30 04:28:24,148 - __main__ - INFO - Train ER-SVM with DCA (nu, ratio, trial): (0.875, 0.029999999999999999, 0)
2016-04-30 04:28:25,141 - __main__ - INFO - time: 0.991903066635
2016-04-30 04:28:25,162 - __main__ - INFO - Train Enu-SVM (nu, ratio, trial): (0.875, 0.029999999999999999, 0)
2016-04-30 04:28:25,498 - __main__ - INFO - time: 0.322936058044
2016-04-30 04:28:25,531 - __main__ - INFO - Train ER-SVM with Heuristics (nu, ratio, trial): (0.875, 0.029999999999999999, 0)
2016-04-30 04:28:25,867 - __main__ - INFO - time: 0.33543419838
2016-04-30 04:28:25,901 - __main__ - INFO - Train ramp loss SVM (C, ratio, trial): 5.0
2016-04-30 04:28:25,966 - __main__ - INFO - time: 0.0648910999298
2016-04-30 04:28:26,000 - __main__ - INFO - Train ER-SVM with DCA (nu, ratio, trial): (0.83750000000000002, 0.029999999999999999, 0)
2016-04-30 04:28:26,858 - __main__ - INFO - time: 0.856464147568
2016-04-30 04:28:26,891 - __main__ - INFO - Train Enu-SVM (nu, ratio, trial): (0.83750000000000002, 0.029999999999999999, 0)
2016-04-30 04:28:27,230 - __main__ - INFO - time: 0.328997135162
2016-04-30 04:28:27,263 - __main__ - INFO - Train ER-SVM with Heuristics (nu, ratio, trial): (0.83750000000000002, 0.029999999999999999, 0)
2016-04-30 04:28:28,379 - __main__ - INFO - time: 1.115858078
2016-04-30 04:28:28,413 - __main__ - INFO - Train ramp loss SVM (C, ratio, trial): 1.0
2016-04-30 04:28:28,476 - __main__ - INFO - time: 0.0621471405029
2016-04-30 04:28:28,510 - __main__ - INFO - Train ER-SVM with DCA (nu, ratio, trial): (0.80000000000000004, 0.029999999999999999, 0)
2016-04-30 04:28:29,300 - __main__ - INFO - time: 0.788800001144
2016-04-30 04:28:29,332 - __main__ - INFO - Train Enu-SVM (nu, ratio, trial): (0.80000000000000004, 0.029999999999999999, 0)
2016-04-30 04:28:29,788 - __main__ - INFO - time: 0.441448926926
2016-04-30 04:28:29,822 - __main__ - INFO - Train ER-SVM with Heuristics (nu, ratio, trial): (0.80000000000000004, 0.029999999999999999, 0)
2016-04-30 04:28:31,511 - __main__ - INFO - time: 1.68951487541
2016-04-30 04:28:31,540 - __main__ - INFO - Train ramp loss SVM (C, ratio, trial): 0.2
2016-04-30 04:28:31,603 - __main__ - INFO - time: 0.0627269744873
2016-04-30 04:28:31,637 - __main__ - INFO - Train ER-SVM with DCA (nu, ratio, trial): (0.76249999999999996, 0.029999999999999999, 0)
2016-04-30 04:28:32,398 - __main__ - INFO - time: 0.759403944016
2016-04-30 04:28:32,433 - __main__ - INFO - Train Enu-SVM (nu, ratio, trial): (0.76249999999999996, 0.029999999999999999, 0)
2016-04-30 04:28:32,795 - __main__ - INFO - time: 0.351404905319
2016-04-30 04:28:32,829 - __main__ - INFO - Train ER-SVM with Heuristics (nu, ratio, trial): (0.76249999999999996, 0.029999999999999999, 0)
2016-04-30 04:28:35,308 - __main__ - INFO - time: 2.47946190834
2016-04-30 04:28:35,342 - __main__ - INFO - Train ramp loss SVM (C, ratio, trial): 0.04
2016-04-30 04:28:35,403 - __main__ - INFO - time: 0.0607919692993
2016-04-30 04:28:35,438 - __main__ - INFO - Train ER-SVM with DCA (nu, ratio, trial): (0.72499999999999998, 0.029999999999999999, 0)
2016-04-30 04:28:36,328 - __main__ - INFO - time: 0.88786816597
2016-04-30 04:28:36,361 - __main__ - INFO - Train Enu-SVM (nu, ratio, trial): (0.72499999999999998, 0.029999999999999999, 0)
2016-04-30 04:28:36,693 - __main__ - INFO - time: 0.322448015213
2016-04-30 04:28:36,729 - __main__ - INFO - Train ER-SVM with Heuristics (nu, ratio, trial): (0.72499999999999998, 0.029999999999999999, 0)
2016-04-30 04:28:39,866 - __main__ - INFO - time: 3.13653707504
2016-04-30 04:28:39,900 - __main__ - INFO - Train ramp loss SVM (C, ratio, trial): 0.008
2016-04-30 04:28:39,965 - __main__ - INFO - time: 0.0646388530731
2016-04-30 04:28:39,999 - __main__ - INFO - Train ER-SVM with DCA (nu, ratio, trial): (0.6875, 0.029999999999999999, 0)
2016-04-30 04:28:40,877 - __main__ - INFO - time: 0.876779794693
2016-04-30 04:28:40,910 - __main__ - INFO - Train Enu-SVM (nu, ratio, trial): (0.6875, 0.029999999999999999, 0)
2016-04-30 04:28:41,236 - __main__ - INFO - time: 0.315658092499
2016-04-30 04:28:41,270 - __main__ - INFO - Train ER-SVM with Heuristics (nu, ratio, trial): (0.6875, 0.029999999999999999, 0)
2016-04-30 04:28:44,970 - __main__ - INFO - time: 3.70011091232
2016-04-30 04:28:45,004 - __main__ - INFO - Train ramp loss SVM (C, ratio, trial): 0.0016
2016-04-30 04:28:45,064 - __main__ - INFO - time: 0.0596809387207
2016-04-30 04:28:45,098 - __main__ - INFO - Train ER-SVM with DCA (nu, ratio, trial): (0.65000000000000002, 0.029999999999999999, 0)
2016-04-30 04:28:45,826 - __main__ - INFO - time: 0.726510047913
2016-04-30 04:28:45,859 - __main__ - INFO - Train Enu-SVM (nu, ratio, trial): (0.65000000000000002, 0.029999999999999999, 0)
2016-04-30 04:28:46,199 - __main__ - INFO - time: 0.326449871063
2016-04-30 04:28:46,238 - __main__ - INFO - Train ER-SVM with Heuristics (nu, ratio, trial): (0.65000000000000002, 0.029999999999999999, 0)
2016-04-30 04:28:50,903 - __main__ - INFO - time: 4.66527199745
2016-04-30 04:28:50,941 - __main__ - INFO - Train ramp loss SVM (C, ratio, trial): 625.0
2016-04-30 04:28:51,003 - __main__ - INFO - time: 0.0619349479675
2016-04-30 04:28:51,038 - __main__ - INFO - Train ER-SVM with DCA (nu, ratio, trial): (0.94999999999999996, 0.050000000000000003, 0)
2016-04-30 04:28:51,954 - __main__ - INFO - time: 0.914197921753
2016-04-30 04:28:51,987 - __main__ - INFO - Train Enu-SVM (nu, ratio, trial): (0.94999999999999996, 0.050000000000000003, 0)
2016-04-30 04:28:52,332 - __main__ - INFO - time: 0.334683179855
2016-04-30 04:28:52,366 - __main__ - INFO - Train ER-SVM with Heuristics (nu, ratio, trial): (0.94999999999999996, 0.050000000000000003, 0)
2016-04-30 04:28:52,701 - __main__ - INFO - time: 0.334845066071
2016-04-30 04:28:52,735 - __main__ - INFO - Train ramp loss SVM (C, ratio, trial): 125.0
2016-04-30 04:28:52,798 - __main__ - INFO - time: 0.0627400875092
2016-04-30 04:28:52,833 - __main__ - INFO - Train ER-SVM with DCA (nu, ratio, trial): (0.91249999999999998, 0.050000000000000003, 0)
2016-04-30 04:28:53,699 - __main__ - INFO - time: 0.863675117493
2016-04-30 04:28:53,732 - __main__ - INFO - Train Enu-SVM (nu, ratio, trial): (0.91249999999999998, 0.050000000000000003, 0)
2016-04-30 04:28:54,080 - __main__ - INFO - time: 0.329457998276
2016-04-30 04:28:54,118 - __main__ - INFO - Train ER-SVM with Heuristics (nu, ratio, trial): (0.91249999999999998, 0.050000000000000003, 0)
2016-04-30 04:28:55,140 - __main__ - INFO - time: 1.02114892006
2016-04-30 04:28:55,176 - __main__ - INFO - Train ramp loss SVM (C, ratio, trial): 25.0
2016-04-30 04:28:55,238 - __main__ - INFO - time: 0.0620429515839
2016-04-30 04:28:55,272 - __main__ - INFO - Train ER-SVM with DCA (nu, ratio, trial): (0.875, 0.050000000000000003, 0)
2016-04-30 04:28:56,050 - __main__ - INFO - time: 0.776129961014
2016-04-30 04:28:56,084 - __main__ - INFO - Train Enu-SVM (nu, ratio, trial): (0.875, 0.050000000000000003, 0)
2016-04-30 04:28:56,423 - __main__ - INFO - time: 0.324512004852
2016-04-30 04:28:56,459 - __main__ - INFO - Train ER-SVM with Heuristics (nu, ratio, trial): (0.875, 0.050000000000000003, 0)
2016-04-30 04:28:58,875 - __main__ - INFO - time: 2.41562080383
2016-04-30 04:28:58,909 - __main__ - INFO - Train ramp loss SVM (C, ratio, trial): 5.0
2016-04-30 04:28:58,972 - __main__ - INFO - time: 0.062155008316
2016-04-30 04:28:59,006 - __main__ - INFO - Train ER-SVM with DCA (nu, ratio, trial): (0.83750000000000002, 0.050000000000000003, 0)
2016-04-30 04:29:00,039 - __main__ - INFO - time: 1.03156709671
2016-04-30 04:29:00,072 - __main__ - INFO - Train Enu-SVM (nu, ratio, trial): (0.83750000000000002, 0.050000000000000003, 0)
2016-04-30 04:29:00,407 - __main__ - INFO - time: 0.325321912766
2016-04-30 04:29:00,441 - __main__ - INFO - Train ER-SVM with Heuristics (nu, ratio, trial): (0.83750000000000002, 0.050000000000000003, 0)
2016-04-30 04:29:03,057 - __main__ - INFO - time: 2.61517906189
2016-04-30 04:29:03,090 - __main__ - INFO - Train ramp loss SVM (C, ratio, trial): 1.0
2016-04-30 04:29:03,156 - __main__ - INFO - time: 0.0651340484619
2016-04-30 04:29:03,190 - __main__ - INFO - Train ER-SVM with DCA (nu, ratio, trial): (0.80000000000000004, 0.050000000000000003, 0)
2016-04-30 04:29:04,074 - __main__ - INFO - time: 0.882180929184
2016-04-30 04:29:04,108 - __main__ - INFO - Train Enu-SVM (nu, ratio, trial): (0.80000000000000004, 0.050000000000000003, 0)
2016-04-30 04:29:04,456 - __main__ - INFO - time: 0.333268165588
2016-04-30 04:29:04,496 - __main__ - INFO - Train ER-SVM with Heuristics (nu, ratio, trial): (0.80000000000000004, 0.050000000000000003, 0)
2016-04-30 04:29:08,755 - __main__ - INFO - time: 4.25839209557
2016-04-30 04:29:08,789 - __main__ - INFO - Train ramp loss SVM (C, ratio, trial): 0.2
2016-04-30 04:29:08,852 - __main__ - INFO - time: 0.0623970031738
2016-04-30 04:29:08,886 - __main__ - INFO - Train ER-SVM with DCA (nu, ratio, trial): (0.76249999999999996, 0.050000000000000003, 0)
2016-04-30 04:29:09,749 - __main__ - INFO - time: 0.861207962036
2016-04-30 04:29:09,781 - __main__ - INFO - Train Enu-SVM (nu, ratio, trial): (0.76249999999999996, 0.050000000000000003, 0)
2016-04-30 04:29:10,123 - __main__ - INFO - time: 0.326071977615
2016-04-30 04:29:10,160 - __main__ - INFO - Train ER-SVM with Heuristics (nu, ratio, trial): (0.76249999999999996, 0.050000000000000003, 0)
2016-04-30 04:29:15,305 - __main__ - INFO - time: 5.14526081085
2016-04-30 04:29:15,339 - __main__ - INFO - Train ramp loss SVM (C, ratio, trial): 0.04
2016-04-30 04:29:15,402 - __main__ - INFO - time: 0.061919927597
2016-04-30 04:29:15,436 - __main__ - INFO - Train ER-SVM with DCA (nu, ratio, trial): (0.72499999999999998, 0.050000000000000003, 0)
2016-04-30 04:29:16,527 - __main__ - INFO - time: 1.08812785149
2016-04-30 04:29:16,563 - __main__ - INFO - Train Enu-SVM (nu, ratio, trial): (0.72499999999999998, 0.050000000000000003, 0)
2016-04-30 04:29:16,888 - __main__ - INFO - time: 0.314011096954
2016-04-30 04:29:16,926 - __main__ - INFO - Train ER-SVM with Heuristics (nu, ratio, trial): (0.72499999999999998, 0.050000000000000003, 0)
2016-04-30 04:29:22,409 - __main__ - INFO - time: 5.48325800896
2016-04-30 04:29:22,443 - __main__ - INFO - Train ramp loss SVM (C, ratio, trial): 0.008
2016-04-30 04:29:22,506 - __main__ - INFO - time: 0.0619518756866
2016-04-30 04:29:22,540 - __main__ - INFO - Train ER-SVM with DCA (nu, ratio, trial): (0.6875, 0.050000000000000003, 0)
2016-04-30 04:29:23,481 - __main__ - INFO - time: 0.939229011536
2016-04-30 04:29:23,513 - __main__ - INFO - Train Enu-SVM (nu, ratio, trial): (0.6875, 0.050000000000000003, 0)
2016-04-30 04:29:23,844 - __main__ - INFO - time: 0.316232919693
2016-04-30 04:29:23,879 - __main__ - INFO - Train ER-SVM with Heuristics (nu, ratio, trial): (0.6875, 0.050000000000000003, 0)
2016-04-30 04:29:32,614 - __main__ - INFO - time: 8.7354259491
2016-04-30 04:29:32,648 - __main__ - INFO - Train ramp loss SVM (C, ratio, trial): 0.0016
2016-04-30 04:29:32,708 - __main__ - INFO - time: 0.0589962005615
2016-04-30 04:29:32,742 - __main__ - INFO - Train ER-SVM with DCA (nu, ratio, trial): (0.65000000000000002, 0.050000000000000003, 0)
2016-04-30 04:29:33,646 - __main__ - INFO - time: 0.902881860733
2016-04-30 04:29:33,680 - __main__ - INFO - Train Enu-SVM (nu, ratio, trial): (0.65000000000000002, 0.050000000000000003, 0)
2016-04-30 04:29:34,028 - __main__ - INFO - time: 0.337808847427
2016-04-30 04:29:34,064 - __main__ - INFO - Train ER-SVM with Heuristics (nu, ratio, trial): (0.65000000000000002, 0.050000000000000003, 0)
2016-04-30 04:29:41,743 - __main__ - INFO - time: 7.67875695229
2016-04-30 04:29:41,781 - __main__ - INFO - Train ramp loss SVM (C, ratio, trial): 625.0
2016-04-30 04:29:41,843 - __main__ - INFO - time: 0.0618059635162
2016-04-30 04:29:41,877 - __main__ - INFO - Train ER-SVM with DCA (nu, ratio, trial): (0.94999999999999996, 0.10000000000000001, 0)
2016-04-30 04:29:42,625 - __main__ - INFO - time: 0.745527982712
2016-04-30 04:29:42,657 - __main__ - INFO - Train Enu-SVM (nu, ratio, trial): (0.94999999999999996, 0.10000000000000001, 0)
2016-04-30 04:29:42,989 - __main__ - INFO - time: 0.316923141479
2016-04-30 04:29:43,023 - __main__ - INFO - Train ER-SVM with Heuristics (nu, ratio, trial): (0.94999999999999996, 0.10000000000000001, 0)
2016-04-30 04:29:43,678 - __main__ - INFO - time: 0.654542922974
2016-04-30 04:29:43,712 - __main__ - INFO - Train ramp loss SVM (C, ratio, trial): 125.0
2016-04-30 04:29:43,775 - __main__ - INFO - time: 0.0620880126953
2016-04-30 04:29:43,809 - __main__ - INFO - Train ER-SVM with DCA (nu, ratio, trial): (0.91249999999999998, 0.10000000000000001, 0)
2016-04-30 04:29:44,574 - __main__ - INFO - time: 0.762139081955
2016-04-30 04:29:44,607 - __main__ - INFO - Train Enu-SVM (nu, ratio, trial): (0.91249999999999998, 0.10000000000000001, 0)
2016-04-30 04:29:44,937 - __main__ - INFO - time: 0.317992925644
2016-04-30 04:29:44,973 - __main__ - INFO - Train ER-SVM with Heuristics (nu, ratio, trial): (0.91249999999999998, 0.10000000000000001, 0)
2016-04-30 04:29:46,113 - __main__ - INFO - time: 1.1404800415
2016-04-30 04:29:46,144 - __main__ - INFO - Train ramp loss SVM (C, ratio, trial): 25.0
2016-04-30 04:29:46,209 - __main__ - INFO - time: 0.0637748241425
2016-04-30 04:29:46,243 - __main__ - INFO - Train ER-SVM with DCA (nu, ratio, trial): (0.875, 0.10000000000000001, 0)
2016-04-30 04:29:47,117 - __main__ - INFO - time: 0.8724360466
2016-04-30 04:29:47,152 - __main__ - INFO - Train Enu-SVM (nu, ratio, trial): (0.875, 0.10000000000000001, 0)
2016-04-30 04:29:47,476 - __main__ - INFO - time: 0.313304901123
2016-04-30 04:29:47,514 - __main__ - INFO - Train ER-SVM with Heuristics (nu, ratio, trial): (0.875, 0.10000000000000001, 0)
2016-04-30 04:29:49,489 - __main__ - INFO - time: 1.97507500648
2016-04-30 04:29:49,523 - __main__ - INFO - Train ramp loss SVM (C, ratio, trial): 5.0
2016-04-30 04:29:49,591 - __main__ - INFO - time: 0.0666599273682
2016-04-30 04:29:49,625 - __main__ - INFO - Train ER-SVM with DCA (nu, ratio, trial): (0.83750000000000002, 0.10000000000000001, 0)
2016-04-30 04:29:50,323 - __main__ - INFO - time: 0.696485996246
2016-04-30 04:29:50,357 - __main__ - INFO - Train Enu-SVM (nu, ratio, trial): (0.83750000000000002, 0.10000000000000001, 0)
2016-04-30 04:29:50,795 - __main__ - INFO - time: 0.427042007446
2016-04-30 04:29:50,829 - __main__ - INFO - Train ER-SVM with Heuristics (nu, ratio, trial): (0.83750000000000002, 0.10000000000000001, 0)
2016-04-30 04:29:53,528 - __main__ - INFO - time: 2.69949793816
2016-04-30 04:29:53,562 - __main__ - INFO - Train ramp loss SVM (C, ratio, trial): 1.0
2016-04-30 04:29:53,625 - __main__ - INFO - time: 0.0621781349182
2016-04-30 04:29:53,659 - __main__ - INFO - Train ER-SVM with DCA (nu, ratio, trial): (0.80000000000000004, 0.10000000000000001, 0)
2016-04-30 04:29:54,393 - __main__ - INFO - time: 0.732460021973
2016-04-30 04:29:54,426 - __main__ - INFO - Train Enu-SVM (nu, ratio, trial): (0.80000000000000004, 0.10000000000000001, 0)
2016-04-30 04:29:54,773 - __main__ - INFO - time: 0.331781864166
2016-04-30 04:29:54,807 - __main__ - INFO - Train ER-SVM with Heuristics (nu, ratio, trial): (0.80000000000000004, 0.10000000000000001, 0)
2016-04-30 04:29:59,242 - __main__ - INFO - time: 4.43518185616
2016-04-30 04:29:59,276 - __main__ - INFO - Train ramp loss SVM (C, ratio, trial): 0.2
2016-04-30 04:29:59,338 - __main__ - INFO - time: 0.0619790554047
2016-04-30 04:29:59,372 - __main__ - INFO - Train ER-SVM with DCA (nu, ratio, trial): (0.76249999999999996, 0.10000000000000001, 0)
2016-04-30 04:30:00,220 - __main__ - INFO - time: 0.846406936646
2016-04-30 04:30:00,254 - __main__ - INFO - Train Enu-SVM (nu, ratio, trial): (0.76249999999999996, 0.10000000000000001, 0)
2016-04-30 04:30:00,607 - __main__ - INFO - time: 0.340240001678
2016-04-30 04:30:00,641 - __main__ - INFO - Train ER-SVM with Heuristics (nu, ratio, trial): (0.76249999999999996, 0.10000000000000001, 0)
2016-04-30 04:30:06,154 - __main__ - INFO - time: 5.51208400726
2016-04-30 04:30:06,189 - __main__ - INFO - Train ramp loss SVM (C, ratio, trial): 0.04
2016-04-30 04:30:06,251 - __main__ - INFO - time: 0.062136888504
2016-04-30 04:30:06,286 - __main__ - INFO - Train ER-SVM with DCA (nu, ratio, trial): (0.72499999999999998, 0.10000000000000001, 0)
2016-04-30 04:30:07,184 - __main__ - INFO - time: 0.89652299881
2016-04-30 04:30:07,214 - __main__ - INFO - Train Enu-SVM (nu, ratio, trial): (0.72499999999999998, 0.10000000000000001, 0)
2016-04-30 04:30:07,645 - __main__ - INFO - time: 0.420860052109
2016-04-30 04:30:07,679 - __main__ - INFO - Train ER-SVM with Heuristics (nu, ratio, trial): (0.72499999999999998, 0.10000000000000001, 0)
2016-04-30 04:30:14,699 - __main__ - INFO - time: 7.01953005791
2016-04-30 04:30:14,733 - __main__ - INFO - Train ramp loss SVM (C, ratio, trial): 0.008
2016-04-30 04:30:14,795 - __main__ - INFO - time: 0.0622310638428
2016-04-30 04:30:14,829 - __main__ - INFO - Train ER-SVM with DCA (nu, ratio, trial): (0.6875, 0.10000000000000001, 0)
2016-04-30 04:30:15,737 - __main__ - INFO - time: 0.906155824661
2016-04-30 04:30:15,770 - __main__ - INFO - Train Enu-SVM (nu, ratio, trial): (0.6875, 0.10000000000000001, 0)
2016-04-30 04:30:16,135 - __main__ - INFO - time: 0.354126930237
2016-04-30 04:30:16,172 - __main__ - INFO - Train ER-SVM with Heuristics (nu, ratio, trial): (0.6875, 0.10000000000000001, 0)
2016-04-30 04:30:23,285 - __main__ - INFO - time: 7.11241388321
2016-04-30 04:30:23,319 - __main__ - INFO - Train ramp loss SVM (C, ratio, trial): 0.0016
2016-04-30 04:30:23,378 - __main__ - INFO - time: 0.0588738918304
2016-04-30 04:30:23,412 - __main__ - INFO - Train ER-SVM with DCA (nu, ratio, trial): (0.65000000000000002, 0.10000000000000001, 0)
2016-04-30 04:30:24,324 - __main__ - INFO - time: 0.91058588028
2016-04-30 04:30:24,356 - __main__ - INFO - Train Enu-SVM (nu, ratio, trial): (0.65000000000000002, 0.10000000000000001, 0)
2016-04-30 04:30:24,681 - __main__ - INFO - time: 0.310626983643
2016-04-30 04:30:24,715 - __main__ - INFO - Train ER-SVM with Heuristics (nu, ratio, trial): (0.65000000000000002, 0.10000000000000001, 0)
2016-04-30 04:30:32,687 - __main__ - INFO - time: 7.97189188004
2016-04-30 04:30:32,725 - __main__ - INFO - Train ramp loss SVM (C, ratio, trial): 625.0
2016-04-30 04:30:32,788 - __main__ - INFO - time: 0.0615921020508
2016-04-30 04:30:32,822 - __main__ - INFO - Train ER-SVM with DCA (nu, ratio, trial): (0.94999999999999996, 0.20000000000000001, 0)
2016-04-30 04:30:33,699 - __main__ - INFO - time: 0.875478982925
2016-04-30 04:30:33,732 - __main__ - INFO - Train Enu-SVM (nu, ratio, trial): (0.94999999999999996, 0.20000000000000001, 0)
2016-04-30 04:30:34,090 - __main__ - INFO - time: 0.344471931458
2016-04-30 04:30:34,124 - __main__ - INFO - Train ER-SVM with Heuristics (nu, ratio, trial): (0.94999999999999996, 0.20000000000000001, 0)
2016-04-30 04:30:34,125 - __main__ - INFO - time: 0.000168085098267
2016-04-30 04:30:34,162 - __main__ - INFO - Train ramp loss SVM (C, ratio, trial): 125.0
2016-04-30 04:30:34,225 - __main__ - INFO - time: 0.0617129802704
2016-04-30 04:30:34,259 - __main__ - INFO - Train ER-SVM with DCA (nu, ratio, trial): (0.91249999999999998, 0.20000000000000001, 0)
2016-04-30 04:30:35,013 - __main__ - INFO - time: 0.752724885941
2016-04-30 04:30:35,045 - __main__ - INFO - Train Enu-SVM (nu, ratio, trial): (0.91249999999999998, 0.20000000000000001, 0)
2016-04-30 04:30:35,371 - __main__ - INFO - time: 0.315896987915
2016-04-30 04:30:35,405 - __main__ - INFO - Train ER-SVM with Heuristics (nu, ratio, trial): (0.91249999999999998, 0.20000000000000001, 0)
2016-04-30 04:30:35,757 - __main__ - INFO - time: 0.351566076279
2016-04-30 04:30:35,791 - __main__ - INFO - Train ramp loss SVM (C, ratio, trial): 25.0
2016-04-30 04:30:35,853 - __main__ - INFO - time: 0.0614910125732
2016-04-30 04:30:35,887 - __main__ - INFO - Train ER-SVM with DCA (nu, ratio, trial): (0.875, 0.20000000000000001, 0)
2016-04-30 04:30:36,801 - __main__ - INFO - time: 0.913125038147
2016-04-30 04:30:36,834 - __main__ - INFO - Train Enu-SVM (nu, ratio, trial): (0.875, 0.20000000000000001, 0)
2016-04-30 04:30:37,177 - __main__ - INFO - time: 0.333216190338
2016-04-30 04:30:37,211 - __main__ - INFO - Train ER-SVM with Heuristics (nu, ratio, trial): (0.875, 0.20000000000000001, 0)
2016-04-30 04:30:38,208 - __main__ - INFO - time: 0.996779918671
2016-04-30 04:30:38,242 - __main__ - INFO - Train ramp loss SVM (C, ratio, trial): 5.0
2016-04-30 04:30:38,306 - __main__ - INFO - time: 0.0631551742554
2016-04-30 04:30:38,340 - __main__ - INFO - Train ER-SVM with DCA (nu, ratio, trial): (0.83750000000000002, 0.20000000000000001, 0)
2016-04-30 04:30:39,200 - __main__ - INFO - time: 0.8579621315
2016-04-30 04:30:39,234 - __main__ - INFO - Train Enu-SVM (nu, ratio, trial): (0.83750000000000002, 0.20000000000000001, 0)
2016-04-30 04:30:39,557 - __main__ - INFO - time: 0.312891960144
2016-04-30 04:30:39,590 - __main__ - INFO - Train ER-SVM with Heuristics (nu, ratio, trial): (0.83750000000000002, 0.20000000000000001, 0)
2016-04-30 04:30:43,065 - __main__ - INFO - time: 3.47445201874
2016-04-30 04:30:43,099 - __main__ - INFO - Train ramp loss SVM (C, ratio, trial): 1.0
2016-04-30 04:30:43,162 - __main__ - INFO - time: 0.0622100830078
2016-04-30 04:30:43,196 - __main__ - INFO - Train ER-SVM with DCA (nu, ratio, trial): (0.80000000000000004, 0.20000000000000001, 0)
2016-04-30 04:30:44,044 - __main__ - INFO - time: 0.846868038177
2016-04-30 04:30:44,077 - __main__ - INFO - Train Enu-SVM (nu, ratio, trial): (0.80000000000000004, 0.20000000000000001, 0)
2016-04-30 04:30:44,411 - __main__ - INFO - time: 0.323553085327
2016-04-30 04:30:44,444 - __main__ - INFO - Train ER-SVM with Heuristics (nu, ratio, trial): (0.80000000000000004, 0.20000000000000001, 0)
2016-04-30 04:30:50,713 - __main__ - INFO - time: 6.26892495155
2016-04-30 04:30:50,747 - __main__ - INFO - Train ramp loss SVM (C, ratio, trial): 0.2
2016-04-30 04:30:50,811 - __main__ - INFO - time: 0.0639588832855
2016-04-30 04:30:50,846 - __main__ - INFO - Train ER-SVM with DCA (nu, ratio, trial): (0.76249999999999996, 0.20000000000000001, 0)
2016-04-30 04:30:51,808 - __main__ - INFO - time: 0.960995912552
2016-04-30 04:30:51,841 - __main__ - INFO - Train Enu-SVM (nu, ratio, trial): (0.76249999999999996, 0.20000000000000001, 0)
2016-04-30 04:30:52,163 - __main__ - INFO - time: 0.312036991119
2016-04-30 04:30:52,197 - __main__ - INFO - Train ER-SVM with Heuristics (nu, ratio, trial): (0.76249999999999996, 0.20000000000000001, 0)
2016-04-30 04:30:59,050 - __main__ - INFO - time: 6.85272789001
2016-04-30 04:30:59,084 - __main__ - INFO - Train ramp loss SVM (C, ratio, trial): 0.04
2016-04-30 04:30:59,147 - __main__ - INFO - time: 0.062292098999
2016-04-30 04:30:59,181 - __main__ - INFO - Train ER-SVM with DCA (nu, ratio, trial): (0.72499999999999998, 0.20000000000000001, 0)
2016-04-30 04:31:00,197 - __main__ - INFO - time: 1.01361989975
2016-04-30 04:31:00,229 - __main__ - INFO - Train Enu-SVM (nu, ratio, trial): (0.72499999999999998, 0.20000000000000001, 0)
2016-04-30 04:31:00,577 - __main__ - INFO - time: 0.333822011948
2016-04-30 04:31:00,612 - __main__ - INFO - Train ER-SVM with Heuristics (nu, ratio, trial): (0.72499999999999998, 0.20000000000000001, 0)
2016-04-30 04:31:08,398 - __main__ - INFO - time: 7.78659296036
2016-04-30 04:31:08,432 - __main__ - INFO - Train ramp loss SVM (C, ratio, trial): 0.008
2016-04-30 04:31:08,497 - __main__ - INFO - time: 0.0645968914032
2016-04-30 04:31:08,532 - __main__ - INFO - Train ER-SVM with DCA (nu, ratio, trial): (0.6875, 0.20000000000000001, 0)
2016-04-30 04:31:09,392 - __main__ - INFO - time: 0.858503103256
2016-04-30 04:31:09,425 - __main__ - INFO - Train Enu-SVM (nu, ratio, trial): (0.6875, 0.20000000000000001, 0)
2016-04-30 04:31:09,749 - __main__ - INFO - time: 0.309010982513
2016-04-30 04:31:09,782 - __main__ - INFO - Train ER-SVM with Heuristics (nu, ratio, trial): (0.6875, 0.20000000000000001, 0)
2016-04-30 04:31:18,267 - __main__ - INFO - time: 8.48386287689
2016-04-30 04:31:18,300 - __main__ - INFO - Train ramp loss SVM (C, ratio, trial): 0.0016
2016-04-30 04:31:18,360 - __main__ - INFO - time: 0.0587010383606
2016-04-30 04:31:18,394 - __main__ - INFO - Train ER-SVM with DCA (nu, ratio, trial): (0.65000000000000002, 0.20000000000000001, 0)
2016-04-30 04:31:19,241 - __main__ - INFO - time: 0.845180988312
2016-04-30 04:31:19,274 - __main__ - INFO - Train Enu-SVM (nu, ratio, trial): (0.65000000000000002, 0.20000000000000001, 0)
2016-04-30 04:31:19,608 - __main__ - INFO - time: 0.323253154755
2016-04-30 04:31:19,647 - __main__ - INFO - Train ER-SVM with Heuristics (nu, ratio, trial): (0.65000000000000002, 0.20000000000000001, 0)
2016-04-30 04:31:27,425 - __main__ - INFO - time: 7.77833914757
2016-04-30 04:31:27,459 - __main__ - INFO - Training finished
